2004.05.29 18:20 B K:\Kalitara\Kalitara's Documents\Kalitara Web Page\Holiday3\hol0.jpg <-- 4Kali /personal/Holiday3 hol0.jpg
2004.05.29 18:20 B K:\Kalitara\Kalitara's Documents\Kalitara Web Page\Holiday3\hol1.jpg <-- 4Kali /personal/Holiday3 hol1.jpg
2004.05.29 18:20 B K:\Kalitara\Kalitara's Documents\Kalitara Web Page\Holiday3\hol10.jpg <-- 4Kali /personal/Holiday3 hol10.jpg
2004.05.29 18:21 B K:\Kalitara\Kalitara's Documents\Kalitara Web Page\Holiday3\hol11.jpg <-- 4Kali /personal/Holiday3 hol11.jpg
2004.05.29 18:21 B K:\Kalitara\Kalitara's Documents\Kalitara Web Page\Holiday3\hol2.jpg <-- 4Kali /personal/Holiday3 hol2.jpg
2004.05.29 18:21 B K:\Kalitara\Kalitara's Documents\Kalitara Web Page\Holiday3\hol3.jpg <-- 4Kali /personal/Holiday3 hol3.jpg
2004.05.29 18:21 B K:\Kalitara\Kalitara's Documents\Kalitara Web Page\Holiday3\hol4.jpg <-- 4Kali /personal/Holiday3 hol4.jpg
2004.05.29 18:21 B K:\Kalitara\Kalitara's Documents\Kalitara Web Page\Holiday3\hol5.jpg <-- 4Kali /personal/Holiday3 hol5.jpg
2004.05.29 18:21 B K:\Kalitara\Kalitara's Documents\Kalitara Web Page\Holiday3\hol6.jpg <-- 4Kali /personal/Holiday3 hol6.jpg
2004.05.29 18:21 B K:\Kalitara\Kalitara's Documents\Kalitara Web Page\Holiday3\hol7.jpg <-- 4Kali /personal/Holiday3 hol7.jpg
2004.05.29 18:21 B K:\Kalitara\Kalitara's Documents\Kalitara Web Page\Holiday3\hol8.jpg <-- 4Kali /personal/Holiday3 hol8.jpg
2004.05.29 18:21 B K:\Kalitara\Kalitara's Documents\Kalitara Web Page\Holiday3\hol9.jpg <-- 4Kali /personal/Holiday3 hol9.jpg
2004.05.29 18:21 B K:\Kalitara\Kalitara's Documents\Kalitara Web Page\Holiday3\Thumbs.db <-- 4Kali /personal/Holiday3 Thumbs.db
2004.10.19 10:48 B K:\Kalitara\Kalitara's Documents\Kalitara Web Page\Holiday3\hol0.jpg --> home.infostations.net /private/Holiday3 hol0.jpg
2004.10.19 10:48 B K:\Kalitara\Kalitara's Documents\Kalitara Web Page\Holiday3\hol1.jpg --> home.infostations.net /private/Holiday3 hol1.jpg
2004.10.19 10:49 B K:\Kalitara\Kalitara's Documents\Kalitara Web Page\Holiday3\hol10.jpg --> home.infostations.net /private/Holiday3 hol10.jpg
2004.10.19 10:49 B K:\Kalitara\Kalitara's Documents\Kalitara Web Page\Holiday3\hol11.jpg --> home.infostations.net /private/Holiday3 hol11.jpg
2004.10.19 10:49 B K:\Kalitara\Kalitara's Documents\Kalitara Web Page\Holiday3\hol2.jpg --> home.infostations.net /private/Holiday3 hol2.jpg
2004.10.19 10:49 B K:\Kalitara\Kalitara's Documents\Kalitara Web Page\Holiday3\hol3.jpg --> home.infostations.net /private/Holiday3 hol3.jpg
2004.10.19 10:49 B K:\Kalitara\Kalitara's Documents\Kalitara Web Page\Holiday3\hol4.jpg --> home.infostations.net /private/Holiday3 hol4.jpg
2004.10.19 10:49 B K:\Kalitara\Kalitara's Documents\Kalitara Web Page\Holiday3\hol5.jpg --> home.infostations.net /private/Holiday3 hol5.jpg
2004.10.19 10:49 B K:\Kalitara\Kalitara's Documents\Kalitara Web Page\Holiday3\hol6.jpg --> home.infostations.net /private/Holiday3 hol6.jpg
2004.10.19 10:50 B K:\Kalitara\Kalitara's Documents\Kalitara Web Page\Holiday3\hol7.jpg --> home.infostations.net /private/Holiday3 hol7.jpg
2004.10.19 10:50 B K:\Kalitara\Kalitara's Documents\Kalitara Web Page\Holiday3\hol8.jpg --> home.infostations.net /private/Holiday3 hol8.jpg
2004.10.19 10:50 B K:\Kalitara\Kalitara's Documents\Kalitara Web Page\Holiday3\hol9.jpg --> home.infostations.net /private/Holiday3 hol9.jpg
2004.10.19 10:50 B K:\Kalitara\Kalitara's Documents\Kalitara Web Page\Holiday3\Thumbs.db --> home.infostations.net /private/Holiday3 Thumbs.db
2004.10.19 10:50 B K:\Kalitara\Kalitara's Documents\Kalitara Web Page\Holiday3\WS_FTP.LOG --> home.infostations.net /private/Holiday3 WS_FTP.LOG
