2004.02.22 13:04 B K:\Kalitara\Kalitara's Documents\Kalitara Web Page\NS\before.jpg --> home.infostations.net /personal/NS before.jpg
2004.02.22 13:04 B K:\Kalitara\Kalitara's Documents\Kalitara Web Page\NS\firstfloorview.jpg --> home.infostations.net /personal/NS firstfloorview.jpg
2004.02.22 13:05 B K:\Kalitara\Kalitara's Documents\Kalitara Web Page\NS\frozenriver.jpg --> home.infostations.net /personal/NS frozenriver.jpg
2004.02.22 13:06 B K:\Kalitara\Kalitara's Documents\Kalitara Web Page\NS\GH4web.jpg --> home.infostations.net /personal/NS GH4web.jpg
2004.02.22 13:07 B K:\Kalitara\Kalitara's Documents\Kalitara Web Page\NS\GHview4web.jpg --> home.infostations.net /personal/NS GHview4web.jpg
2004.02.22 13:08 B K:\Kalitara\Kalitara's Documents\Kalitara Web Page\NS\thirdfloorview.jpg --> home.infostations.net /personal/NS thirdfloorview.jpg
2004.02.22 13:08 B K:\Kalitara\Kalitara's Documents\Kalitara Web Page\NS\Thumbs.db --> home.infostations.net /personal/NS Thumbs.db
2004.05.20 18:23 B K:\Kalitara\Kalitara's Documents\Kalitara Web Page\NS\middle.jpg --> home.infostations.net /personal/NS middle.jpg
2004.05.20 18:24 B K:\Kalitara\Kalitara's Documents\Kalitara Web Page\NS\oreofront.jpg --> home.infostations.net /personal/NS oreofront.jpg
2004.05.20 18:24 B K:\Kalitara\Kalitara's Documents\Kalitara Web Page\NS\sidebefore.jpg --> home.infostations.net /personal/NS sidebefore.jpg
2004.05.20 18:24 B K:\Kalitara\Kalitara's Documents\Kalitara Web Page\NS\sidehalf.jpg --> home.infostations.net /personal/NS sidehalf.jpg
2004.06.08 12:39 B K:\Kalitara\Kalitara's Documents\Kalitara Web Page\NS\kitbefore1.jpg --> home.infostations.net /personal/NS kitbefore1.jpg
2004.06.08 12:39 B K:\Kalitara\Kalitara's Documents\Kalitara Web Page\NS\kitbefore2.jpg --> home.infostations.net /personal/NS kitbefore2.jpg
2004.06.08 16:36 B K:\Kalitara\Kalitara's Documents\Kalitara Web Page\NS\kitmid1.jpg --> home.infostations.net /personal/NS kitmid1.jpg
2004.06.08 16:36 B K:\Kalitara\Kalitara's Documents\Kalitara Web Page\NS\kitmid2.jpg --> home.infostations.net /personal/NS kitmid2.jpg
2004.06.08 16:37 B K:\Kalitara\Kalitara's Documents\Kalitara Web Page\NS\kitbefore1.jpg --> home.infostations.net /personal/NS kitbefore1.jpg
2004.06.08 16:37 B K:\Kalitara\Kalitara's Documents\Kalitara Web Page\NS\kitbefore2.jpg --> home.infostations.net /personal/NS kitbefore2.jpg
2004.06.08 16:37 B K:\Kalitara\Kalitara's Documents\Kalitara Web Page\NS\kitmid1.jpg --> home.infostations.net /personal/NS kitmid1.jpg
2004.06.08 16:37 B K:\Kalitara\Kalitara's Documents\Kalitara Web Page\NS\kitmid2.jpg --> home.infostations.net /personal/NS kitmid2.jpg
2004.06.09 19:47 B K:\Kalitara\Kalitara's Documents\Kalitara Web Page\NS\granville.html --> home.infostations.net /personal granville.html
2004.06.09 19:48 B K:\Kalitara\Kalitara's Documents\Kalitara Web Page\NS\kitmid3.jpg --> home.infostations.net /personal/NS kitmid3.jpg
2004.07.08 06:53 B K:\Kalitara\Kalitara's Documents\Kalitara Web Page\NS\kitchencabinets.jpg --> home.infostations.net /personal/NS kitchencabinets.jpg
2004.07.08 06:53 B K:\Kalitara\Kalitara's Documents\Kalitara Web Page\NS\kitchentable.jpg --> home.infostations.net /personal/NS kitchentable.jpg
2004.07.08 06:53 B K:\Kalitara\Kalitara's Documents\Kalitara Web Page\NS\paintdone.jpg --> home.infostations.net /personal/NS paintdone.jpg
2004.07.08 06:53 B K:\Kalitara\Kalitara's Documents\Kalitara Web Page\NS\paintdoneside.jpg --> home.infostations.net /personal/NS paintdoneside.jpg
2004.07.15 08:14 B K:\Kalitara\Kalitara's Documents\Kalitara Web Page\NS\bathafter1.jpg --> home.infostations.net /personal/NS bathafter1.jpg
2004.07.15 08:14 B K:\Kalitara\Kalitara's Documents\Kalitara Web Page\NS\bathafter2.jpg --> home.infostations.net /personal/NS bathafter2.jpg
2004.07.15 08:14 B K:\Kalitara\Kalitara's Documents\Kalitara Web Page\NS\bathbefore.jpg --> home.infostations.net /personal/NS bathbefore.jpg
2004.07.15 08:15 B K:\Kalitara\Kalitara's Documents\Kalitara Web Page\NS\bathmom.jpg --> home.infostations.net /personal/NS bathmom.jpg
2004.07.19 09:39 B K:\Kalitara\Kalitara's Documents\Kalitara Web Page\NS\greatbefore.jpg --> home.infostations.net /personal/NS greatbefore.jpg
2004.07.19 09:39 B K:\Kalitara\Kalitara's Documents\Kalitara Web Page\NS\greatbefore2.jpg --> home.infostations.net /personal/NS greatbefore2.jpg
2004.07.19 09:39 B K:\Kalitara\Kalitara's Documents\Kalitara Web Page\NS\greatrmid.jpg --> home.infostations.net /personal/NS greatrmid.jpg
2004.07.19 09:39 B K:\Kalitara\Kalitara's Documents\Kalitara Web Page\NS\kitchencabinets.jpg --> home.infostations.net /personal/NS kitchencabinets.jpg
2004.07.21 09:59 B K:\Kalitara\Kalitara's Documents\Kalitara Web Page\NS\greatmid2.jpg --> home.infostations.net /personal/NS greatmid2.jpg
2004.07.21 09:59 B K:\Kalitara\Kalitara's Documents\Kalitara Web Page\NS\hallbefore.jpg --> home.infostations.net /personal/NS hallbefore.jpg
2004.07.21 09:59 B K:\Kalitara\Kalitara's Documents\Kalitara Web Page\NS\hallmid.jpg --> home.infostations.net /personal/NS hallmid.jpg
2004.07.21 09:59 B K:\Kalitara\Kalitara's Documents\Kalitara Web Page\NS\hallmid2.jpg --> home.infostations.net /personal/NS hallmid2.jpg
2004.07.21 09:59 B K:\Kalitara\Kalitara's Documents\Kalitara Web Page\NS\tudorbefore.jpg --> home.infostations.net /personal/NS tudorbefore.jpg
2004.07.21 09:59 B K:\Kalitara\Kalitara's Documents\Kalitara Web Page\NS\tudormid.jpg --> home.infostations.net /personal/NS tudormid.jpg
2004.07.25 19:33 B K:\Kalitara\Kalitara's Documents\Kalitara Web Page\NS\hallmid2.jpg --> home.infostations.net /personal/NS hallmid2.jpg
2004.07.25 19:39 B K:\Kalitara\Kalitara's Documents\Kalitara Web Page\NS\gardenheadboard.jpg --> home.infostations.net /personal/NS gardenheadboard.jpg
2004.07.25 19:39 B K:\Kalitara\Kalitara's Documents\Kalitara Web Page\NS\gardenmid.jpg --> home.infostations.net /personal/NS gardenmid.jpg
2004.07.25 19:39 B K:\Kalitara\Kalitara's Documents\Kalitara Web Page\NS\gardenmid2.jpg --> home.infostations.net /personal/NS gardenmid2.jpg
2004.07.25 19:41 B K:\Kalitara\Kalitara's Documents\Kalitara Web Page\NS\gardenbefore.jpg --> home.infostations.net /personal/NS gardenbefore.jpg
2004.07.29 20:51 B K:\Kalitara\Kalitara's Documents\Kalitara Web Page\NS\hallfin.jpg --> home.infostations.net /personal/NS hallfin.jpg
2004.07.29 20:51 B K:\Kalitara\Kalitara's Documents\Kalitara Web Page\NS\hallfin2.jpg --> home.infostations.net /personal/NS hallfin2.jpg
2004.07.29 20:51 B K:\Kalitara\Kalitara's Documents\Kalitara Web Page\NS\tudormid2.jpg --> home.infostations.net /personal/NS tudormid2.jpg
2004.07.31 14:08 B K:\Kalitara\Kalitara's Documents\Kalitara Web Page\NS\gardenfin.jpg --> home.infostations.net /personal/NS gardenfin.jpg
2004.07.31 17:34 B K:\Kalitara\Kalitara's Documents\Kalitara Web Page\NS\tudorfin.jpg --> home.infostations.net /personal/NS tudorfin.jpg
2004.07.31 17:34 B K:\Kalitara\Kalitara's Documents\Kalitara Web Page\NS\tudorfin2.jpg --> home.infostations.net /personal/NS tudorfin2.jpg
2004.10.19 12:29 B K:\Kalitara\Kalitara's Documents\Kalitara Web Page\NS\bathafter1.jpg --> home.infostations.net /private/NS bathafter1.jpg
2004.10.19 12:29 B K:\Kalitara\Kalitara's Documents\Kalitara Web Page\NS\bathafter2.jpg --> home.infostations.net /private/NS bathafter2.jpg
2004.10.19 12:29 B K:\Kalitara\Kalitara's Documents\Kalitara Web Page\NS\bathbefore.jpg --> home.infostations.net /private/NS bathbefore.jpg
2004.10.19 12:29 B K:\Kalitara\Kalitara's Documents\Kalitara Web Page\NS\bathmom.jpg --> home.infostations.net /private/NS bathmom.jpg
2004.10.19 12:30 B K:\Kalitara\Kalitara's Documents\Kalitara Web Page\NS\before.jpg --> home.infostations.net /private/NS before.jpg
2004.10.19 12:30 B K:\Kalitara\Kalitara's Documents\Kalitara Web Page\NS\firstfloorview.jpg --> home.infostations.net /private/NS firstfloorview.jpg
2004.10.19 12:30 B K:\Kalitara\Kalitara's Documents\Kalitara Web Page\NS\frozenriver.jpg --> home.infostations.net /private/NS frozenriver.jpg
2004.10.19 12:30 B K:\Kalitara\Kalitara's Documents\Kalitara Web Page\NS\gardenbefore.jpg --> home.infostations.net /private/NS gardenbefore.jpg
2004.10.19 12:30 B K:\Kalitara\Kalitara's Documents\Kalitara Web Page\NS\gardenfin.jpg --> home.infostations.net /private/NS gardenfin.jpg
2004.10.19 12:30 B K:\Kalitara\Kalitara's Documents\Kalitara Web Page\NS\gardenheadboard.jpg --> home.infostations.net /private/NS gardenheadboard.jpg
2004.10.19 12:30 B K:\Kalitara\Kalitara's Documents\Kalitara Web Page\NS\gardenmid.jpg --> home.infostations.net /private/NS gardenmid.jpg
2004.10.19 12:30 B K:\Kalitara\Kalitara's Documents\Kalitara Web Page\NS\gardenmid2.jpg --> home.infostations.net /private/NS gardenmid2.jpg
2004.10.19 12:30 B K:\Kalitara\Kalitara's Documents\Kalitara Web Page\NS\GH4web.jpg --> home.infostations.net /private/NS GH4web.jpg
2004.10.19 12:30 B K:\Kalitara\Kalitara's Documents\Kalitara Web Page\NS\GHview4web.jpg --> home.infostations.net /private/NS GHview4web.jpg
2004.10.19 12:30 B K:\Kalitara\Kalitara's Documents\Kalitara Web Page\NS\granvilleautumn.jpg --> home.infostations.net /private/NS granvilleautumn.jpg
2004.10.19 12:30 B K:\Kalitara\Kalitara's Documents\Kalitara Web Page\NS\greatbefore.jpg --> home.infostations.net /private/NS greatbefore.jpg
2004.10.19 12:30 B K:\Kalitara\Kalitara's Documents\Kalitara Web Page\NS\greatbefore2.jpg --> home.infostations.net /private/NS greatbefore2.jpg
2004.10.19 12:31 B K:\Kalitara\Kalitara's Documents\Kalitara Web Page\NS\greatmid.jpg --> home.infostations.net /private/NS greatmid.jpg
2004.10.19 12:31 B K:\Kalitara\Kalitara's Documents\Kalitara Web Page\NS\greatmid2.jpg --> home.infostations.net /private/NS greatmid2.jpg
2004.10.19 12:31 B K:\Kalitara\Kalitara's Documents\Kalitara Web Page\NS\hallbefore.jpg --> home.infostations.net /private/NS hallbefore.jpg
2004.10.19 12:31 B K:\Kalitara\Kalitara's Documents\Kalitara Web Page\NS\hallfin.jpg --> home.infostations.net /private/NS hallfin.jpg
2004.10.19 12:31 B K:\Kalitara\Kalitara's Documents\Kalitara Web Page\NS\hallfin2.jpg --> home.infostations.net /private/NS hallfin2.jpg
2004.10.19 12:31 B K:\Kalitara\Kalitara's Documents\Kalitara Web Page\NS\hallmid.jpg --> home.infostations.net /private/NS hallmid.jpg
2004.10.19 12:31 B K:\Kalitara\Kalitara's Documents\Kalitara Web Page\NS\hallmid2.jpg --> home.infostations.net /private/NS hallmid2.jpg
2004.10.19 12:31 B K:\Kalitara\Kalitara's Documents\Kalitara Web Page\NS\kitbefore1.jpg --> home.infostations.net /private/NS kitbefore1.jpg
2004.10.19 12:31 B K:\Kalitara\Kalitara's Documents\Kalitara Web Page\NS\kitbefore2.jpg --> home.infostations.net /private/NS kitbefore2.jpg
2004.10.19 12:31 B K:\Kalitara\Kalitara's Documents\Kalitara Web Page\NS\kitchencabinets.jpg --> home.infostations.net /private/NS kitchencabinets.jpg
2004.10.19 12:31 B K:\Kalitara\Kalitara's Documents\Kalitara Web Page\NS\kitchentable.jpg --> home.infostations.net /private/NS kitchentable.jpg
2004.10.19 12:31 B K:\Kalitara\Kalitara's Documents\Kalitara Web Page\NS\kitmid1.jpg --> home.infostations.net /private/NS kitmid1.jpg
2004.10.19 12:31 B K:\Kalitara\Kalitara's Documents\Kalitara Web Page\NS\kitmid2.jpg --> home.infostations.net /private/NS kitmid2.jpg
2004.10.19 12:31 B K:\Kalitara\Kalitara's Documents\Kalitara Web Page\NS\kitmid3.jpg --> home.infostations.net /private/NS kitmid3.jpg
2004.10.19 12:31 B K:\Kalitara\Kalitara's Documents\Kalitara Web Page\NS\middle.jpg --> home.infostations.net /private/NS middle.jpg
2004.10.19 12:31 B K:\Kalitara\Kalitara's Documents\Kalitara Web Page\NS\oreofront.jpg --> home.infostations.net /private/NS oreofront.jpg
2004.10.19 12:31 B K:\Kalitara\Kalitara's Documents\Kalitara Web Page\NS\paintdone.jpg --> home.infostations.net /private/NS paintdone.jpg
2004.10.19 12:31 B K:\Kalitara\Kalitara's Documents\Kalitara Web Page\NS\paintdoneside.jpg --> home.infostations.net /private/NS paintdoneside.jpg
2004.10.19 12:32 B K:\Kalitara\Kalitara's Documents\Kalitara Web Page\NS\sidebefore.jpg --> home.infostations.net /private/NS sidebefore.jpg
2004.10.19 12:32 B K:\Kalitara\Kalitara's Documents\Kalitara Web Page\NS\sidehalf.jpg --> home.infostations.net /private/NS sidehalf.jpg
2004.10.19 12:32 B K:\Kalitara\Kalitara's Documents\Kalitara Web Page\NS\thirdfloorview.jpg --> home.infostations.net /private/NS thirdfloorview.jpg
2004.10.19 12:32 B K:\Kalitara\Kalitara's Documents\Kalitara Web Page\NS\Thumbs.db --> home.infostations.net /private/NS Thumbs.db
2004.10.19 12:32 B K:\Kalitara\Kalitara's Documents\Kalitara Web Page\NS\tudorbefore.jpg --> home.infostations.net /private/NS tudorbefore.jpg
2004.10.19 12:32 B K:\Kalitara\Kalitara's Documents\Kalitara Web Page\NS\tudorfin.jpg --> home.infostations.net /private/NS tudorfin.jpg
2004.10.19 12:32 B K:\Kalitara\Kalitara's Documents\Kalitara Web Page\NS\tudorfin2.jpg --> home.infostations.net /private/NS tudorfin2.jpg
2004.10.19 12:32 B K:\Kalitara\Kalitara's Documents\Kalitara Web Page\NS\tudormid.jpg --> home.infostations.net /private/NS tudormid.jpg
2004.10.19 12:32 B K:\Kalitara\Kalitara's Documents\Kalitara Web Page\NS\tudormid2.jpg --> home.infostations.net /private/NS tudormid2.jpg
2004.10.19 12:32 B K:\Kalitara\Kalitara's Documents\Kalitara Web Page\NS\WS_FTP.LOG --> home.infostations.net /private/NS WS_FTP.LOG
