2004.06.30 11:16 B K:\Kalitara\Kalitara's Documents\Kalitara Web Page\Paris2\par1.jpg --> home.infostations.net /personal/Paris2 par1.jpg
2004.06.30 11:17 B K:\Kalitara\Kalitara's Documents\Kalitara Web Page\Paris2\par2.jpg --> home.infostations.net /personal/Paris2 par2.jpg
2004.06.30 11:21 B K:\Kalitara\Kalitara's Documents\Kalitara Web Page\Paris2\par2.jpg --> home.infostations.net /personal/Paris2 par2.jpg
2004.06.30 11:21 B K:\Kalitara\Kalitara's Documents\Kalitara Web Page\Paris2\par3.jpg --> home.infostations.net /personal/Paris2 par3.jpg
2004.06.30 13:17 B K:\Kalitara\Kalitara's Documents\Kalitara Web Page\Paris2\par1.jpg --> home.infostations.net /personal/Paris2 par1.jpg
2004.06.30 13:17 B K:\Kalitara\Kalitara's Documents\Kalitara Web Page\Paris2\par10.jpg --> home.infostations.net /personal/Paris2 par10.jpg
2004.06.30 13:17 B K:\Kalitara\Kalitara's Documents\Kalitara Web Page\Paris2\par11.jpg --> home.infostations.net /personal/Paris2 par11.jpg
2004.06.30 13:17 B K:\Kalitara\Kalitara's Documents\Kalitara Web Page\Paris2\par12.jpg --> home.infostations.net /personal/Paris2 par12.jpg
2004.06.30 13:17 B K:\Kalitara\Kalitara's Documents\Kalitara Web Page\Paris2\par13.jpg --> home.infostations.net /personal/Paris2 par13.jpg
2004.06.30 13:17 B K:\Kalitara\Kalitara's Documents\Kalitara Web Page\Paris2\par14-2.jpg --> home.infostations.net /personal/Paris2 par14-2.jpg
2004.06.30 13:17 B K:\Kalitara\Kalitara's Documents\Kalitara Web Page\Paris2\par14.jpg --> home.infostations.net /personal/Paris2 par14.jpg
2004.06.30 13:17 B K:\Kalitara\Kalitara's Documents\Kalitara Web Page\Paris2\par15.jpg --> home.infostations.net /personal/Paris2 par15.jpg
2004.06.30 13:17 B K:\Kalitara\Kalitara's Documents\Kalitara Web Page\Paris2\par16.jpg --> home.infostations.net /personal/Paris2 par16.jpg
2004.06.30 13:17 B K:\Kalitara\Kalitara's Documents\Kalitara Web Page\Paris2\par17.jpg --> home.infostations.net /personal/Paris2 par17.jpg
2004.06.30 13:17 B K:\Kalitara\Kalitara's Documents\Kalitara Web Page\Paris2\par18.jpg --> home.infostations.net /personal/Paris2 par18.jpg
2004.06.30 13:17 B K:\Kalitara\Kalitara's Documents\Kalitara Web Page\Paris2\par19.jpg --> home.infostations.net /personal/Paris2 par19.jpg
2004.06.30 13:17 B K:\Kalitara\Kalitara's Documents\Kalitara Web Page\Paris2\par2.jpg --> home.infostations.net /personal/Paris2 par2.jpg
2004.06.30 13:17 B K:\Kalitara\Kalitara's Documents\Kalitara Web Page\Paris2\par20.jpg --> home.infostations.net /personal/Paris2 par20.jpg
2004.06.30 13:17 B K:\Kalitara\Kalitara's Documents\Kalitara Web Page\Paris2\par21.jpg --> home.infostations.net /personal/Paris2 par21.jpg
2004.06.30 13:17 B K:\Kalitara\Kalitara's Documents\Kalitara Web Page\Paris2\par22.jpg --> home.infostations.net /personal/Paris2 par22.jpg
2004.06.30 13:17 B K:\Kalitara\Kalitara's Documents\Kalitara Web Page\Paris2\par23.jpg --> home.infostations.net /personal/Paris2 par23.jpg
2004.06.30 13:17 B K:\Kalitara\Kalitara's Documents\Kalitara Web Page\Paris2\par24.jpg --> home.infostations.net /personal/Paris2 par24.jpg
2004.06.30 13:17 B K:\Kalitara\Kalitara's Documents\Kalitara Web Page\Paris2\par25.jpg --> home.infostations.net /personal/Paris2 par25.jpg
2004.06.30 13:17 B K:\Kalitara\Kalitara's Documents\Kalitara Web Page\Paris2\par26.jpg --> home.infostations.net /personal/Paris2 par26.jpg
2004.06.30 13:18 B K:\Kalitara\Kalitara's Documents\Kalitara Web Page\Paris2\par27.jpg --> home.infostations.net /personal/Paris2 par27.jpg
2004.06.30 13:18 B K:\Kalitara\Kalitara's Documents\Kalitara Web Page\Paris2\par3.jpg --> home.infostations.net /personal/Paris2 par3.jpg
2004.06.30 13:18 B K:\Kalitara\Kalitara's Documents\Kalitara Web Page\Paris2\par4.jpg --> home.infostations.net /personal/Paris2 par4.jpg
2004.06.30 13:18 B K:\Kalitara\Kalitara's Documents\Kalitara Web Page\Paris2\par5.jpg --> home.infostations.net /personal/Paris2 par5.jpg
2004.06.30 13:18 B K:\Kalitara\Kalitara's Documents\Kalitara Web Page\Paris2\par6.jpg --> home.infostations.net /personal/Paris2 par6.jpg
2004.06.30 13:18 B K:\Kalitara\Kalitara's Documents\Kalitara Web Page\Paris2\par7.jpg --> home.infostations.net /personal/Paris2 par7.jpg
2004.06.30 13:18 B K:\Kalitara\Kalitara's Documents\Kalitara Web Page\Paris2\par8.jpg --> home.infostations.net /personal/Paris2 par8.jpg
2004.06.30 13:18 B K:\Kalitara\Kalitara's Documents\Kalitara Web Page\Paris2\par9.jpg --> home.infostations.net /personal/Paris2 par9.jpg
2004.06.30 13:42 B K:\Kalitara\Kalitara's Documents\Kalitara Web Page\Paris2\par28.jpg --> home.infostations.net /personal/Paris2 par28.jpg
2004.06.30 13:42 B K:\Kalitara\Kalitara's Documents\Kalitara Web Page\Paris2\par29.jpg --> home.infostations.net /personal/Paris2 par29.jpg
2004.06.30 13:42 B K:\Kalitara\Kalitara's Documents\Kalitara Web Page\Paris2\par3.jpg --> home.infostations.net /personal/Paris2 par3.jpg
2004.06.30 13:42 B K:\Kalitara\Kalitara's Documents\Kalitara Web Page\Paris2\par30.jpg --> home.infostations.net /personal/Paris2 par30.jpg
2004.06.30 13:42 B K:\Kalitara\Kalitara's Documents\Kalitara Web Page\Paris2\par31.jpg --> home.infostations.net /personal/Paris2 par31.jpg
2004.06.30 13:43 B K:\Kalitara\Kalitara's Documents\Kalitara Web Page\Paris2\par32.jpg --> home.infostations.net /personal/Paris2 par32.jpg
2004.06.30 13:43 B K:\Kalitara\Kalitara's Documents\Kalitara Web Page\Paris2\par33.jpg --> home.infostations.net /personal/Paris2 par33.jpg
2004.06.30 13:43 B K:\Kalitara\Kalitara's Documents\Kalitara Web Page\Paris2\par34.jpg --> home.infostations.net /personal/Paris2 par34.jpg
2004.06.30 13:43 B K:\Kalitara\Kalitara's Documents\Kalitara Web Page\Paris2\par35.jpg --> home.infostations.net /personal/Paris2 par35.jpg
2004.06.30 13:43 B K:\Kalitara\Kalitara's Documents\Kalitara Web Page\Paris2\par36.jpg --> home.infostations.net /personal/Paris2 par36.jpg
2004.06.30 13:43 B K:\Kalitara\Kalitara's Documents\Kalitara Web Page\Paris2\par37.jpg --> home.infostations.net /personal/Paris2 par37.jpg
2004.06.30 13:43 B K:\Kalitara\Kalitara's Documents\Kalitara Web Page\Paris2\par38.jpg --> home.infostations.net /personal/Paris2 par38.jpg
2004.06.30 13:43 B K:\Kalitara\Kalitara's Documents\Kalitara Web Page\Paris2\par39.jpg --> home.infostations.net /personal/Paris2 par39.jpg
2004.06.30 13:43 B K:\Kalitara\Kalitara's Documents\Kalitara Web Page\Paris2\par4.jpg --> home.infostations.net /personal/Paris2 par4.jpg
2004.06.30 13:43 B K:\Kalitara\Kalitara's Documents\Kalitara Web Page\Paris2\par40.jpg --> home.infostations.net /personal/Paris2 par40.jpg
2004.06.30 13:43 B K:\Kalitara\Kalitara's Documents\Kalitara Web Page\Paris2\par41.jpg --> home.infostations.net /personal/Paris2 par41.jpg
2004.06.30 13:43 B K:\Kalitara\Kalitara's Documents\Kalitara Web Page\Paris2\par42.jpg --> home.infostations.net /personal/Paris2 par42.jpg
2004.06.30 13:43 B K:\Kalitara\Kalitara's Documents\Kalitara Web Page\Paris2\par5.jpg --> home.infostations.net /personal/Paris2 par5.jpg
2004.06.30 13:43 B K:\Kalitara\Kalitara's Documents\Kalitara Web Page\Paris2\par6.jpg --> home.infostations.net /personal/Paris2 par6.jpg
2004.06.30 13:43 B K:\Kalitara\Kalitara's Documents\Kalitara Web Page\Paris2\par7.jpg --> home.infostations.net /personal/Paris2 par7.jpg
2004.06.30 13:43 B K:\Kalitara\Kalitara's Documents\Kalitara Web Page\Paris2\par8.jpg --> home.infostations.net /personal/Paris2 par8.jpg
2004.06.30 13:43 B K:\Kalitara\Kalitara's Documents\Kalitara Web Page\Paris2\par9.jpg --> home.infostations.net /personal/Paris2 par9.jpg
2004.10.19 12:36 B K:\Kalitara\Kalitara's Documents\Kalitara Web Page\Paris2\par1.jpg --> home.infostations.net /private/Paris2 par1.jpg
2004.10.19 12:36 B K:\Kalitara\Kalitara's Documents\Kalitara Web Page\Paris2\par10.jpg --> home.infostations.net /private/Paris2 par10.jpg
2004.10.19 12:36 B K:\Kalitara\Kalitara's Documents\Kalitara Web Page\Paris2\par11.jpg --> home.infostations.net /private/Paris2 par11.jpg
2004.10.19 12:36 B K:\Kalitara\Kalitara's Documents\Kalitara Web Page\Paris2\par12.jpg --> home.infostations.net /private/Paris2 par12.jpg
2004.10.19 12:36 B K:\Kalitara\Kalitara's Documents\Kalitara Web Page\Paris2\par13.jpg --> home.infostations.net /private/Paris2 par13.jpg
2004.10.19 12:36 B K:\Kalitara\Kalitara's Documents\Kalitara Web Page\Paris2\par14-2.jpg --> home.infostations.net /private/Paris2 par14-2.jpg
2004.10.19 12:36 B K:\Kalitara\Kalitara's Documents\Kalitara Web Page\Paris2\par14.jpg --> home.infostations.net /private/Paris2 par14.jpg
2004.10.19 12:36 B K:\Kalitara\Kalitara's Documents\Kalitara Web Page\Paris2\par15.jpg --> home.infostations.net /private/Paris2 par15.jpg
2004.10.19 12:36 B K:\Kalitara\Kalitara's Documents\Kalitara Web Page\Paris2\par16.jpg --> home.infostations.net /private/Paris2 par16.jpg
2004.10.19 12:36 B K:\Kalitara\Kalitara's Documents\Kalitara Web Page\Paris2\par17.jpg --> home.infostations.net /private/Paris2 par17.jpg
2004.10.19 12:36 B K:\Kalitara\Kalitara's Documents\Kalitara Web Page\Paris2\par18.jpg --> home.infostations.net /private/Paris2 par18.jpg
2004.10.19 12:36 B K:\Kalitara\Kalitara's Documents\Kalitara Web Page\Paris2\par19.jpg --> home.infostations.net /private/Paris2 par19.jpg
2004.10.19 12:36 B K:\Kalitara\Kalitara's Documents\Kalitara Web Page\Paris2\par2.jpg --> home.infostations.net /private/Paris2 par2.jpg
2004.10.19 12:36 B K:\Kalitara\Kalitara's Documents\Kalitara Web Page\Paris2\par20.jpg --> home.infostations.net /private/Paris2 par20.jpg
2004.10.19 12:36 B K:\Kalitara\Kalitara's Documents\Kalitara Web Page\Paris2\par21.jpg --> home.infostations.net /private/Paris2 par21.jpg
2004.10.19 12:37 B K:\Kalitara\Kalitara's Documents\Kalitara Web Page\Paris2\par22.jpg --> home.infostations.net /private/Paris2 par22.jpg
2004.10.19 12:37 B K:\Kalitara\Kalitara's Documents\Kalitara Web Page\Paris2\par23.jpg --> home.infostations.net /private/Paris2 par23.jpg
2004.10.19 12:37 B K:\Kalitara\Kalitara's Documents\Kalitara Web Page\Paris2\par24.jpg --> home.infostations.net /private/Paris2 par24.jpg
2004.10.19 12:37 B K:\Kalitara\Kalitara's Documents\Kalitara Web Page\Paris2\par25.jpg --> home.infostations.net /private/Paris2 par25.jpg
2004.10.19 12:37 B K:\Kalitara\Kalitara's Documents\Kalitara Web Page\Paris2\par26.jpg --> home.infostations.net /private/Paris2 par26.jpg
2004.10.19 12:37 B K:\Kalitara\Kalitara's Documents\Kalitara Web Page\Paris2\par27.jpg --> home.infostations.net /private/Paris2 par27.jpg
2004.10.19 12:37 B K:\Kalitara\Kalitara's Documents\Kalitara Web Page\Paris2\par28.jpg --> home.infostations.net /private/Paris2 par28.jpg
2004.10.19 12:37 B K:\Kalitara\Kalitara's Documents\Kalitara Web Page\Paris2\par29.jpg --> home.infostations.net /private/Paris2 par29.jpg
2004.10.19 12:37 B K:\Kalitara\Kalitara's Documents\Kalitara Web Page\Paris2\par3.jpg --> home.infostations.net /private/Paris2 par3.jpg
2004.10.19 12:37 B K:\Kalitara\Kalitara's Documents\Kalitara Web Page\Paris2\par30.jpg --> home.infostations.net /private/Paris2 par30.jpg
2004.10.19 12:37 B K:\Kalitara\Kalitara's Documents\Kalitara Web Page\Paris2\par31.jpg --> home.infostations.net /private/Paris2 par31.jpg
2004.10.19 12:37 B K:\Kalitara\Kalitara's Documents\Kalitara Web Page\Paris2\par32.jpg --> home.infostations.net /private/Paris2 par32.jpg
2004.10.19 12:37 B K:\Kalitara\Kalitara's Documents\Kalitara Web Page\Paris2\par33.jpg --> home.infostations.net /private/Paris2 par33.jpg
2004.10.19 12:37 B K:\Kalitara\Kalitara's Documents\Kalitara Web Page\Paris2\par34.jpg --> home.infostations.net /private/Paris2 par34.jpg
2004.10.19 12:37 B K:\Kalitara\Kalitara's Documents\Kalitara Web Page\Paris2\par35.jpg --> home.infostations.net /private/Paris2 par35.jpg
2004.10.19 12:37 B K:\Kalitara\Kalitara's Documents\Kalitara Web Page\Paris2\par36.jpg --> home.infostations.net /private/Paris2 par36.jpg
2004.10.19 12:37 B K:\Kalitara\Kalitara's Documents\Kalitara Web Page\Paris2\par37.jpg --> home.infostations.net /private/Paris2 par37.jpg
2004.10.19 12:37 B K:\Kalitara\Kalitara's Documents\Kalitara Web Page\Paris2\par38.jpg --> home.infostations.net /private/Paris2 par38.jpg
2004.10.19 12:37 B K:\Kalitara\Kalitara's Documents\Kalitara Web Page\Paris2\par39.jpg --> home.infostations.net /private/Paris2 par39.jpg
2004.10.19 12:37 B K:\Kalitara\Kalitara's Documents\Kalitara Web Page\Paris2\par4.jpg --> home.infostations.net /private/Paris2 par4.jpg
2004.10.19 12:37 B K:\Kalitara\Kalitara's Documents\Kalitara Web Page\Paris2\par40.jpg --> home.infostations.net /private/Paris2 par40.jpg
2004.10.19 12:37 B K:\Kalitara\Kalitara's Documents\Kalitara Web Page\Paris2\par41.jpg --> home.infostations.net /private/Paris2 par41.jpg
2004.10.19 12:37 B K:\Kalitara\Kalitara's Documents\Kalitara Web Page\Paris2\par42.jpg --> home.infostations.net /private/Paris2 par42.jpg
2004.10.19 12:37 B K:\Kalitara\Kalitara's Documents\Kalitara Web Page\Paris2\par5.jpg --> home.infostations.net /private/Paris2 par5.jpg
2004.10.19 12:37 B K:\Kalitara\Kalitara's Documents\Kalitara Web Page\Paris2\par6.jpg --> home.infostations.net /private/Paris2 par6.jpg
2004.10.19 12:38 B K:\Kalitara\Kalitara's Documents\Kalitara Web Page\Paris2\par7.jpg --> home.infostations.net /private/Paris2 par7.jpg
2004.10.19 12:38 B K:\Kalitara\Kalitara's Documents\Kalitara Web Page\Paris2\par8.jpg --> home.infostations.net /private/Paris2 par8.jpg
2004.10.19 12:38 B K:\Kalitara\Kalitara's Documents\Kalitara Web Page\Paris2\par9.jpg --> home.infostations.net /private/Paris2 par9.jpg
2004.10.19 12:38 B K:\Kalitara\Kalitara's Documents\Kalitara Web Page\Paris2\Thumbs.db --> home.infostations.net /private/Paris2 Thumbs.db
2004.10.19 12:38 B K:\Kalitara\Kalitara's Documents\Kalitara Web Page\Paris2\WS_FTP.LOG --> home.infostations.net /private/Paris2 WS_FTP.LOG
