2004.05.29 18:20 B K:\Kalitara\Kalitara's Documents\Kalitara Web Page\Holiday2\hol0.jpg <-- 4Kali /personal/Holiday2 hol0.jpg
2004.05.29 18:20 B K:\Kalitara\Kalitara's Documents\Kalitara Web Page\Holiday2\hol1.jpg <-- 4Kali /personal/Holiday2 hol1.jpg
2004.05.29 18:20 B K:\Kalitara\Kalitara's Documents\Kalitara Web Page\Holiday2\hol10.jpg <-- 4Kali /personal/Holiday2 hol10.jpg
2004.05.29 18:20 B K:\Kalitara\Kalitara's Documents\Kalitara Web Page\Holiday2\hol11.jpg <-- 4Kali /personal/Holiday2 hol11.jpg
2004.05.29 18:20 B K:\Kalitara\Kalitara's Documents\Kalitara Web Page\Holiday2\hol2.jpg <-- 4Kali /personal/Holiday2 hol2.jpg
2004.05.29 18:20 B K:\Kalitara\Kalitara's Documents\Kalitara Web Page\Holiday2\hol3.jpg <-- 4Kali /personal/Holiday2 hol3.jpg
2004.05.29 18:20 B K:\Kalitara\Kalitara's Documents\Kalitara Web Page\Holiday2\hol4.jpg <-- 4Kali /personal/Holiday2 hol4.jpg
2004.05.29 18:20 B K:\Kalitara\Kalitara's Documents\Kalitara Web Page\Holiday2\hol5.jpg <-- 4Kali /personal/Holiday2 hol5.jpg
2004.05.29 18:20 B K:\Kalitara\Kalitara's Documents\Kalitara Web Page\Holiday2\hol6.jpg <-- 4Kali /personal/Holiday2 hol6.jpg
2004.05.29 18:20 B K:\Kalitara\Kalitara's Documents\Kalitara Web Page\Holiday2\hol7.jpg <-- 4Kali /personal/Holiday2 hol7.jpg
2004.05.29 18:20 B K:\Kalitara\Kalitara's Documents\Kalitara Web Page\Holiday2\hol8.jpg <-- 4Kali /personal/Holiday2 hol8.jpg
2004.05.29 18:20 B K:\Kalitara\Kalitara's Documents\Kalitara Web Page\Holiday2\hol9.jpg <-- 4Kali /personal/Holiday2 hol9.jpg
2004.05.29 18:20 B K:\Kalitara\Kalitara's Documents\Kalitara Web Page\Holiday2\Thumbs.db <-- 4Kali /personal/Holiday2 Thumbs.db
2004.10.19 10:47 B K:\Kalitara\Kalitara's Documents\Kalitara Web Page\Holiday2\hol0.jpg --> home.infostations.net /private/Holiday2 hol0.jpg
2004.10.19 10:47 B K:\Kalitara\Kalitara's Documents\Kalitara Web Page\Holiday2\hol1.jpg --> home.infostations.net /private/Holiday2 hol1.jpg
2004.10.19 10:47 B K:\Kalitara\Kalitara's Documents\Kalitara Web Page\Holiday2\hol10.jpg --> home.infostations.net /private/Holiday2 hol10.jpg
2004.10.19 10:47 B K:\Kalitara\Kalitara's Documents\Kalitara Web Page\Holiday2\hol11.jpg --> home.infostations.net /private/Holiday2 hol11.jpg
2004.10.19 10:48 B K:\Kalitara\Kalitara's Documents\Kalitara Web Page\Holiday2\hol2.jpg --> home.infostations.net /private/Holiday2 hol2.jpg
2004.10.19 10:48 B K:\Kalitara\Kalitara's Documents\Kalitara Web Page\Holiday2\hol3.jpg --> home.infostations.net /private/Holiday2 hol3.jpg
2004.10.19 10:48 B K:\Kalitara\Kalitara's Documents\Kalitara Web Page\Holiday2\hol4.jpg --> home.infostations.net /private/Holiday2 hol4.jpg
2004.10.19 10:48 B K:\Kalitara\Kalitara's Documents\Kalitara Web Page\Holiday2\hol5.jpg --> home.infostations.net /private/Holiday2 hol5.jpg
2004.10.19 10:48 B K:\Kalitara\Kalitara's Documents\Kalitara Web Page\Holiday2\hol6.jpg --> home.infostations.net /private/Holiday2 hol6.jpg
2004.10.19 10:48 B K:\Kalitara\Kalitara's Documents\Kalitara Web Page\Holiday2\hol7.jpg --> home.infostations.net /private/Holiday2 hol7.jpg
2004.10.19 10:48 B K:\Kalitara\Kalitara's Documents\Kalitara Web Page\Holiday2\hol8.jpg --> home.infostations.net /private/Holiday2 hol8.jpg
2004.10.19 10:48 B K:\Kalitara\Kalitara's Documents\Kalitara Web Page\Holiday2\hol9.jpg --> home.infostations.net /private/Holiday2 hol9.jpg
2004.10.19 10:48 B K:\Kalitara\Kalitara's Documents\Kalitara Web Page\Holiday2\Thumbs.db --> home.infostations.net /private/Holiday2 Thumbs.db
2004.10.19 10:48 B K:\Kalitara\Kalitara's Documents\Kalitara Web Page\Holiday2\WS_FTP.LOG --> home.infostations.net /private/Holiday2 WS_FTP.LOG
