2003.11.02 11:31 B C:\Documents and Settings\Computer User\My Documents\Kalitara Web Page\BM02\absinthe.html <-- 4kalitara /personal/BM02 absinthe.html
2003.11.02 11:31 B C:\Documents and Settings\Computer User\My Documents\Kalitara Web Page\BM02\bmbg.jpg <-- 4kalitara /personal/BM02 bmbg.jpg
2003.11.02 11:31 B C:\Documents and Settings\Computer User\My Documents\Kalitara Web Page\BM02\bmlogo.gif <-- 4kalitara /personal/BM02 bmlogo.gif
2003.11.02 11:32 B C:\Documents and Settings\Computer User\My Documents\Kalitara Web Page\BM02\bmlogo.jpg <-- 4kalitara /personal/BM02 bmlogo.jpg
2003.11.02 11:32 B C:\Documents and Settings\Computer User\My Documents\Kalitara Web Page\BM02\bohemian.gif <-- 4kalitara /personal/BM02 bohemian.gif
2003.11.02 11:32 B C:\Documents and Settings\Computer User\My Documents\Kalitara Web Page\BM02\buggy.gif <-- 4kalitara /personal/BM02 buggy.gif
2003.11.02 11:32 B C:\Documents and Settings\Computer User\My Documents\Kalitara Web Page\BM02\buggy.html <-- 4kalitara /personal/BM02 buggy.html
2003.11.02 11:32 B C:\Documents and Settings\Computer User\My Documents\Kalitara Web Page\BM02\burningman.gif <-- 4kalitara /personal/BM02 burningman.gif
2003.11.02 11:32 B C:\Documents and Settings\Computer User\My Documents\Kalitara Web Page\BM02\costumes.html <-- 4kalitara /personal/BM02 costumes.html
2003.11.02 11:32 B C:\Documents and Settings\Computer User\My Documents\Kalitara Web Page\BM02\layout.gif <-- 4kalitara /personal/BM02 layout.gif
2003.11.02 11:32 B C:\Documents and Settings\Computer User\My Documents\Kalitara Web Page\BM02\layout.jpg <-- 4kalitara /personal/BM02 layout.jpg
2003.11.02 11:33 B C:\Documents and Settings\Computer User\My Documents\Kalitara Web Page\BM02\md01.jpg <-- 4kalitara /personal/BM02 md01.jpg
2003.11.02 11:34 B C:\Documents and Settings\Computer User\My Documents\Kalitara Web Page\BM02\md02.jpg <-- 4kalitara /personal/BM02 md02.jpg
2003.11.02 11:34 B C:\Documents and Settings\Computer User\My Documents\Kalitara Web Page\BM02\md03.jpg <-- 4kalitara /personal/BM02 md03.jpg
2003.11.02 11:35 B C:\Documents and Settings\Computer User\My Documents\Kalitara Web Page\BM02\md04.jpg <-- 4kalitara /personal/BM02 md04.jpg
2003.11.02 15:18 B C:\Documents and Settings\Computer User\My Documents\Kalitara Web Page\BM02\md06.jpg <-- 4kalitara /personal/BM02 md06.jpg
2003.11.02 15:18 B C:\Documents and Settings\Computer User\My Documents\Kalitara Web Page\BM02\misc.gif <-- 4kalitara /personal/BM02 misc.gif
2003.11.02 15:18 B C:\Documents and Settings\Computer User\My Documents\Kalitara Web Page\BM02\misc.html <-- 4kalitara /personal/BM02 misc.html
2003.11.02 15:18 B C:\Documents and Settings\Computer User\My Documents\Kalitara Web Page\BM02\moby.gif <-- 4kalitara /personal/BM02 moby.gif
2003.11.02 15:18 B C:\Documents and Settings\Computer User\My Documents\Kalitara Web Page\BM02\moby.html <-- 4kalitara /personal/BM02 moby.html
2003.11.02 15:19 B C:\Documents and Settings\Computer User\My Documents\Kalitara Web Page\BM02\nb01.jpg <-- 4kalitara /personal/BM02 nb01.jpg
2003.11.02 15:20 B C:\Documents and Settings\Computer User\My Documents\Kalitara Web Page\BM02\nb02.jpg <-- 4kalitara /personal/BM02 nb02.jpg
2003.11.02 15:20 B C:\Documents and Settings\Computer User\My Documents\Kalitara Web Page\BM02\nbrunch.gif <-- 4kalitara /personal/BM02 nbrunch.gif
2003.11.02 15:20 B C:\Documents and Settings\Computer User\My Documents\Kalitara Web Page\BM02\nbrunch.html <-- 4kalitara /personal/BM02 nbrunch.html
2003.11.02 15:20 B C:\Documents and Settings\Computer User\My Documents\Kalitara Web Page\BM02\octopussy.gif <-- 4kalitara /personal/BM02 octopussy.gif
2003.11.02 15:20 B C:\Documents and Settings\Computer User\My Documents\Kalitara Web Page\BM02\octopussy.html <-- 4kalitara /personal/BM02 octopussy.html
2003.11.02 15:21 B C:\Documents and Settings\Computer User\My Documents\Kalitara Web Page\BM02\octopussy.jpg <-- 4kalitara /personal/BM02 octopussy.jpg
2003.11.02 15:22 B C:\Documents and Settings\Computer User\My Documents\Kalitara Web Page\BM02\sb01.jpg <-- 4kalitara /personal/BM02 sb01.jpg
2003.11.02 15:23 B C:\Documents and Settings\Computer User\My Documents\Kalitara Web Page\BM02\sb02.jpg <-- 4kalitara /personal/BM02 sb02.jpg
2003.11.02 15:24 B C:\Documents and Settings\Computer User\My Documents\Kalitara Web Page\BM02\sb03.jpg <-- 4kalitara /personal/BM02 sb03.jpg
2003.11.02 15:25 B C:\Documents and Settings\Computer User\My Documents\Kalitara Web Page\BM02\sb04.jpg <-- 4kalitara /personal/BM02 sb04.jpg
2003.11.02 15:25 B C:\Documents and Settings\Computer User\My Documents\Kalitara Web Page\BM02\sbsign.jpg <-- 4kalitara /personal/BM02 sbsign.jpg
2003.11.02 15:26 B C:\Documents and Settings\Computer User\My Documents\Kalitara Web Page\BM02\sign.jpg <-- 4kalitara /personal/BM02 sign.jpg
2003.11.02 15:27 B C:\Documents and Settings\Computer User\My Documents\Kalitara Web Page\BM02\Thumbs.db <-- 4kalitara /personal/BM02 Thumbs.db
2003.11.02 15:27 B C:\Documents and Settings\Computer User\My Documents\Kalitara Web Page\BM02\trailer.jpg <-- 4kalitara /personal/BM02 trailer.jpg
2004.04.13 08:07 B K:\Kalitara\Kalitara's Documents\Kalitara Web Page\BM02\bm19.jpg <-- 4Kali /personal/Burning Man02 bm19.jpg
2004.10.19 10:10 B K:\Kalitara\Kalitara's Documents\Kalitara Web Page\BM02\absinthe.html --> home.infostations.net /private/BM02 absinthe.html
2004.10.19 10:10 B K:\Kalitara\Kalitara's Documents\Kalitara Web Page\BM02\bm19.jpg --> home.infostations.net /private/BM02 bm19.jpg
2004.10.19 10:10 B K:\Kalitara\Kalitara's Documents\Kalitara Web Page\BM02\bmbg.jpg --> home.infostations.net /private/BM02 bmbg.jpg
2004.10.19 10:10 B K:\Kalitara\Kalitara's Documents\Kalitara Web Page\BM02\bmlogo.gif --> home.infostations.net /private/BM02 bmlogo.gif
2004.10.19 10:10 B K:\Kalitara\Kalitara's Documents\Kalitara Web Page\BM02\bmlogo.jpg --> home.infostations.net /private/BM02 bmlogo.jpg
2004.10.19 10:10 B K:\Kalitara\Kalitara's Documents\Kalitara Web Page\BM02\bohemian.gif --> home.infostations.net /private/BM02 bohemian.gif
2004.10.19 10:10 B K:\Kalitara\Kalitara's Documents\Kalitara Web Page\BM02\buggy.gif --> home.infostations.net /private/BM02 buggy.gif
2004.10.19 10:10 B K:\Kalitara\Kalitara's Documents\Kalitara Web Page\BM02\buggy.html --> home.infostations.net /private/BM02 buggy.html
2004.10.19 10:10 B K:\Kalitara\Kalitara's Documents\Kalitara Web Page\BM02\burningman.gif --> home.infostations.net /private/BM02 burningman.gif
2004.10.19 10:10 B K:\Kalitara\Kalitara's Documents\Kalitara Web Page\BM02\costumes.html --> home.infostations.net /private/BM02 costumes.html
2004.10.19 10:10 B K:\Kalitara\Kalitara's Documents\Kalitara Web Page\BM02\layout.gif --> home.infostations.net /private/BM02 layout.gif
2004.10.19 10:10 B K:\Kalitara\Kalitara's Documents\Kalitara Web Page\BM02\layout.jpg --> home.infostations.net /private/BM02 layout.jpg
2004.10.19 10:11 B K:\Kalitara\Kalitara's Documents\Kalitara Web Page\BM02\md01.jpg --> home.infostations.net /private/BM02 md01.jpg
2004.10.19 10:11 B K:\Kalitara\Kalitara's Documents\Kalitara Web Page\BM02\md02.jpg --> home.infostations.net /private/BM02 md02.jpg
2004.10.19 10:11 B K:\Kalitara\Kalitara's Documents\Kalitara Web Page\BM02\md03.jpg --> home.infostations.net /private/BM02 md03.jpg
2004.10.19 10:11 B K:\Kalitara\Kalitara's Documents\Kalitara Web Page\BM02\md04.jpg --> home.infostations.net /private/BM02 md04.jpg
2004.10.19 10:11 B K:\Kalitara\Kalitara's Documents\Kalitara Web Page\BM02\md05.jpg --> home.infostations.net /private/BM02 md05.jpg
2004.10.19 10:11 B K:\Kalitara\Kalitara's Documents\Kalitara Web Page\BM02\md06.jpg --> home.infostations.net /private/BM02 md06.jpg
2004.10.19 10:11 B K:\Kalitara\Kalitara's Documents\Kalitara Web Page\BM02\misc.gif --> home.infostations.net /private/BM02 misc.gif
2004.10.19 10:11 B K:\Kalitara\Kalitara's Documents\Kalitara Web Page\BM02\misc.html --> home.infostations.net /private/BM02 misc.html
2004.10.19 10:11 B K:\Kalitara\Kalitara's Documents\Kalitara Web Page\BM02\moby.gif --> home.infostations.net /private/BM02 moby.gif
2004.10.19 10:11 B K:\Kalitara\Kalitara's Documents\Kalitara Web Page\BM02\moby.html --> home.infostations.net /private/BM02 moby.html
2004.10.19 10:11 B K:\Kalitara\Kalitara's Documents\Kalitara Web Page\BM02\nb01.jpg --> home.infostations.net /private/BM02 nb01.jpg
2004.10.19 10:11 B K:\Kalitara\Kalitara's Documents\Kalitara Web Page\BM02\nb02.jpg --> home.infostations.net /private/BM02 nb02.jpg
2004.10.19 10:11 B K:\Kalitara\Kalitara's Documents\Kalitara Web Page\BM02\nbrunch.gif --> home.infostations.net /private/BM02 nbrunch.gif
2004.10.19 10:11 B K:\Kalitara\Kalitara's Documents\Kalitara Web Page\BM02\nbrunch.html --> home.infostations.net /private/BM02 nbrunch.html
2004.10.19 10:11 B K:\Kalitara\Kalitara's Documents\Kalitara Web Page\BM02\octopussy.gif --> home.infostations.net /private/BM02 octopussy.gif
2004.10.19 10:11 B K:\Kalitara\Kalitara's Documents\Kalitara Web Page\BM02\octopussy.html --> home.infostations.net /private/BM02 octopussy.html
2004.10.19 10:11 B K:\Kalitara\Kalitara's Documents\Kalitara Web Page\BM02\octopussy.jpg --> home.infostations.net /private/BM02 octopussy.jpg
2004.10.19 10:11 B K:\Kalitara\Kalitara's Documents\Kalitara Web Page\BM02\sb01.jpg --> home.infostations.net /private/BM02 sb01.jpg
2004.10.19 10:12 B K:\Kalitara\Kalitara's Documents\Kalitara Web Page\BM02\sb02.jpg --> home.infostations.net /private/BM02 sb02.jpg
2004.10.19 10:12 B K:\Kalitara\Kalitara's Documents\Kalitara Web Page\BM02\sb03.jpg --> home.infostations.net /private/BM02 sb03.jpg
2004.10.19 10:12 B K:\Kalitara\Kalitara's Documents\Kalitara Web Page\BM02\sb04.jpg --> home.infostations.net /private/BM02 sb04.jpg
2004.10.19 10:12 B K:\Kalitara\Kalitara's Documents\Kalitara Web Page\BM02\sbsign.jpg --> home.infostations.net /private/BM02 sbsign.jpg
2004.10.19 10:12 B K:\Kalitara\Kalitara's Documents\Kalitara Web Page\BM02\sign.jpg --> home.infostations.net /private/BM02 sign.jpg
2004.10.19 10:12 B K:\Kalitara\Kalitara's Documents\Kalitara Web Page\BM02\Thumbs.db --> home.infostations.net /private/BM02 Thumbs.db
2004.10.19 10:12 B K:\Kalitara\Kalitara's Documents\Kalitara Web Page\BM02\trailer.jpg --> home.infostations.net /private/BM02 trailer.jpg
2004.10.19 10:12 B K:\Kalitara\Kalitara's Documents\Kalitara Web Page\BM02\WS_FTP.LOG --> home.infostations.net /private/BM02 WS_FTP.LOG
