2004.05.29 18:24 B K:\Kalitara\Kalitara's Documents\Kalitara Web Page\WeddingPics\allofus.jpg <-- 4Kali /personal/WeddingPics allofus.jpg
2004.05.29 18:24 B K:\Kalitara\Kalitara's Documents\Kalitara Web Page\WeddingPics\andrea.jpg <-- 4Kali /personal/WeddingPics andrea.jpg
2004.05.29 18:24 B K:\Kalitara\Kalitara's Documents\Kalitara Web Page\WeddingPics\bachelorette.html <-- 4Kali /personal/WeddingPics bachelorette.html
2004.05.29 18:24 B K:\Kalitara\Kalitara's Documents\Kalitara Web Page\WeddingPics\beachbeauty.jpg <-- 4Kali /personal/WeddingPics beachbeauty.jpg
2004.05.29 18:24 B K:\Kalitara\Kalitara's Documents\Kalitara Web Page\WeddingPics\bouquettoss.jpg <-- 4Kali /personal/WeddingPics bouquettoss.jpg
2004.05.29 18:24 B K:\Kalitara\Kalitara's Documents\Kalitara Web Page\WeddingPics\bride.html <-- 4Kali /personal/WeddingPics bride.html
2004.05.29 18:24 B K:\Kalitara\Kalitara's Documents\Kalitara Web Page\WeddingPics\cakekiss.jpg <-- 4Kali /personal/WeddingPics cakekiss.jpg
2004.05.29 18:24 B K:\Kalitara\Kalitara's Documents\Kalitara Web Page\WeddingPics\ceremony.html <-- 4Kali /personal/WeddingPics ceremony.html
2004.05.29 18:24 B K:\Kalitara\Kalitara's Documents\Kalitara Web Page\WeddingPics\ceremony.jpg <-- 4Kali /personal/WeddingPics ceremony.jpg
2004.05.29 18:24 B K:\Kalitara\Kalitara's Documents\Kalitara Web Page\WeddingPics\dad&girls.jpg <-- 4Kali /personal/WeddingPics dad&girls.jpg
2004.05.29 18:24 B K:\Kalitara\Kalitara's Documents\Kalitara Web Page\WeddingPics\dadluke.jpg <-- 4Kali /personal/WeddingPics dadluke.jpg
2004.05.29 18:24 B K:\Kalitara\Kalitara's Documents\Kalitara Web Page\WeddingPics\danceme.jpg <-- 4Kali /personal/WeddingPics danceme.jpg
2004.05.29 18:24 B K:\Kalitara\Kalitara's Documents\Kalitara Web Page\WeddingPics\dinner.jpg <-- 4Kali /personal/WeddingPics dinner.jpg
2004.05.29 18:24 B K:\Kalitara\Kalitara's Documents\Kalitara Web Page\WeddingPics\dressing.jpg <-- 4Kali /personal/WeddingPics dressing.jpg
2004.05.29 18:25 B K:\Kalitara\Kalitara's Documents\Kalitara Web Page\WeddingPics\eileen.jpg <-- 4Kali /personal/WeddingPics eileen.jpg
2004.05.29 18:25 B K:\Kalitara\Kalitara's Documents\Kalitara Web Page\WeddingPics\ethan&alene.jpg <-- 4Kali /personal/WeddingPics ethan&alene.jpg
2004.05.29 18:25 B K:\Kalitara\Kalitara's Documents\Kalitara Web Page\WeddingPics\ethaneyes.jpg <-- 4Kali /personal/WeddingPics ethaneyes.jpg
2004.05.29 18:25 B K:\Kalitara\Kalitara's Documents\Kalitara Web Page\WeddingPics\ethanscuba.jpg <-- 4Kali /personal/WeddingPics ethanscuba.jpg
2004.05.29 18:25 B K:\Kalitara\Kalitara's Documents\Kalitara Web Page\WeddingPics\firstdance.jpg <-- 4Kali /personal/WeddingPics firstdance.jpg
2004.05.29 18:25 B K:\Kalitara\Kalitara's Documents\Kalitara Web Page\WeddingPics\flowerhillary.jpg <-- 4Kali /personal/WeddingPics flowerhillary.jpg
2004.05.29 18:25 B K:\Kalitara\Kalitara's Documents\Kalitara Web Page\WeddingPics\flowermejed.jpg <-- 4Kali /personal/WeddingPics flowermejed.jpg
2004.05.29 18:25 B K:\Kalitara\Kalitara's Documents\Kalitara Web Page\WeddingPics\flowermom.jpg <-- 4Kali /personal/WeddingPics flowermom.jpg
2004.05.29 18:25 B K:\Kalitara\Kalitara's Documents\Kalitara Web Page\WeddingPics\flowershaz.jpg <-- 4Kali /personal/WeddingPics flowershaz.jpg
2004.05.29 18:25 B K:\Kalitara\Kalitara's Documents\Kalitara Web Page\WeddingPics\getawaycar.jpg <-- 4Kali /personal/WeddingPics getawaycar.jpg
2004.05.29 18:25 B K:\Kalitara\Kalitara's Documents\Kalitara Web Page\WeddingPics\hillary.jpg <-- 4Kali /personal/WeddingPics hillary.jpg
2004.05.29 18:25 B K:\Kalitara\Kalitara's Documents\Kalitara Web Page\WeddingPics\honeymoon.html <-- 4Kali /personal/WeddingPics honeymoon.html
2004.05.29 18:25 B K:\Kalitara\Kalitara's Documents\Kalitara Web Page\WeddingPics\jed.jpg <-- 4Kali /personal/WeddingPics jed.jpg
2004.05.29 18:25 B K:\Kalitara\Kalitara's Documents\Kalitara Web Page\WeddingPics\march.jpg <-- 4Kali /personal/WeddingPics march.jpg
2004.05.29 18:25 B K:\Kalitara\Kalitara's Documents\Kalitara Web Page\WeddingPics\married.jpg <-- 4Kali /personal/WeddingPics married.jpg
2004.05.29 18:25 B K:\Kalitara\Kalitara's Documents\Kalitara Web Page\WeddingPics\memom.jpg <-- 4Kali /personal/WeddingPics memom.jpg
2004.05.29 18:25 B K:\Kalitara\Kalitara's Documents\Kalitara Web Page\WeddingPics\memomluke.jpg <-- 4Kali /personal/WeddingPics memomluke.jpg
2004.05.29 18:25 B K:\Kalitara\Kalitara's Documents\Kalitara Web Page\WeddingPics\momandrea.jpg <-- 4Kali /personal/WeddingPics momandrea.jpg
2004.05.29 18:25 B K:\Kalitara\Kalitara's Documents\Kalitara Web Page\WeddingPics\momcorsage.jpg <-- 4Kali /personal/WeddingPics momcorsage.jpg
2004.05.29 18:25 B K:\Kalitara\Kalitara's Documents\Kalitara Web Page\WeddingPics\mr&mrs.jpg <-- 4Kali /personal/WeddingPics mr&mrs.jpg
2004.05.29 18:25 B K:\Kalitara\Kalitara's Documents\Kalitara Web Page\WeddingPics\newleyweds.jpg <-- 4Kali /personal/WeddingPics newleyweds.jpg
2004.05.29 18:25 B K:\Kalitara\Kalitara's Documents\Kalitara Web Page\WeddingPics\party.jpg <-- 4Kali /personal/WeddingPics party.jpg
2004.05.29 18:25 B K:\Kalitara\Kalitara's Documents\Kalitara Web Page\WeddingPics\penisme.jpg <-- 4Kali /personal/WeddingPics penisme.jpg
2004.05.29 18:25 B K:\Kalitara\Kalitara's Documents\Kalitara Web Page\WeddingPics\praying.jpg <-- 4Kali /personal/WeddingPics praying.jpg
2004.05.29 18:25 B K:\Kalitara\Kalitara's Documents\Kalitara Web Page\WeddingPics\procession.html <-- 4Kali /personal/WeddingPics procession.html
2004.05.29 18:25 B K:\Kalitara\Kalitara's Documents\Kalitara Web Page\WeddingPics\reception.html <-- 4Kali /personal/WeddingPics reception.html
2004.05.29 18:25 B K:\Kalitara\Kalitara's Documents\Kalitara Web Page\WeddingPics\rehearsal.html <-- 4Kali /personal/WeddingPics rehearsal.html
2004.05.29 18:25 B K:\Kalitara\Kalitara's Documents\Kalitara Web Page\WeddingPics\rivierame.jpg <-- 4Kali /personal/WeddingPics rivierame.jpg
2004.05.29 18:25 B K:\Kalitara\Kalitara's Documents\Kalitara Web Page\WeddingPics\scubahut.jpg <-- 4Kali /personal/WeddingPics scubahut.jpg
2004.05.29 18:25 B K:\Kalitara\Kalitara's Documents\Kalitara Web Page\WeddingPics\sharon.jpg <-- 4Kali /personal/WeddingPics sharon.jpg
2004.05.29 18:25 B K:\Kalitara\Kalitara's Documents\Kalitara Web Page\WeddingPics\shaz.jpg <-- 4Kali /personal/WeddingPics shaz.jpg
2004.05.29 18:25 B K:\Kalitara\Kalitara's Documents\Kalitara Web Page\WeddingPics\shazjed.jpg <-- 4Kali /personal/WeddingPics shazjed.jpg
2004.05.29 18:25 B K:\Kalitara\Kalitara's Documents\Kalitara Web Page\WeddingPics\waiting.jpg <-- 4Kali /personal/WeddingPics waiting.jpg
2004.10.19 21:09 B K:\Kalitara\Kalitara's Documents\Kalitara Web Page\WeddingPics\allofus.jpg --> home.infostations.net /private/WeddingPics allofus.jpg
2004.10.19 21:09 B K:\Kalitara\Kalitara's Documents\Kalitara Web Page\WeddingPics\andrea.jpg --> home.infostations.net /private/WeddingPics andrea.jpg
2004.10.19 21:09 B K:\Kalitara\Kalitara's Documents\Kalitara Web Page\WeddingPics\bachelorette.html --> home.infostations.net /private/WeddingPics bachelorette.html
2004.10.19 21:09 B K:\Kalitara\Kalitara's Documents\Kalitara Web Page\WeddingPics\beachbeauty.jpg --> home.infostations.net /private/WeddingPics beachbeauty.jpg
2004.10.19 21:09 B K:\Kalitara\Kalitara's Documents\Kalitara Web Page\WeddingPics\bouquettoss.jpg --> home.infostations.net /private/WeddingPics bouquettoss.jpg
2004.10.19 21:09 B K:\Kalitara\Kalitara's Documents\Kalitara Web Page\WeddingPics\bride.html --> home.infostations.net /private/WeddingPics bride.html
2004.10.19 21:09 B K:\Kalitara\Kalitara's Documents\Kalitara Web Page\WeddingPics\cakekiss.jpg --> home.infostations.net /private/WeddingPics cakekiss.jpg
2004.10.19 21:09 B K:\Kalitara\Kalitara's Documents\Kalitara Web Page\WeddingPics\ceremony.html --> home.infostations.net /private/WeddingPics ceremony.html
2004.10.19 21:09 B K:\Kalitara\Kalitara's Documents\Kalitara Web Page\WeddingPics\ceremony.jpg --> home.infostations.net /private/WeddingPics ceremony.jpg
2004.10.19 21:09 B K:\Kalitara\Kalitara's Documents\Kalitara Web Page\WeddingPics\dad&girls.jpg --> home.infostations.net /private/WeddingPics dad&girls.jpg
2004.10.19 21:09 B K:\Kalitara\Kalitara's Documents\Kalitara Web Page\WeddingPics\dadluke.jpg --> home.infostations.net /private/WeddingPics dadluke.jpg
2004.10.19 21:09 B K:\Kalitara\Kalitara's Documents\Kalitara Web Page\WeddingPics\danceme.jpg --> home.infostations.net /private/WeddingPics danceme.jpg
2004.10.19 21:09 B K:\Kalitara\Kalitara's Documents\Kalitara Web Page\WeddingPics\dinner.jpg --> home.infostations.net /private/WeddingPics dinner.jpg
2004.10.19 21:09 B K:\Kalitara\Kalitara's Documents\Kalitara Web Page\WeddingPics\dressing.jpg --> home.infostations.net /private/WeddingPics dressing.jpg
2004.10.19 21:09 B K:\Kalitara\Kalitara's Documents\Kalitara Web Page\WeddingPics\eileen.jpg --> home.infostations.net /private/WeddingPics eileen.jpg
2004.10.19 21:09 B K:\Kalitara\Kalitara's Documents\Kalitara Web Page\WeddingPics\ethan&alene.jpg --> home.infostations.net /private/WeddingPics ethan&alene.jpg
2004.10.19 21:09 B K:\Kalitara\Kalitara's Documents\Kalitara Web Page\WeddingPics\ethaneyes.jpg --> home.infostations.net /private/WeddingPics ethaneyes.jpg
2004.10.19 21:09 B K:\Kalitara\Kalitara's Documents\Kalitara Web Page\WeddingPics\ethanscuba.jpg --> home.infostations.net /private/WeddingPics ethanscuba.jpg
2004.10.19 21:09 B K:\Kalitara\Kalitara's Documents\Kalitara Web Page\WeddingPics\firstdance.jpg --> home.infostations.net /private/WeddingPics firstdance.jpg
2004.10.19 21:09 B K:\Kalitara\Kalitara's Documents\Kalitara Web Page\WeddingPics\flowerhillary.jpg --> home.infostations.net /private/WeddingPics flowerhillary.jpg
2004.10.19 21:09 B K:\Kalitara\Kalitara's Documents\Kalitara Web Page\WeddingPics\flowermejed.jpg --> home.infostations.net /private/WeddingPics flowermejed.jpg
2004.10.19 21:09 B K:\Kalitara\Kalitara's Documents\Kalitara Web Page\WeddingPics\flowermom.jpg --> home.infostations.net /private/WeddingPics flowermom.jpg
2004.10.19 21:09 B K:\Kalitara\Kalitara's Documents\Kalitara Web Page\WeddingPics\flowershaz.jpg --> home.infostations.net /private/WeddingPics flowershaz.jpg
2004.10.19 21:09 B K:\Kalitara\Kalitara's Documents\Kalitara Web Page\WeddingPics\getawaycar.jpg --> home.infostations.net /private/WeddingPics getawaycar.jpg
2004.10.19 21:09 B K:\Kalitara\Kalitara's Documents\Kalitara Web Page\WeddingPics\hillary.jpg --> home.infostations.net /private/WeddingPics hillary.jpg
2004.10.19 21:09 B K:\Kalitara\Kalitara's Documents\Kalitara Web Page\WeddingPics\honeymoon.html --> home.infostations.net /private/WeddingPics honeymoon.html
2004.10.19 21:10 B K:\Kalitara\Kalitara's Documents\Kalitara Web Page\WeddingPics\jed.jpg --> home.infostations.net /private/WeddingPics jed.jpg
2004.10.19 21:10 B K:\Kalitara\Kalitara's Documents\Kalitara Web Page\WeddingPics\march.jpg --> home.infostations.net /private/WeddingPics march.jpg
2004.10.19 21:10 B K:\Kalitara\Kalitara's Documents\Kalitara Web Page\WeddingPics\married.jpg --> home.infostations.net /private/WeddingPics married.jpg
2004.10.19 21:10 B K:\Kalitara\Kalitara's Documents\Kalitara Web Page\WeddingPics\memom.jpg --> home.infostations.net /private/WeddingPics memom.jpg
2004.10.19 21:10 B K:\Kalitara\Kalitara's Documents\Kalitara Web Page\WeddingPics\memomluke.jpg --> home.infostations.net /private/WeddingPics memomluke.jpg
2004.10.19 21:10 B K:\Kalitara\Kalitara's Documents\Kalitara Web Page\WeddingPics\momandrea.jpg --> home.infostations.net /private/WeddingPics momandrea.jpg
2004.10.19 21:10 B K:\Kalitara\Kalitara's Documents\Kalitara Web Page\WeddingPics\momcorsage.jpg --> home.infostations.net /private/WeddingPics momcorsage.jpg
2004.10.19 21:10 B K:\Kalitara\Kalitara's Documents\Kalitara Web Page\WeddingPics\mr&mrs.jpg --> home.infostations.net /private/WeddingPics mr&mrs.jpg
2004.10.19 21:10 B K:\Kalitara\Kalitara's Documents\Kalitara Web Page\WeddingPics\newleyweds.jpg --> home.infostations.net /private/WeddingPics newleyweds.jpg
2004.10.19 21:10 B K:\Kalitara\Kalitara's Documents\Kalitara Web Page\WeddingPics\party.jpg --> home.infostations.net /private/WeddingPics party.jpg
2004.10.19 21:10 B K:\Kalitara\Kalitara's Documents\Kalitara Web Page\WeddingPics\penisme.jpg --> home.infostations.net /private/WeddingPics penisme.jpg
2004.10.19 21:10 B K:\Kalitara\Kalitara's Documents\Kalitara Web Page\WeddingPics\praying.jpg --> home.infostations.net /private/WeddingPics praying.jpg
2004.10.19 21:10 B K:\Kalitara\Kalitara's Documents\Kalitara Web Page\WeddingPics\procession.html --> home.infostations.net /private/WeddingPics procession.html
2004.10.19 21:10 B K:\Kalitara\Kalitara's Documents\Kalitara Web Page\WeddingPics\reception.html --> home.infostations.net /private/WeddingPics reception.html
2004.10.19 21:10 B K:\Kalitara\Kalitara's Documents\Kalitara Web Page\WeddingPics\rehearsal.html --> home.infostations.net /private/WeddingPics rehearsal.html
2004.10.19 21:10 B K:\Kalitara\Kalitara's Documents\Kalitara Web Page\WeddingPics\rivierame.jpg --> home.infostations.net /private/WeddingPics rivierame.jpg
2004.10.19 21:10 B K:\Kalitara\Kalitara's Documents\Kalitara Web Page\WeddingPics\scubahut.jpg --> home.infostations.net /private/WeddingPics scubahut.jpg
2004.10.19 21:10 B K:\Kalitara\Kalitara's Documents\Kalitara Web Page\WeddingPics\sharon.jpg --> home.infostations.net /private/WeddingPics sharon.jpg
2004.10.19 21:10 B K:\Kalitara\Kalitara's Documents\Kalitara Web Page\WeddingPics\shaz.jpg --> home.infostations.net /private/WeddingPics shaz.jpg
2004.10.19 21:10 B K:\Kalitara\Kalitara's Documents\Kalitara Web Page\WeddingPics\shazjed.jpg --> home.infostations.net /private/WeddingPics shazjed.jpg
2004.10.19 21:10 B K:\Kalitara\Kalitara's Documents\Kalitara Web Page\WeddingPics\Thumbs.db --> home.infostations.net /private/WeddingPics Thumbs.db
2004.10.19 21:10 B K:\Kalitara\Kalitara's Documents\Kalitara Web Page\WeddingPics\waiting.jpg --> home.infostations.net /private/WeddingPics waiting.jpg
2004.10.19 21:10 B K:\Kalitara\Kalitara's Documents\Kalitara Web Page\WeddingPics\WS_FTP.LOG --> home.infostations.net /private/WeddingPics WS_FTP.LOG
