2004.04.11 10:32 B K:\Kalitara\Kalitara's Documents\Kalitara Web Page\Paris\par1.jpg --> home.infostations.net /personal/Paris par1.jpg
2004.04.11 10:33 B K:\Kalitara\Kalitara's Documents\Kalitara Web Page\Paris\par2.jpg --> home.infostations.net /personal/Paris par2.jpg
2004.04.11 10:33 B K:\Kalitara\Kalitara's Documents\Kalitara Web Page\Paris\par3.jpg --> home.infostations.net /personal/Paris par3.jpg
2004.04.11 10:34 B K:\Kalitara\Kalitara's Documents\Kalitara Web Page\Paris\par4.jpg --> home.infostations.net /personal/Paris par4.jpg
2004.04.11 10:34 B K:\Kalitara\Kalitara's Documents\Kalitara Web Page\Paris\par5.jpg --> home.infostations.net /personal/Paris par5.jpg
2004.04.11 10:35 B K:\Kalitara\Kalitara's Documents\Kalitara Web Page\Paris\par6.jpg --> home.infostations.net /personal/Paris par6.jpg
2004.04.11 10:37 B K:\Kalitara\Kalitara's Documents\Kalitara Web Page\Paris\par1.jpg --> home.infostations.net /personal/Paris par1.jpg
2004.04.11 10:37 B K:\Kalitara\Kalitara's Documents\Kalitara Web Page\Paris\par2.jpg --> home.infostations.net /personal/Paris par2.jpg
2004.04.11 10:37 B K:\Kalitara\Kalitara's Documents\Kalitara Web Page\Paris\par3.jpg --> home.infostations.net /personal/Paris par3.jpg
2004.04.11 10:37 B K:\Kalitara\Kalitara's Documents\Kalitara Web Page\Paris\par4.jpg --> home.infostations.net /personal/Paris par4.jpg
2004.04.11 10:38 B K:\Kalitara\Kalitara's Documents\Kalitara Web Page\Paris\par5.jpg --> home.infostations.net /personal/Paris par5.jpg
2004.04.11 10:38 B K:\Kalitara\Kalitara's Documents\Kalitara Web Page\Paris\par6.jpg --> home.infostations.net /personal/Paris par6.jpg
2004.04.11 10:41 B K:\Kalitara\Kalitara's Documents\Kalitara Web Page\Paris\par1.jpg --> home.infostations.net /personal/Paris par1.jpg
2004.04.11 10:42 B K:\Kalitara\Kalitara's Documents\Kalitara Web Page\Paris\par10.jpg --> home.infostations.net /personal/Paris par10.jpg
2004.04.11 10:42 B K:\Kalitara\Kalitara's Documents\Kalitara Web Page\Paris\par11.jpg --> home.infostations.net /personal/Paris par11.jpg
2004.04.11 10:42 B K:\Kalitara\Kalitara's Documents\Kalitara Web Page\Paris\par12.jpg --> home.infostations.net /personal/Paris par12.jpg
2004.04.11 10:42 B K:\Kalitara\Kalitara's Documents\Kalitara Web Page\Paris\par2.jpg --> home.infostations.net /personal/Paris par2.jpg
2004.04.11 10:43 B K:\Kalitara\Kalitara's Documents\Kalitara Web Page\Paris\par3.jpg --> home.infostations.net /personal/Paris par3.jpg
2004.04.11 10:43 B K:\Kalitara\Kalitara's Documents\Kalitara Web Page\Paris\par4.jpg --> home.infostations.net /personal/Paris par4.jpg
2004.04.11 10:43 B K:\Kalitara\Kalitara's Documents\Kalitara Web Page\Paris\par5.jpg --> home.infostations.net /personal/Paris par5.jpg
2004.04.11 10:44 B K:\Kalitara\Kalitara's Documents\Kalitara Web Page\Paris\par6.jpg --> home.infostations.net /personal/Paris par6.jpg
2004.04.11 10:44 B K:\Kalitara\Kalitara's Documents\Kalitara Web Page\Paris\par7.jpg --> home.infostations.net /personal/Paris par7.jpg
2004.04.11 10:44 B K:\Kalitara\Kalitara's Documents\Kalitara Web Page\Paris\par9.jpg --> home.infostations.net /personal/Paris par9.jpg
2004.04.11 10:49 B K:\Kalitara\Kalitara's Documents\Kalitara Web Page\Paris\par13.JPG --> home.infostations.net /personal/Paris par13.JPG
2004.04.11 10:49 B K:\Kalitara\Kalitara's Documents\Kalitara Web Page\Paris\par14.JPG --> home.infostations.net /personal/Paris par14.JPG
2004.04.11 10:49 B K:\Kalitara\Kalitara's Documents\Kalitara Web Page\Paris\par15.JPG --> home.infostations.net /personal/Paris par15.JPG
2004.04.11 10:50 B K:\Kalitara\Kalitara's Documents\Kalitara Web Page\Paris\par16.JPG --> home.infostations.net /personal/Paris par16.JPG
2004.04.11 10:58 B K:\Kalitara\Kalitara's Documents\Kalitara Web Page\Paris\par13.jpg --> home.infostations.net /personal/Paris par13.jpg
2004.10.19 12:35 B K:\Kalitara\Kalitara's Documents\Kalitara Web Page\Paris\par1.jpg --> home.infostations.net /private/Paris par1.jpg
2004.10.19 12:35 B K:\Kalitara\Kalitara's Documents\Kalitara Web Page\Paris\par10.jpg --> home.infostations.net /private/Paris par10.jpg
2004.10.19 12:35 B K:\Kalitara\Kalitara's Documents\Kalitara Web Page\Paris\par11.jpg --> home.infostations.net /private/Paris par11.jpg
2004.10.19 12:35 B K:\Kalitara\Kalitara's Documents\Kalitara Web Page\Paris\par12.jpg --> home.infostations.net /private/Paris par12.jpg
2004.10.19 12:35 B K:\Kalitara\Kalitara's Documents\Kalitara Web Page\Paris\par13.jpg --> home.infostations.net /private/Paris par13.jpg
2004.10.19 12:35 B K:\Kalitara\Kalitara's Documents\Kalitara Web Page\Paris\par14.JPG --> home.infostations.net /private/Paris par14.JPG
2004.10.19 12:35 B K:\Kalitara\Kalitara's Documents\Kalitara Web Page\Paris\par15.JPG --> home.infostations.net /private/Paris par15.JPG
2004.10.19 12:35 B K:\Kalitara\Kalitara's Documents\Kalitara Web Page\Paris\par16.JPG --> home.infostations.net /private/Paris par16.JPG
2004.10.19 12:35 B K:\Kalitara\Kalitara's Documents\Kalitara Web Page\Paris\par2.jpg --> home.infostations.net /private/Paris par2.jpg
2004.10.19 12:35 B K:\Kalitara\Kalitara's Documents\Kalitara Web Page\Paris\par3.jpg --> home.infostations.net /private/Paris par3.jpg
2004.10.19 12:35 B K:\Kalitara\Kalitara's Documents\Kalitara Web Page\Paris\par4.jpg --> home.infostations.net /private/Paris par4.jpg
2004.10.19 12:35 B K:\Kalitara\Kalitara's Documents\Kalitara Web Page\Paris\par5.jpg --> home.infostations.net /private/Paris par5.jpg
2004.10.19 12:35 B K:\Kalitara\Kalitara's Documents\Kalitara Web Page\Paris\par6.jpg --> home.infostations.net /private/Paris par6.jpg
2004.10.19 12:35 B K:\Kalitara\Kalitara's Documents\Kalitara Web Page\Paris\par7.jpg --> home.infostations.net /private/Paris par7.jpg
2004.10.19 12:36 B K:\Kalitara\Kalitara's Documents\Kalitara Web Page\Paris\par9.jpg --> home.infostations.net /private/Paris par9.jpg
2004.10.19 12:36 B K:\Kalitara\Kalitara's Documents\Kalitara Web Page\Paris\Thumbs.db --> home.infostations.net /private/Paris Thumbs.db
2004.10.19 12:36 B K:\Kalitara\Kalitara's Documents\Kalitara Web Page\Paris\WS_FTP.LOG --> home.infostations.net /private/Paris WS_FTP.LOG
