2004.05.29 18:18 B K:\Kalitara\Kalitara's Documents\Kalitara Web Page\ethan\40s.jpg <-- 4Kali /personal/ethan 40s.jpg
2004.05.29 18:18 B K:\Kalitara\Kalitara's Documents\Kalitara Web Page\ethan\eorflowers.jpg <-- 4Kali /personal/ethan eorflowers.jpg
2004.05.29 18:18 B K:\Kalitara\Kalitara's Documents\Kalitara Web Page\ethan\ethan.html <-- 4Kali /personal/ethan ethan.html
2004.05.29 18:18 B K:\Kalitara\Kalitara's Documents\Kalitara Web Page\ethan\ethanbronte.jpg <-- 4Kali /personal/ethan ethanbronte.jpg
2004.05.29 18:18 B K:\Kalitara\Kalitara's Documents\Kalitara Web Page\ethan\ethanread.JPG <-- 4Kali /personal/ethan ethanread.JPG
2004.05.29 18:18 B K:\Kalitara\Kalitara's Documents\Kalitara Web Page\ethan\ethanstar.jpg <-- 4Kali /personal/ethan ethanstar.jpg
2004.05.29 18:18 B K:\Kalitara\Kalitara's Documents\Kalitara Web Page\ethan\ethanswing.jpg <-- 4Kali /personal/ethan ethanswing.jpg
2004.05.29 18:18 B K:\Kalitara\Kalitara's Documents\Kalitara Web Page\ethan\ethanwine.jpg <-- 4Kali /personal/ethan ethanwine.jpg
2004.05.29 18:18 B K:\Kalitara\Kalitara's Documents\Kalitara Web Page\ethan\ferris.jpg <-- 4Kali /personal/ethan ferris.jpg
2004.05.29 18:18 B K:\Kalitara\Kalitara's Documents\Kalitara Web Page\ethan\me&ethan.jpg <-- 4Kali /personal/ethan me&ethan.jpg
2004.05.29 18:18 B K:\Kalitara\Kalitara's Documents\Kalitara Web Page\ethan\swing1.jpg <-- 4Kali /personal/ethan swing1.jpg
2004.05.29 18:18 B K:\Kalitara\Kalitara's Documents\Kalitara Web Page\ethan\swing2.jpg <-- 4Kali /personal/ethan swing2.jpg
2004.05.29 18:18 B K:\Kalitara\Kalitara's Documents\Kalitara Web Page\ethan\swing3.jpg <-- 4Kali /personal/ethan swing3.jpg
2004.10.19 10:42 B K:\Kalitara\Kalitara's Documents\Kalitara Web Page\ethan\40s.jpg --> home.infostations.net /private/ethan 40s.jpg
2004.10.19 10:42 B K:\Kalitara\Kalitara's Documents\Kalitara Web Page\ethan\eorflowers.jpg --> home.infostations.net /private/ethan eorflowers.jpg
2004.10.19 10:42 B K:\Kalitara\Kalitara's Documents\Kalitara Web Page\ethan\ethan.html --> home.infostations.net /private/ethan ethan.html
2004.10.19 10:42 B K:\Kalitara\Kalitara's Documents\Kalitara Web Page\ethan\ethanbronte.jpg --> home.infostations.net /private/ethan ethanbronte.jpg
2004.10.19 10:42 B K:\Kalitara\Kalitara's Documents\Kalitara Web Page\ethan\ethanread.JPG --> home.infostations.net /private/ethan ethanread.JPG
2004.10.19 10:42 B K:\Kalitara\Kalitara's Documents\Kalitara Web Page\ethan\ethanstar.jpg --> home.infostations.net /private/ethan ethanstar.jpg
2004.10.19 10:42 B K:\Kalitara\Kalitara's Documents\Kalitara Web Page\ethan\ethanswing.jpg --> home.infostations.net /private/ethan ethanswing.jpg
2004.10.19 10:42 B K:\Kalitara\Kalitara's Documents\Kalitara Web Page\ethan\ethanwine.jpg --> home.infostations.net /private/ethan ethanwine.jpg
2004.10.19 10:42 B K:\Kalitara\Kalitara's Documents\Kalitara Web Page\ethan\ferris.jpg --> home.infostations.net /private/ethan ferris.jpg
2004.10.19 10:42 B K:\Kalitara\Kalitara's Documents\Kalitara Web Page\ethan\me&ethan.jpg --> home.infostations.net /private/ethan me&ethan.jpg
2004.10.19 10:42 B K:\Kalitara\Kalitara's Documents\Kalitara Web Page\ethan\swing1.jpg --> home.infostations.net /private/ethan swing1.jpg
2004.10.19 10:42 B K:\Kalitara\Kalitara's Documents\Kalitara Web Page\ethan\swing2.jpg --> home.infostations.net /private/ethan swing2.jpg
2004.10.19 10:42 B K:\Kalitara\Kalitara's Documents\Kalitara Web Page\ethan\swing3.jpg --> home.infostations.net /private/ethan swing3.jpg
2004.10.19 10:42 B K:\Kalitara\Kalitara's Documents\Kalitara Web Page\ethan\Thumbs.db --> home.infostations.net /private/ethan Thumbs.db
2004.10.19 10:42 B K:\Kalitara\Kalitara's Documents\Kalitara Web Page\ethan\WS_FTP.LOG --> home.infostations.net /private/ethan WS_FTP.LOG
2004.11.02 19:21 B K:\Kalitara\Kalitara's Documents\Kalitara Web Page\ethan\ethan.html --> home.infostations.net /private ethan.html
