2004.05.24 13:46 B K:\Kalitara\Kalitara's Documents\Kalitara Web Page\Birthday\bd0.jpg <-- 4Kali /personal/Birthday bd0.jpg
2004.05.24 13:46 B K:\Kalitara\Kalitara's Documents\Kalitara Web Page\Birthday\bd1.jpg <-- 4Kali /personal/Birthday bd1.jpg
2004.05.24 13:47 B K:\Kalitara\Kalitara's Documents\Kalitara Web Page\Birthday\bd2.jpg <-- 4Kali /personal/Birthday bd2.jpg
2004.05.24 13:47 B K:\Kalitara\Kalitara's Documents\Kalitara Web Page\Birthday\bd3.jpg <-- 4Kali /personal/Birthday bd3.jpg
2004.05.24 13:47 B K:\Kalitara\Kalitara's Documents\Kalitara Web Page\Birthday\bd4.jpg <-- 4Kali /personal/Birthday bd4.jpg
2004.05.24 13:47 B K:\Kalitara\Kalitara's Documents\Kalitara Web Page\Birthday\bd5.jpg <-- 4Kali /personal/Birthday bd5.jpg
2004.05.24 13:47 B K:\Kalitara\Kalitara's Documents\Kalitara Web Page\Birthday\bd6.jpg <-- 4Kali /personal/Birthday bd6.jpg
2004.05.24 13:47 B K:\Kalitara\Kalitara's Documents\Kalitara Web Page\Birthday\bd8.jpg <-- 4Kali /personal/Birthday bd8.jpg
2004.10.19 10:10 B K:\Kalitara\Kalitara's Documents\Kalitara Web Page\Birthday\bd0.jpg --> home.infostations.net /private/Birthday bd0.jpg
2004.10.19 10:10 B K:\Kalitara\Kalitara's Documents\Kalitara Web Page\Birthday\bd1.jpg --> home.infostations.net /private/Birthday bd1.jpg
2004.10.19 10:10 B K:\Kalitara\Kalitara's Documents\Kalitara Web Page\Birthday\bd2.jpg --> home.infostations.net /private/Birthday bd2.jpg
2004.10.19 10:10 B K:\Kalitara\Kalitara's Documents\Kalitara Web Page\Birthday\bd3.jpg --> home.infostations.net /private/Birthday bd3.jpg
2004.10.19 10:10 B K:\Kalitara\Kalitara's Documents\Kalitara Web Page\Birthday\bd4.jpg --> home.infostations.net /private/Birthday bd4.jpg
2004.10.19 10:10 B K:\Kalitara\Kalitara's Documents\Kalitara Web Page\Birthday\bd5.jpg --> home.infostations.net /private/Birthday bd5.jpg
2004.10.19 10:10 B K:\Kalitara\Kalitara's Documents\Kalitara Web Page\Birthday\bd6.jpg --> home.infostations.net /private/Birthday bd6.jpg
2004.10.19 10:10 B K:\Kalitara\Kalitara's Documents\Kalitara Web Page\Birthday\bd8.jpg --> home.infostations.net /private/Birthday bd8.jpg
2004.10.19 10:10 B K:\Kalitara\Kalitara's Documents\Kalitara Web Page\Birthday\Thumbs.db --> home.infostations.net /private/Birthday Thumbs.db
2004.10.19 10:10 B K:\Kalitara\Kalitara's Documents\Kalitara Web Page\Birthday\WS_FTP.LOG --> home.infostations.net /private/Birthday WS_FTP.LOG
2004.11.12 19:44 B K:\Kalitara\Kalitara's Documents\Kalitara Web Page\Birthday\bday1.jpg --> home.infostations.net /private/Birthday bday1.jpg
2004.11.12 19:44 B K:\Kalitara\Kalitara's Documents\Kalitara Web Page\Birthday\bday2.jpg --> home.infostations.net /private/Birthday bday2.jpg
2004.11.12 19:44 B K:\Kalitara\Kalitara's Documents\Kalitara Web Page\Birthday\bday3.jpg --> home.infostations.net /private/Birthday bday3.jpg
2004.11.12 19:44 B K:\Kalitara\Kalitara's Documents\Kalitara Web Page\Birthday\bday4.jpg --> home.infostations.net /private/Birthday bday4.jpg
2004.11.12 19:44 B K:\Kalitara\Kalitara's Documents\Kalitara Web Page\Birthday\bday5.jpg --> home.infostations.net /private/Birthday bday5.jpg
2004.11.12 19:44 B K:\Kalitara\Kalitara's Documents\Kalitara Web Page\Birthday\bday6.jpg --> home.infostations.net /private/Birthday bday6.jpg
2004.11.12 19:44 B K:\Kalitara\Kalitara's Documents\Kalitara Web Page\Birthday\bday7.jpg --> home.infostations.net /private/Birthday bday7.jpg
2004.11.12 19:45 B K:\Kalitara\Kalitara's Documents\Kalitara Web Page\Birthday\bday8.jpg --> home.infostations.net /private/Birthday bday8.jpg
2004.11.12 19:45 B K:\Kalitara\Kalitara's Documents\Kalitara Web Page\Birthday\bday9.jpg --> home.infostations.net /private/Birthday bday9.jpg
2004.11.13 22:59 B K:\Kalitara\Kalitara's Documents\Kalitara Web Page\Birthday\bday10.jpg --> home.infostations.net /private/Birthday bday10.jpg
2004.11.13 22:59 B K:\Kalitara\Kalitara's Documents\Kalitara Web Page\Birthday\bday11.jpg --> home.infostations.net /private/Birthday bday11.jpg
2004.11.13 22:59 B K:\Kalitara\Kalitara's Documents\Kalitara Web Page\Birthday\bday12.jpg --> home.infostations.net /private/Birthday bday12.jpg
2004.11.14 22:45 B K:\Kalitara\Kalitara's Documents\Kalitara Web Page\Birthday\bday13.jpg --> home.infostations.net /private/Birthday bday13.jpg
2004.11.14 22:45 B K:\Kalitara\Kalitara's Documents\Kalitara Web Page\Birthday\bday14.jpg --> home.infostations.net /private/Birthday bday14.jpg
2004.11.14 22:45 B K:\Kalitara\Kalitara's Documents\Kalitara Web Page\Birthday\bday15.jpg --> home.infostations.net /private/Birthday bday15.jpg
2004.11.14 22:45 B K:\Kalitara\Kalitara's Documents\Kalitara Web Page\Birthday\bday16.jpg --> home.infostations.net /private/Birthday bday16.jpg
2004.11.14 22:45 B K:\Kalitara\Kalitara's Documents\Kalitara Web Page\Birthday\bday17.jpg --> home.infostations.net /private/Birthday bday17.jpg
2004.11.14 22:45 B K:\Kalitara\Kalitara's Documents\Kalitara Web Page\Birthday\bday18.jpg --> home.infostations.net /private/Birthday bday18.jpg
2004.11.14 22:45 B K:\Kalitara\Kalitara's Documents\Kalitara Web Page\Birthday\bday19.jpg --> home.infostations.net /private/Birthday bday19.jpg
2004.11.14 22:45 B K:\Kalitara\Kalitara's Documents\Kalitara Web Page\Birthday\bday20.jpg --> home.infostations.net /private/Birthday bday20.jpg
2004.11.14 22:45 B K:\Kalitara\Kalitara's Documents\Kalitara Web Page\Birthday\bday21.jpg --> home.infostations.net /private/Birthday bday21.jpg
