2003.11.02 15:28 B C:\Documents and Settings\Computer User\My Documents\Kalitara Web Page\BM03\03pics\allison.jpg <-- 4kalitara /personal/BM03/03pics allison.jpg
2003.11.02 15:28 B C:\Documents and Settings\Computer User\My Documents\Kalitara Web Page\BM03\03pics\annubis.jpg <-- 4kalitara /personal/BM03/03pics annubis.jpg
2003.11.02 15:28 B C:\Documents and Settings\Computer User\My Documents\Kalitara Web Page\BM03\03pics\archway.jpg <-- 4kalitara /personal/BM03/03pics archway.jpg
2003.11.02 15:28 B C:\Documents and Settings\Computer User\My Documents\Kalitara Web Page\BM03\03pics\ben&plane.jpg <-- 4kalitara /personal/BM03/03pics ben&plane.jpg
2003.11.02 15:28 B C:\Documents and Settings\Computer User\My Documents\Kalitara Web Page\BM03\03pics\billyman.jpg <-- 4kalitara /personal/BM03/03pics billyman.jpg
2003.11.02 15:28 B C:\Documents and Settings\Computer User\My Documents\Kalitara Web Page\BM03\03pics\brcair.jpg <-- 4kalitara /personal/BM03/03pics brcair.jpg
2003.11.02 15:29 B C:\Documents and Settings\Computer User\My Documents\Kalitara Web Page\BM03\03pics\brcpo.jpg <-- 4kalitara /personal/BM03/03pics brcpo.jpg
2003.11.02 15:29 B C:\Documents and Settings\Computer User\My Documents\Kalitara Web Page\BM03\03pics\brcsign.jpg <-- 4kalitara /personal/BM03/03pics brcsign.jpg
2003.11.02 15:29 B C:\Documents and Settings\Computer User\My Documents\Kalitara Web Page\BM03\03pics\bunnybuddha.jpg <-- 4kalitara /personal/BM03/03pics bunnybuddha.jpg
2003.11.02 15:29 B C:\Documents and Settings\Computer User\My Documents\Kalitara Web Page\BM03\03pics\bunnyguru.jpg <-- 4kalitara /personal/BM03/03pics bunnyguru.jpg
2003.11.02 15:30 B C:\Documents and Settings\Computer User\My Documents\Kalitara Web Page\BM03\03pics\bunnywood.jpg <-- 4kalitara /personal/BM03/03pics bunnywood.jpg
2003.11.02 15:30 B C:\Documents and Settings\Computer User\My Documents\Kalitara Web Page\BM03\03pics\coloredfriends.jpg <-- 4kalitara /personal/BM03/03pics coloredfriends.jpg
2003.11.02 15:30 B C:\Documents and Settings\Computer User\My Documents\Kalitara Web Page\BM03\03pics\coloredpeople.jpg <-- 4kalitara /personal/BM03/03pics coloredpeople.jpg
2003.11.02 15:30 B C:\Documents and Settings\Computer User\My Documents\Kalitara Web Page\BM03\03pics\cross-sunrise.jpg <-- 4kalitara /personal/BM03/03pics cross-sunrise.jpg
2003.11.02 15:30 B C:\Documents and Settings\Computer User\My Documents\Kalitara Web Page\BM03\03pics\cross.jpg <-- 4kalitara /personal/BM03/03pics cross.jpg
2003.11.02 15:31 B C:\Documents and Settings\Computer User\My Documents\Kalitara Web Page\BM03\03pics\crosspose.jpg <-- 4kalitara /personal/BM03/03pics crosspose.jpg
2003.11.02 15:31 B C:\Documents and Settings\Computer User\My Documents\Kalitara Web Page\BM03\03pics\detailtemple.jpg <-- 4kalitara /personal/BM03/03pics detailtemple.jpg
2003.11.02 15:31 B C:\Documents and Settings\Computer User\My Documents\Kalitara Web Page\BM03\03pics\dogtemple.jpg <-- 4kalitara /personal/BM03/03pics dogtemple.jpg
2003.11.02 15:31 B C:\Documents and Settings\Computer User\My Documents\Kalitara Web Page\BM03\03pics\dogtemplesign.jpg <-- 4kalitara /personal/BM03/03pics dogtemplesign.jpg
2003.11.02 15:32 B C:\Documents and Settings\Computer User\My Documents\Kalitara Web Page\BM03\03pics\ed-eorman.jpg <-- 4kalitara /personal/BM03/03pics ed-eorman.jpg
2003.11.02 15:32 B C:\Documents and Settings\Computer User\My Documents\Kalitara Web Page\BM03\03pics\ed-metemple.jpg <-- 4kalitara /personal/BM03/03pics ed-metemple.jpg
2003.11.02 15:32 B C:\Documents and Settings\Computer User\My Documents\Kalitara Web Page\BM03\03pics\elephant.jpg <-- 4kalitara /personal/BM03/03pics elephant.jpg
2003.11.02 15:33 B C:\Documents and Settings\Computer User\My Documents\Kalitara Web Page\BM03\03pics\emptyplaya.jpg <-- 4kalitara /personal/BM03/03pics emptyplaya.jpg
2003.11.02 15:33 B C:\Documents and Settings\Computer User\My Documents\Kalitara Web Page\BM03\03pics\eorcross.jpg <-- 4kalitara /personal/BM03/03pics eorcross.jpg
2003.11.02 15:33 B C:\Documents and Settings\Computer User\My Documents\Kalitara Web Page\BM03\03pics\eorman.jpg <-- 4kalitara /personal/BM03/03pics eorman.jpg
2003.11.02 15:33 B C:\Documents and Settings\Computer User\My Documents\Kalitara Web Page\BM03\03pics\fruitphoto.jpg <-- 4kalitara /personal/BM03/03pics fruitphoto.jpg
2003.11.02 15:33 B C:\Documents and Settings\Computer User\My Documents\Kalitara Web Page\BM03\03pics\icon1.jpg <-- 4kalitara /personal/BM03/03pics icon1.jpg
2003.11.02 15:34 B C:\Documents and Settings\Computer User\My Documents\Kalitara Web Page\BM03\03pics\icon2.jpg <-- 4kalitara /personal/BM03/03pics icon2.jpg
2003.11.02 15:34 B C:\Documents and Settings\Computer User\My Documents\Kalitara Web Page\BM03\03pics\johntammydeva.jpg <-- 4kalitara /personal/BM03/03pics johntammydeva.jpg
2003.11.02 15:35 B C:\Documents and Settings\Computer User\My Documents\Kalitara Web Page\BM03\03pics\kalibunny.jpg <-- 4kalitara /personal/BM03/03pics kalibunny.jpg
2003.11.02 15:35 B C:\Documents and Settings\Computer User\My Documents\Kalitara Web Page\BM03\03pics\kalitara.jpg <-- 4kalitara /personal/BM03/03pics kalitara.jpg
2003.11.02 15:35 B C:\Documents and Settings\Computer User\My Documents\Kalitara Web Page\BM03\03pics\kalitaraclose.jpg <-- 4kalitara /personal/BM03/03pics kalitaraclose.jpg
2003.11.02 15:35 B C:\Documents and Settings\Computer User\My Documents\Kalitara Web Page\BM03\03pics\kalitaratemple.jpg <-- 4kalitara /personal/BM03/03pics kalitaratemple.jpg
2003.11.02 15:35 B C:\Documents and Settings\Computer User\My Documents\Kalitara Web Page\BM03\03pics\kalitaratemple2.jpg <-- 4kalitara /personal/BM03/03pics kalitaratemple2.jpg
2003.11.02 15:36 B C:\Documents and Settings\Computer User\My Documents\Kalitara Web Page\BM03\03pics\lorac.jpg <-- 4kalitara /personal/BM03/03pics lorac.jpg
2003.11.02 15:36 B C:\Documents and Settings\Computer User\My Documents\Kalitara Web Page\BM03\03pics\marty.jpg <-- 4kalitara /personal/BM03/03pics marty.jpg
2003.11.02 15:37 B C:\Documents and Settings\Computer User\My Documents\Kalitara Web Page\BM03\03pics\mecross.jpg <-- 4kalitara /personal/BM03/03pics mecross.jpg
2003.11.02 15:37 B C:\Documents and Settings\Computer User\My Documents\Kalitara Web Page\BM03\03pics\meman.jpg <-- 4kalitara /personal/BM03/03pics meman.jpg
2004.01.03 18:48 B C:\Documents and Settings\Computer User\My Documents\Kalitara Web Page\BM03\03pics\nirvanabuild.jpg <-- 4kalitara /personal/BM03/03pics nirvanabuild.jpg
2004.01.03 18:48 B C:\Documents and Settings\Computer User\My Documents\Kalitara Web Page\BM03\03pics\nirvanabuild2.jpg <-- 4kalitara /personal/BM03/03pics nirvanabuild2.jpg
2004.01.03 18:49 B C:\Documents and Settings\Computer User\My Documents\Kalitara Web Page\BM03\03pics\pyramiddig.jpg <-- 4kalitara /personal/BM03/03pics pyramiddig.jpg
2004.01.03 18:49 B C:\Documents and Settings\Computer User\My Documents\Kalitara Web Page\BM03\03pics\raiseman.jpg <-- 4kalitara /personal/BM03/03pics raiseman.jpg
2004.01.03 18:49 B C:\Documents and Settings\Computer User\My Documents\Kalitara Web Page\BM03\03pics\revbilly.jpg <-- 4kalitara /personal/BM03/03pics revbilly.jpg
2004.01.03 18:49 B C:\Documents and Settings\Computer User\My Documents\Kalitara Web Page\BM03\03pics\samantha.jpg <-- 4kalitara /personal/BM03/03pics samantha.jpg
2004.01.03 18:49 B C:\Documents and Settings\Computer User\My Documents\Kalitara Web Page\BM03\03pics\shadestruct.jpg <-- 4kalitara /personal/BM03/03pics shadestruct.jpg
2004.01.03 18:50 B C:\Documents and Settings\Computer User\My Documents\Kalitara Web Page\BM03\03pics\sunrise.jpg <-- 4kalitara /personal/BM03/03pics sunrise.jpg
2004.01.03 18:50 B C:\Documents and Settings\Computer User\My Documents\Kalitara Web Page\BM03\03pics\templebuild.jpg <-- 4kalitara /personal/BM03/03pics templebuild.jpg
2004.01.03 18:50 B C:\Documents and Settings\Computer User\My Documents\Kalitara Web Page\BM03\03pics\templehonor.jpg <-- 4kalitara /personal/BM03/03pics templehonor.jpg
2004.01.03 18:50 B C:\Documents and Settings\Computer User\My Documents\Kalitara Web Page\BM03\03pics\templeman.jpg <-- 4kalitara /personal/BM03/03pics templeman.jpg
2004.01.03 18:50 B C:\Documents and Settings\Computer User\My Documents\Kalitara Web Page\BM03\03pics\theman.jpg <-- 4kalitara /personal/BM03/03pics theman.jpg
2004.01.03 18:50 B C:\Documents and Settings\Computer User\My Documents\Kalitara Web Page\BM03\03pics\tribal.jpg <-- 4kalitara /personal/BM03/03pics tribal.jpg
2004.10.19 10:12 B K:\Kalitara\Kalitara's Documents\Kalitara Web Page\BM03\03pics\allison.jpg --> home.infostations.net /private/BM03/03pics allison.jpg
2004.10.19 10:12 B K:\Kalitara\Kalitara's Documents\Kalitara Web Page\BM03\03pics\annubis.jpg --> home.infostations.net /private/BM03/03pics annubis.jpg
2004.10.19 10:12 B K:\Kalitara\Kalitara's Documents\Kalitara Web Page\BM03\03pics\archway.jpg --> home.infostations.net /private/BM03/03pics archway.jpg
2004.10.19 10:13 B K:\Kalitara\Kalitara's Documents\Kalitara Web Page\BM03\03pics\ben&plane.jpg --> home.infostations.net /private/BM03/03pics ben&plane.jpg
2004.10.19 10:13 B K:\Kalitara\Kalitara's Documents\Kalitara Web Page\BM03\03pics\billyman.jpg --> home.infostations.net /private/BM03/03pics billyman.jpg
2004.10.19 10:13 B K:\Kalitara\Kalitara's Documents\Kalitara Web Page\BM03\03pics\brcair.jpg --> home.infostations.net /private/BM03/03pics brcair.jpg
2004.10.19 10:13 B K:\Kalitara\Kalitara's Documents\Kalitara Web Page\BM03\03pics\brcpo.jpg --> home.infostations.net /private/BM03/03pics brcpo.jpg
2004.10.19 10:13 B K:\Kalitara\Kalitara's Documents\Kalitara Web Page\BM03\03pics\brcsign.jpg --> home.infostations.net /private/BM03/03pics brcsign.jpg
2004.10.19 10:13 B K:\Kalitara\Kalitara's Documents\Kalitara Web Page\BM03\03pics\bunnybuddha.jpg --> home.infostations.net /private/BM03/03pics bunnybuddha.jpg
2004.10.19 10:13 B K:\Kalitara\Kalitara's Documents\Kalitara Web Page\BM03\03pics\bunnyguru.jpg --> home.infostations.net /private/BM03/03pics bunnyguru.jpg
2004.10.19 10:13 B K:\Kalitara\Kalitara's Documents\Kalitara Web Page\BM03\03pics\bunnywood.jpg --> home.infostations.net /private/BM03/03pics bunnywood.jpg
2004.10.19 10:13 B K:\Kalitara\Kalitara's Documents\Kalitara Web Page\BM03\03pics\coloredfriends.jpg --> home.infostations.net /private/BM03/03pics coloredfriends.jpg
2004.10.19 10:13 B K:\Kalitara\Kalitara's Documents\Kalitara Web Page\BM03\03pics\coloredpeople.jpg --> home.infostations.net /private/BM03/03pics coloredpeople.jpg
2004.10.19 10:13 B K:\Kalitara\Kalitara's Documents\Kalitara Web Page\BM03\03pics\cross-sunrise.jpg --> home.infostations.net /private/BM03/03pics cross-sunrise.jpg
2004.10.19 10:13 B K:\Kalitara\Kalitara's Documents\Kalitara Web Page\BM03\03pics\cross.jpg --> home.infostations.net /private/BM03/03pics cross.jpg
2004.10.19 10:13 B K:\Kalitara\Kalitara's Documents\Kalitara Web Page\BM03\03pics\crosspose.jpg --> home.infostations.net /private/BM03/03pics crosspose.jpg
2004.10.19 10:13 B K:\Kalitara\Kalitara's Documents\Kalitara Web Page\BM03\03pics\detailtemple.jpg --> home.infostations.net /private/BM03/03pics detailtemple.jpg
2004.10.19 10:13 B K:\Kalitara\Kalitara's Documents\Kalitara Web Page\BM03\03pics\dogtemple.jpg --> home.infostations.net /private/BM03/03pics dogtemple.jpg
2004.10.19 10:13 B K:\Kalitara\Kalitara's Documents\Kalitara Web Page\BM03\03pics\dogtemplesign.jpg --> home.infostations.net /private/BM03/03pics dogtemplesign.jpg
2004.10.19 10:13 B K:\Kalitara\Kalitara's Documents\Kalitara Web Page\BM03\03pics\ed-eorman.jpg --> home.infostations.net /private/BM03/03pics ed-eorman.jpg
2004.10.19 10:13 B K:\Kalitara\Kalitara's Documents\Kalitara Web Page\BM03\03pics\ed-metemple.jpg --> home.infostations.net /private/BM03/03pics ed-metemple.jpg
2004.10.19 10:13 B K:\Kalitara\Kalitara's Documents\Kalitara Web Page\BM03\03pics\elephant.jpg --> home.infostations.net /private/BM03/03pics elephant.jpg
2004.10.19 10:13 B K:\Kalitara\Kalitara's Documents\Kalitara Web Page\BM03\03pics\emptyplaya.jpg --> home.infostations.net /private/BM03/03pics emptyplaya.jpg
2004.10.19 10:13 B K:\Kalitara\Kalitara's Documents\Kalitara Web Page\BM03\03pics\eorcross.jpg --> home.infostations.net /private/BM03/03pics eorcross.jpg
2004.10.19 10:13 B K:\Kalitara\Kalitara's Documents\Kalitara Web Page\BM03\03pics\eorman.jpg --> home.infostations.net /private/BM03/03pics eorman.jpg
2004.10.19 10:13 B K:\Kalitara\Kalitara's Documents\Kalitara Web Page\BM03\03pics\fruitphoto.jpg --> home.infostations.net /private/BM03/03pics fruitphoto.jpg
2004.10.19 10:13 B K:\Kalitara\Kalitara's Documents\Kalitara Web Page\BM03\03pics\icon1.jpg --> home.infostations.net /private/BM03/03pics icon1.jpg
2004.10.19 10:13 B K:\Kalitara\Kalitara's Documents\Kalitara Web Page\BM03\03pics\icon2.jpg --> home.infostations.net /private/BM03/03pics icon2.jpg
2004.10.19 10:14 B K:\Kalitara\Kalitara's Documents\Kalitara Web Page\BM03\03pics\johntammydeva.jpg --> home.infostations.net /private/BM03/03pics johntammydeva.jpg
2004.10.19 10:14 B K:\Kalitara\Kalitara's Documents\Kalitara Web Page\BM03\03pics\kalibunny.jpg --> home.infostations.net /private/BM03/03pics kalibunny.jpg
2004.10.19 10:14 B K:\Kalitara\Kalitara's Documents\Kalitara Web Page\BM03\03pics\kalitara.jpg --> home.infostations.net /private/BM03/03pics kalitara.jpg
2004.10.19 10:14 B K:\Kalitara\Kalitara's Documents\Kalitara Web Page\BM03\03pics\kalitaraclose.jpg --> home.infostations.net /private/BM03/03pics kalitaraclose.jpg
2004.10.19 10:14 B K:\Kalitara\Kalitara's Documents\Kalitara Web Page\BM03\03pics\kalitaratemple.jpg --> home.infostations.net /private/BM03/03pics kalitaratemple.jpg
2004.10.19 10:14 B K:\Kalitara\Kalitara's Documents\Kalitara Web Page\BM03\03pics\kalitaratemple2.jpg --> home.infostations.net /private/BM03/03pics kalitaratemple2.jpg
2004.10.19 10:14 B K:\Kalitara\Kalitara's Documents\Kalitara Web Page\BM03\03pics\lorac.jpg --> home.infostations.net /private/BM03/03pics lorac.jpg
2004.10.19 10:14 B K:\Kalitara\Kalitara's Documents\Kalitara Web Page\BM03\03pics\marty.jpg --> home.infostations.net /private/BM03/03pics marty.jpg
2004.10.19 10:14 B K:\Kalitara\Kalitara's Documents\Kalitara Web Page\BM03\03pics\mecross.jpg --> home.infostations.net /private/BM03/03pics mecross.jpg
2004.10.19 10:14 B K:\Kalitara\Kalitara's Documents\Kalitara Web Page\BM03\03pics\meman.jpg --> home.infostations.net /private/BM03/03pics meman.jpg
2004.10.19 10:14 B K:\Kalitara\Kalitara's Documents\Kalitara Web Page\BM03\03pics\moonartcar.jpg --> home.infostations.net /private/BM03/03pics moonartcar.jpg
2004.10.19 10:14 B K:\Kalitara\Kalitara's Documents\Kalitara Web Page\BM03\03pics\nirvanabuild.jpg --> home.infostations.net /private/BM03/03pics nirvanabuild.jpg
2004.10.19 10:14 B K:\Kalitara\Kalitara's Documents\Kalitara Web Page\BM03\03pics\nirvanabuild2.jpg --> home.infostations.net /private/BM03/03pics nirvanabuild2.jpg
2004.10.19 10:14 B K:\Kalitara\Kalitara's Documents\Kalitara Web Page\BM03\03pics\pyramiddig.jpg --> home.infostations.net /private/BM03/03pics pyramiddig.jpg
2004.10.19 10:14 B K:\Kalitara\Kalitara's Documents\Kalitara Web Page\BM03\03pics\raiseman.jpg --> home.infostations.net /private/BM03/03pics raiseman.jpg
2004.10.19 10:14 B K:\Kalitara\Kalitara's Documents\Kalitara Web Page\BM03\03pics\revbilly.jpg --> home.infostations.net /private/BM03/03pics revbilly.jpg
2004.10.19 10:14 B K:\Kalitara\Kalitara's Documents\Kalitara Web Page\BM03\03pics\samantha.jpg --> home.infostations.net /private/BM03/03pics samantha.jpg
2004.10.19 10:14 B K:\Kalitara\Kalitara's Documents\Kalitara Web Page\BM03\03pics\shadestruct.jpg --> home.infostations.net /private/BM03/03pics shadestruct.jpg
2004.10.19 10:15 B K:\Kalitara\Kalitara's Documents\Kalitara Web Page\BM03\03pics\sunrise.jpg --> home.infostations.net /private/BM03/03pics sunrise.jpg
2004.10.19 10:15 B K:\Kalitara\Kalitara's Documents\Kalitara Web Page\BM03\03pics\templebuild.jpg --> home.infostations.net /private/BM03/03pics templebuild.jpg
2004.10.19 10:15 B K:\Kalitara\Kalitara's Documents\Kalitara Web Page\BM03\03pics\templehonor.jpg --> home.infostations.net /private/BM03/03pics templehonor.jpg
2004.10.19 10:15 B K:\Kalitara\Kalitara's Documents\Kalitara Web Page\BM03\03pics\templeman.jpg --> home.infostations.net /private/BM03/03pics templeman.jpg
2004.10.19 10:15 B K:\Kalitara\Kalitara's Documents\Kalitara Web Page\BM03\03pics\theman.jpg --> home.infostations.net /private/BM03/03pics theman.jpg
2004.10.19 10:15 B K:\Kalitara\Kalitara's Documents\Kalitara Web Page\BM03\03pics\Thumbs.db --> home.infostations.net /private/BM03/03pics Thumbs.db
2004.10.19 10:15 B K:\Kalitara\Kalitara's Documents\Kalitara Web Page\BM03\03pics\tribal.jpg --> home.infostations.net /private/BM03/03pics tribal.jpg
2004.10.19 10:15 B K:\Kalitara\Kalitara's Documents\Kalitara Web Page\BM03\03pics\WS_FTP.LOG --> home.infostations.net /private/BM03/03pics WS_FTP.LOG
