2004.11.01 22:29 B K:\Kalitara\Kalitara's Documents\Kalitara Web Page\BM04\Thumbs.db --> home.infostations.net /private/BM04 Thumbs.db
2004.11.01 22:29 B K:\Kalitara\Kalitara's Documents\Kalitara Web Page\BM04\TieBoyTHURS.jpg --> home.infostations.net /private/BM04 TieBoyTHURS.jpg
2004.11.01 22:29 B K:\Kalitara\Kalitara's Documents\Kalitara Web Page\BM04\TrollLastSupperTUES.jpg --> home.infostations.net /private/BM04 TrollLastSupperTUES.jpg
2004.11.01 22:29 B K:\Kalitara\Kalitara's Documents\Kalitara Web Page\BM04\TuTuPancakesTHURS.jpg --> home.infostations.net /private/BM04 TuTuPancakesTHURS.jpg
2004.11.01 22:29 B K:\Kalitara\Kalitara's Documents\Kalitara Web Page\BM04\TuTuTHURS.jpg --> home.infostations.net /private/BM04 TuTuTHURS.jpg
2004.11.01 22:29 B K:\Kalitara\Kalitara's Documents\Kalitara Web Page\BM04\TwinsWED.jpg --> home.infostations.net /private/BM04 TwinsWED.jpg
2004.11.01 22:29 B K:\Kalitara\Kalitara's Documents\Kalitara Web Page\BM04\wagonsTHURS.jpg --> home.infostations.net /private/BM04 wagonsTHURS.jpg
2004.11.01 22:29 B K:\Kalitara\Kalitara's Documents\Kalitara Web Page\BM04\WindStormWED.jpg --> home.infostations.net /private/BM04 WindStormWED.jpg
2004.11.01 22:55 B K:\Kalitara\Kalitara's Documents\Kalitara Web Page\BM04\CoffeeWenchWED.jpg --> home.infostations.net /private/BM04 CoffeeWenchWED.jpg
2004.11.01 22:55 B K:\Kalitara\Kalitara's Documents\Kalitara Web Page\BM04\TwinsWED.jpg --> home.infostations.net /private/BM04 TwinsWED.jpg
2005.02.07 11:59 B K:\Kalitara\Kalitara's Documents\Kalitara Web Page\BM04\BirthdayBoyWED.jpg --> ftp.2xtreme.net /public_html/kt/BM04 BirthdayBoyWED.jpg
2005.02.07 11:59 B K:\Kalitara\Kalitara's Documents\Kalitara Web Page\BM04\BlackRockCafeTUES.jpg --> ftp.2xtreme.net /public_html/kt/BM04 BlackRockCafeTUES.jpg
2005.02.07 11:59 B K:\Kalitara\Kalitara's Documents\Kalitara Web Page\BM04\BMSIGN.jpg --> ftp.2xtreme.net /public_html/kt/BM04 BMSIGN.jpg
2005.02.07 12:00 B K:\Kalitara\Kalitara's Documents\Kalitara Web Page\BM04\C&ECoctailFRI.jpg --> ftp.2xtreme.net /public_html/kt/BM04 C&ECoctailFRI.jpg
2005.02.07 12:00 B K:\Kalitara\Kalitara's Documents\Kalitara Web Page\BM04\C&EHorseMON.jpg --> ftp.2xtreme.net /public_html/kt/BM04 C&EHorseMON.jpg
2005.02.07 12:01 B K:\Kalitara\Kalitara's Documents\Kalitara Web Page\BM04\C&ETuTuTHURS.jpg --> ftp.2xtreme.net /public_html/kt/BM04 C&ETuTuTHURS.jpg
2005.02.07 12:01 B K:\Kalitara\Kalitara's Documents\Kalitara Web Page\BM04\CHorseMON.jpg --> ftp.2xtreme.net /public_html/kt/BM04 CHorseMON.jpg
2005.02.07 12:01 B K:\Kalitara\Kalitara's Documents\Kalitara Web Page\BM04\christineMONnight.jpg --> ftp.2xtreme.net /public_html/kt/BM04 christineMONnight.jpg
2005.02.07 12:02 B K:\Kalitara\Kalitara's Documents\Kalitara Web Page\BM04\CoffeeWenchWED.jpg --> ftp.2xtreme.net /public_html/kt/BM04 CoffeeWenchWED.jpg
2005.02.07 12:02 B K:\Kalitara\Kalitara's Documents\Kalitara Web Page\BM04\DaddyTHURS.jpg --> ftp.2xtreme.net /public_html/kt/BM04 DaddyTHURS.jpg
2005.02.07 12:03 B K:\Kalitara\Kalitara's Documents\Kalitara Web Page\BM04\DustStormHushvilleTHURS.jpg --> ftp.2xtreme.net /public_html/kt/BM04 DustStormHushvilleTHURS.jpg
2005.02.07 12:03 B K:\Kalitara\Kalitara's Documents\Kalitara Web Page\BM04\DustStormPlayaTHURS.jpg --> ftp.2xtreme.net /public_html/kt/BM04 DustStormPlayaTHURS.jpg
2005.02.07 12:03 B K:\Kalitara\Kalitara's Documents\Kalitara Web Page\BM04\E&CTHURS.jpg --> ftp.2xtreme.net /public_html/kt/BM04 E&CTHURS.jpg
2005.02.07 12:04 B K:\Kalitara\Kalitara's Documents\Kalitara Web Page\BM04\EdFrockWED.jpg --> ftp.2xtreme.net /public_html/kt/BM04 EdFrockWED.jpg
2005.02.07 12:04 B K:\Kalitara\Kalitara's Documents\Kalitara Web Page\BM04\EthansBuddyWED.jpg --> ftp.2xtreme.net /public_html/kt/BM04 EthansBuddyWED.jpg
2005.02.07 12:05 B K:\Kalitara\Kalitara's Documents\Kalitara Web Page\BM04\HushvilleNeighborWED.jpg --> ftp.2xtreme.net /public_html/kt/BM04 HushvilleNeighborWED.jpg
2005.02.07 12:05 B K:\Kalitara\Kalitara's Documents\Kalitara Web Page\BM04\LoungeFRI.jpg --> ftp.2xtreme.net /public_html/kt/BM04 LoungeFRI.jpg
2005.02.07 12:05 B K:\Kalitara\Kalitara's Documents\Kalitara Web Page\BM04\MoonRiseSAT.jpg --> ftp.2xtreme.net /public_html/kt/BM04 MoonRiseSAT.jpg
2005.02.07 12:06 B K:\Kalitara\Kalitara's Documents\Kalitara Web Page\BM04\NakedTuesday.jpg --> ftp.2xtreme.net /public_html/kt/BM04 NakedTuesday.jpg
2005.02.07 12:06 B K:\Kalitara\Kalitara's Documents\Kalitara Web Page\BM04\NewFrockTUES.jpg --> ftp.2xtreme.net /public_html/kt/BM04 NewFrockTUES.jpg
2005.02.07 12:07 B K:\Kalitara\Kalitara's Documents\Kalitara Web Page\BM04\Online@BMMON.jpg --> ftp.2xtreme.net /public_html/kt/BM04 Online@BMMON.jpg
2005.02.07 12:07 B K:\Kalitara\Kalitara's Documents\Kalitara Web Page\BM04\PlayacakesWED.jpg --> ftp.2xtreme.net /public_html/kt/BM04 PlayacakesWED.jpg
2005.02.07 12:07 B K:\Kalitara\Kalitara's Documents\Kalitara Web Page\BM04\PlayacakeTuTuTHURS.jpg --> ftp.2xtreme.net /public_html/kt/BM04 PlayacakeTuTuTHURS.jpg
2005.02.07 12:08 B K:\Kalitara\Kalitara's Documents\Kalitara Web Page\BM04\SexyMrFixItMON.jpg --> ftp.2xtreme.net /public_html/kt/BM04 SexyMrFixItMON.jpg
2005.02.07 12:08 B K:\Kalitara\Kalitara's Documents\Kalitara Web Page\BM04\TankGirlTHURS-X.jpg --> ftp.2xtreme.net /public_html/kt/BM04 TankGirlTHURS-X.jpg
2005.02.07 12:09 B K:\Kalitara\Kalitara's Documents\Kalitara Web Page\BM04\TempleFRI.jpg --> ftp.2xtreme.net /public_html/kt/BM04 TempleFRI.jpg
2005.02.07 12:10 B K:\Kalitara\Kalitara's Documents\Kalitara Web Page\BM04\Thumbs.db --> ftp.2xtreme.net /public_html/kt/BM04 Thumbs.db
2005.02.07 12:10 B K:\Kalitara\Kalitara's Documents\Kalitara Web Page\BM04\TieBoyTHURS.jpg --> ftp.2xtreme.net /public_html/kt/BM04 TieBoyTHURS.jpg
2005.02.07 12:11 B K:\Kalitara\Kalitara's Documents\Kalitara Web Page\BM04\TrollLastSupperTUES.jpg --> ftp.2xtreme.net /public_html/kt/BM04 TrollLastSupperTUES.jpg
2005.02.07 12:11 B K:\Kalitara\Kalitara's Documents\Kalitara Web Page\BM04\TuTuPancakesTHURS.jpg --> ftp.2xtreme.net /public_html/kt/BM04 TuTuPancakesTHURS.jpg
2005.02.07 12:11 B K:\Kalitara\Kalitara's Documents\Kalitara Web Page\BM04\TuTuTHURS.jpg --> ftp.2xtreme.net /public_html/kt/BM04 TuTuTHURS.jpg
2005.02.07 12:12 B K:\Kalitara\Kalitara's Documents\Kalitara Web Page\BM04\TwinsWED.jpg --> ftp.2xtreme.net /public_html/kt/BM04 TwinsWED.jpg
2005.02.07 12:12 B K:\Kalitara\Kalitara's Documents\Kalitara Web Page\BM04\wagonsTHURS.jpg --> ftp.2xtreme.net /public_html/kt/BM04 wagonsTHURS.jpg
2005.02.07 12:13 B K:\Kalitara\Kalitara's Documents\Kalitara Web Page\BM04\WindStormWED.jpg --> ftp.2xtreme.net /public_html/kt/BM04 WindStormWED.jpg
