2004.05.24 13:48 B K:\Kalitara\Kalitara's Documents\Kalitara Web Page\Burning Man02\bm01.jpg <-- 4Kali /personal/Burning Man02 bm01.jpg
2004.05.24 13:48 B K:\Kalitara\Kalitara's Documents\Kalitara Web Page\Burning Man02\bm02.jpg <-- 4Kali /personal/Burning Man02 bm02.jpg
2004.05.24 13:49 B K:\Kalitara\Kalitara's Documents\Kalitara Web Page\Burning Man02\bm03-1.jpg <-- 4Kali /personal/Burning Man02 bm03-1.jpg
2004.05.24 13:49 B K:\Kalitara\Kalitara's Documents\Kalitara Web Page\Burning Man02\bm03.jpg <-- 4Kali /personal/Burning Man02 bm03.jpg
2004.05.24 13:50 B K:\Kalitara\Kalitara's Documents\Kalitara Web Page\Burning Man02\bm04.jpg <-- 4Kali /personal/Burning Man02 bm04.jpg
2004.05.24 13:50 B K:\Kalitara\Kalitara's Documents\Kalitara Web Page\Burning Man02\bm05.jpg <-- 4Kali /personal/Burning Man02 bm05.jpg
2004.05.24 13:51 B K:\Kalitara\Kalitara's Documents\Kalitara Web Page\Burning Man02\bm06.jpg <-- 4Kali /personal/Burning Man02 bm06.jpg
2004.05.24 13:52 B K:\Kalitara\Kalitara's Documents\Kalitara Web Page\Burning Man02\bm07.jpg <-- 4Kali /personal/Burning Man02 bm07.jpg
2004.05.24 13:53 B K:\Kalitara\Kalitara's Documents\Kalitara Web Page\Burning Man02\bm08.jpg <-- 4Kali /personal/Burning Man02 bm08.jpg
2004.05.24 13:55 B K:\Kalitara\Kalitara's Documents\Kalitara Web Page\Burning Man02\bm09.jpg <-- 4Kali /personal/Burning Man02 bm09.jpg
2004.05.24 13:55 B K:\Kalitara\Kalitara's Documents\Kalitara Web Page\Burning Man02\bm10.jpg <-- 4Kali /personal/Burning Man02 bm10.jpg
2004.05.24 13:56 B K:\Kalitara\Kalitara's Documents\Kalitara Web Page\Burning Man02\bm11.jpg <-- 4Kali /personal/Burning Man02 bm11.jpg
2004.05.24 13:57 B K:\Kalitara\Kalitara's Documents\Kalitara Web Page\Burning Man02\bm12.jpg <-- 4Kali /personal/Burning Man02 bm12.jpg
2004.05.24 13:58 B K:\Kalitara\Kalitara's Documents\Kalitara Web Page\Burning Man02\bm13.jpg <-- 4Kali /personal/Burning Man02 bm13.jpg
2004.05.24 13:58 B K:\Kalitara\Kalitara's Documents\Kalitara Web Page\Burning Man02\bm14.jpg <-- 4Kali /personal/Burning Man02 bm14.jpg
2004.05.24 13:59 B K:\Kalitara\Kalitara's Documents\Kalitara Web Page\Burning Man02\bm15.jpg <-- 4Kali /personal/Burning Man02 bm15.jpg
2004.05.25 22:35 B K:\Kalitara\Kalitara's Documents\Kalitara Web Page\Burning Man02\bm16.jpg <-- 4Kali /personal/Burning Man02 bm16.jpg
2004.05.25 22:40 B K:\Kalitara\Kalitara's Documents\Kalitara Web Page\Burning Man02\bm17.jpg <-- 4Kali /personal/Burning Man02 bm17.jpg
2004.05.25 22:41 B K:\Kalitara\Kalitara's Documents\Kalitara Web Page\Burning Man02\bm18.jpg <-- 4Kali /personal/Burning Man02 bm18.jpg
2004.05.25 22:41 B K:\Kalitara\Kalitara's Documents\Kalitara Web Page\Burning Man02\bm19.jpg <-- 4Kali /personal/Burning Man02 bm19.jpg
2004.05.25 22:42 B K:\Kalitara\Kalitara's Documents\Kalitara Web Page\Burning Man02\bm20.jpg <-- 4Kali /personal/Burning Man02 bm20.jpg
2004.05.25 22:42 B K:\Kalitara\Kalitara's Documents\Kalitara Web Page\Burning Man02\bm21.jpg <-- 4Kali /personal/Burning Man02 bm21.jpg
2004.05.29 18:15 B K:\Kalitara\Kalitara's Documents\Kalitara Web Page\Burning Man02\bm23.jpg <-- 4Kali /personal/Burning Man02 bm23.jpg
2004.05.29 18:15 B K:\Kalitara\Kalitara's Documents\Kalitara Web Page\Burning Man02\bm24.jpg <-- 4Kali /personal/Burning Man02 bm24.jpg
2004.05.29 18:15 B K:\Kalitara\Kalitara's Documents\Kalitara Web Page\Burning Man02\bm25.jpg <-- 4Kali /personal/Burning Man02 bm25.jpg
2004.05.29 18:15 B K:\Kalitara\Kalitara's Documents\Kalitara Web Page\Burning Man02\bm26.jpg <-- 4Kali /personal/Burning Man02 bm26.jpg
2004.05.29 18:15 B K:\Kalitara\Kalitara's Documents\Kalitara Web Page\Burning Man02\bm27.jpg <-- 4Kali /personal/Burning Man02 bm27.jpg
2004.05.29 18:15 B K:\Kalitara\Kalitara's Documents\Kalitara Web Page\Burning Man02\bm28.jpg <-- 4Kali /personal/Burning Man02 bm28.jpg
2004.05.29 18:16 B K:\Kalitara\Kalitara's Documents\Kalitara Web Page\Burning Man02\bm29.jpg <-- 4Kali /personal/Burning Man02 bm29.jpg
2004.05.29 18:16 B K:\Kalitara\Kalitara's Documents\Kalitara Web Page\Burning Man02\bm30.jpg <-- 4Kali /personal/Burning Man02 bm30.jpg
2004.05.29 18:16 B K:\Kalitara\Kalitara's Documents\Kalitara Web Page\Burning Man02\bm31.jpg <-- 4Kali /personal/Burning Man02 bm31.jpg
2004.05.29 18:16 B K:\Kalitara\Kalitara's Documents\Kalitara Web Page\Burning Man02\bm32.jpg <-- 4Kali /personal/Burning Man02 bm32.jpg
2004.05.29 18:16 B K:\Kalitara\Kalitara's Documents\Kalitara Web Page\Burning Man02\bm33.jpg <-- 4Kali /personal/Burning Man02 bm33.jpg
2004.05.29 18:16 B K:\Kalitara\Kalitara's Documents\Kalitara Web Page\Burning Man02\bm34.jpg <-- 4Kali /personal/Burning Man02 bm34.jpg
2004.05.29 18:16 B K:\Kalitara\Kalitara's Documents\Kalitara Web Page\Burning Man02\bm35.jpg <-- 4Kali /personal/Burning Man02 bm35.jpg
2004.05.29 18:16 B K:\Kalitara\Kalitara's Documents\Kalitara Web Page\Burning Man02\bm36.jpg <-- 4Kali /personal/Burning Man02 bm36.jpg
2004.05.29 18:16 B K:\Kalitara\Kalitara's Documents\Kalitara Web Page\Burning Man02\bm37.jpg <-- 4Kali /personal/Burning Man02 bm37.jpg
2004.10.19 10:17 B K:\Kalitara\Kalitara's Documents\Kalitara Web Page\Burning Man02\bm01.jpg --> home.infostations.net /private/Burning Man02 bm01.jpg
2004.10.19 10:17 B K:\Kalitara\Kalitara's Documents\Kalitara Web Page\Burning Man02\bm02.jpg --> home.infostations.net /private/Burning Man02 bm02.jpg
2004.10.19 10:17 B K:\Kalitara\Kalitara's Documents\Kalitara Web Page\Burning Man02\bm03-1.jpg --> home.infostations.net /private/Burning Man02 bm03-1.jpg
2004.10.19 10:18 B K:\Kalitara\Kalitara's Documents\Kalitara Web Page\Burning Man02\bm03.jpg --> home.infostations.net /private/Burning Man02 bm03.jpg
2004.10.19 10:18 B K:\Kalitara\Kalitara's Documents\Kalitara Web Page\Burning Man02\bm04.jpg --> home.infostations.net /private/Burning Man02 bm04.jpg
2004.10.19 10:18 B K:\Kalitara\Kalitara's Documents\Kalitara Web Page\Burning Man02\bm05.jpg --> home.infostations.net /private/Burning Man02 bm05.jpg
2004.10.19 10:18 B K:\Kalitara\Kalitara's Documents\Kalitara Web Page\Burning Man02\bm06.jpg --> home.infostations.net /private/Burning Man02 bm06.jpg
2004.10.19 10:18 B K:\Kalitara\Kalitara's Documents\Kalitara Web Page\Burning Man02\bm07.jpg --> home.infostations.net /private/Burning Man02 bm07.jpg
2004.10.19 10:18 B K:\Kalitara\Kalitara's Documents\Kalitara Web Page\Burning Man02\bm08.jpg --> home.infostations.net /private/Burning Man02 bm08.jpg
2004.10.19 10:19 B K:\Kalitara\Kalitara's Documents\Kalitara Web Page\Burning Man02\bm09.jpg --> home.infostations.net /private/Burning Man02 bm09.jpg
2004.10.19 10:19 B K:\Kalitara\Kalitara's Documents\Kalitara Web Page\Burning Man02\bm10.jpg --> home.infostations.net /private/Burning Man02 bm10.jpg
2004.10.19 10:19 B K:\Kalitara\Kalitara's Documents\Kalitara Web Page\Burning Man02\bm11.jpg --> home.infostations.net /private/Burning Man02 bm11.jpg
2004.10.19 10:19 B K:\Kalitara\Kalitara's Documents\Kalitara Web Page\Burning Man02\bm12.jpg --> home.infostations.net /private/Burning Man02 bm12.jpg
2004.10.19 10:19 B K:\Kalitara\Kalitara's Documents\Kalitara Web Page\Burning Man02\bm13.jpg --> home.infostations.net /private/Burning Man02 bm13.jpg
2004.10.19 10:19 B K:\Kalitara\Kalitara's Documents\Kalitara Web Page\Burning Man02\bm14.jpg --> home.infostations.net /private/Burning Man02 bm14.jpg
2004.10.19 10:19 B K:\Kalitara\Kalitara's Documents\Kalitara Web Page\Burning Man02\bm15.jpg --> home.infostations.net /private/Burning Man02 bm15.jpg
2004.10.19 10:20 B K:\Kalitara\Kalitara's Documents\Kalitara Web Page\Burning Man02\bm16.jpg --> home.infostations.net /private/Burning Man02 bm16.jpg
2004.10.19 10:20 B K:\Kalitara\Kalitara's Documents\Kalitara Web Page\Burning Man02\bm17.jpg --> home.infostations.net /private/Burning Man02 bm17.jpg
2004.10.19 10:20 B K:\Kalitara\Kalitara's Documents\Kalitara Web Page\Burning Man02\bm18.jpg --> home.infostations.net /private/Burning Man02 bm18.jpg
2004.10.19 10:20 B K:\Kalitara\Kalitara's Documents\Kalitara Web Page\Burning Man02\bm19.jpg --> home.infostations.net /private/Burning Man02 bm19.jpg
2004.10.19 10:20 B K:\Kalitara\Kalitara's Documents\Kalitara Web Page\Burning Man02\bm20.jpg --> home.infostations.net /private/Burning Man02 bm20.jpg
2004.10.19 10:21 B K:\Kalitara\Kalitara's Documents\Kalitara Web Page\Burning Man02\bm21.jpg --> home.infostations.net /private/Burning Man02 bm21.jpg
2004.10.19 10:21 B K:\Kalitara\Kalitara's Documents\Kalitara Web Page\Burning Man02\bm22.jpg --> home.infostations.net /private/Burning Man02 bm22.jpg
2004.10.19 10:21 B K:\Kalitara\Kalitara's Documents\Kalitara Web Page\Burning Man02\bm23.jpg --> home.infostations.net /private/Burning Man02 bm23.jpg
2004.10.19 10:21 B K:\Kalitara\Kalitara's Documents\Kalitara Web Page\Burning Man02\bm24.jpg --> home.infostations.net /private/Burning Man02 bm24.jpg
2004.10.19 10:21 B K:\Kalitara\Kalitara's Documents\Kalitara Web Page\Burning Man02\bm25.jpg --> home.infostations.net /private/Burning Man02 bm25.jpg
2004.10.19 10:21 B K:\Kalitara\Kalitara's Documents\Kalitara Web Page\Burning Man02\bm26.jpg --> home.infostations.net /private/Burning Man02 bm26.jpg
2004.10.19 10:21 B K:\Kalitara\Kalitara's Documents\Kalitara Web Page\Burning Man02\bm27.jpg --> home.infostations.net /private/Burning Man02 bm27.jpg
2004.10.19 10:22 B K:\Kalitara\Kalitara's Documents\Kalitara Web Page\Burning Man02\bm28.jpg --> home.infostations.net /private/Burning Man02 bm28.jpg
2004.10.19 10:22 B K:\Kalitara\Kalitara's Documents\Kalitara Web Page\Burning Man02\bm29.jpg --> home.infostations.net /private/Burning Man02 bm29.jpg
2004.10.19 10:22 B K:\Kalitara\Kalitara's Documents\Kalitara Web Page\Burning Man02\bm30.jpg --> home.infostations.net /private/Burning Man02 bm30.jpg
2004.10.19 10:23 B K:\Kalitara\Kalitara's Documents\Kalitara Web Page\Burning Man02\bm31.jpg --> home.infostations.net /private/Burning Man02 bm31.jpg
2004.10.19 10:23 B K:\Kalitara\Kalitara's Documents\Kalitara Web Page\Burning Man02\bm32.jpg --> home.infostations.net /private/Burning Man02 bm32.jpg
2004.10.19 10:23 B K:\Kalitara\Kalitara's Documents\Kalitara Web Page\Burning Man02\bm33.jpg --> home.infostations.net /private/Burning Man02 bm33.jpg
2004.10.19 10:23 B K:\Kalitara\Kalitara's Documents\Kalitara Web Page\Burning Man02\bm34.jpg --> home.infostations.net /private/Burning Man02 bm34.jpg
2004.10.19 10:38 B K:\Kalitara\Kalitara's Documents\Kalitara Web Page\Burning Man02\bm34.jpg --> home.infostations.net /private/Burning Man02 bm34.jpg
2004.10.19 10:38 B K:\Kalitara\Kalitara's Documents\Kalitara Web Page\Burning Man02\bm35.jpg --> home.infostations.net /private/Burning Man02 bm35.jpg
2004.10.19 10:38 B K:\Kalitara\Kalitara's Documents\Kalitara Web Page\Burning Man02\bm36.jpg --> home.infostations.net /private/Burning Man02 bm36.jpg
2004.10.19 10:38 B K:\Kalitara\Kalitara's Documents\Kalitara Web Page\Burning Man02\bm37.jpg --> home.infostations.net /private/Burning Man02 bm37.jpg
2004.10.19 10:38 B K:\Kalitara\Kalitara's Documents\Kalitara Web Page\Burning Man02\Thumbs.db --> home.infostations.net /private/Burning Man02 Thumbs.db
2004.10.19 10:38 B K:\Kalitara\Kalitara's Documents\Kalitara Web Page\Burning Man02\WS_FTP.LOG --> home.infostations.net /private/Burning Man02 WS_FTP.LOG
