2004.05.29 18:18 B K:\Kalitara\Kalitara's Documents\Kalitara Web Page\garden\almostfinished.jpg <-- 4Kali /personal/garden almostfinished.jpg
2004.05.29 18:18 B K:\Kalitara\Kalitara's Documents\Kalitara Web Page\garden\before.jpg <-- 4Kali /personal/garden before.jpg
2004.05.29 18:18 B K:\Kalitara\Kalitara's Documents\Kalitara Web Page\garden\bunnycakes.jpg <-- 4Kali /personal/garden bunnycakes.jpg
2004.05.29 18:18 B K:\Kalitara\Kalitara's Documents\Kalitara Web Page\garden\bunnyperky.jpg <-- 4Kali /personal/garden bunnyperky.jpg
2004.05.29 18:18 B K:\Kalitara\Kalitara's Documents\Kalitara Web Page\garden\bunnytired.jpg <-- 4Kali /personal/garden bunnytired.jpg
2004.05.29 18:18 B K:\Kalitara\Kalitara's Documents\Kalitara Web Page\garden\dogwood.jpg <-- 4Kali /personal/garden dogwood.jpg
2004.05.29 18:18 B K:\Kalitara\Kalitara's Documents\Kalitara Web Page\garden\ethan.jpg <-- 4Kali /personal/garden ethan.jpg
2004.05.29 18:18 B K:\Kalitara\Kalitara's Documents\Kalitara Web Page\garden\ethanwork.jpg <-- 4Kali /personal/garden ethanwork.jpg
2004.05.29 18:18 B K:\Kalitara\Kalitara's Documents\Kalitara Web Page\garden\fairy.jpg <-- 4Kali /personal/garden fairy.jpg
2004.05.29 18:18 B K:\Kalitara\Kalitara's Documents\Kalitara Web Page\garden\gardenstart.jpg <-- 4Kali /personal/garden gardenstart.jpg
2004.05.29 18:19 B K:\Kalitara\Kalitara's Documents\Kalitara Web Page\garden\gardenstartclose.jpg <-- 4Kali /personal/garden gardenstartclose.jpg
2004.05.29 18:19 B K:\Kalitara\Kalitara's Documents\Kalitara Web Page\garden\herbclose.jpg <-- 4Kali /personal/garden herbclose.jpg
2004.05.29 18:19 B K:\Kalitara\Kalitara's Documents\Kalitara Web Page\garden\herbgarden.jpg <-- 4Kali /personal/garden herbgarden.jpg
2004.05.29 18:19 B K:\Kalitara\Kalitara's Documents\Kalitara Web Page\garden\mehat.jpg <-- 4Kali /personal/garden mehat.jpg
2004.05.29 18:19 B K:\Kalitara\Kalitara's Documents\Kalitara Web Page\garden\mehat2.jpg <-- 4Kali /personal/garden mehat2.jpg
2004.05.29 18:19 B K:\Kalitara\Kalitara's Documents\Kalitara Web Page\garden\newyard.jpg <-- 4Kali /personal/garden newyard.jpg
2004.05.29 18:19 B K:\Kalitara\Kalitara's Documents\Kalitara Web Page\garden\plants.jpg <-- 4Kali /personal/garden plants.jpg
2004.05.29 18:19 B K:\Kalitara\Kalitara's Documents\Kalitara Web Page\garden\rainynight.jpg <-- 4Kali /personal/garden rainynight.jpg
2004.05.29 18:19 B K:\Kalitara\Kalitara's Documents\Kalitara Web Page\garden\shadegarden.jpg <-- 4Kali /personal/garden shadegarden.jpg
2004.05.29 18:19 B K:\Kalitara\Kalitara's Documents\Kalitara Web Page\garden\walkway.jpg <-- 4Kali /personal/garden walkway.jpg
2004.05.29 18:19 B K:\Kalitara\Kalitara's Documents\Kalitara Web Page\garden\walkwayclose.jpg <-- 4Kali /personal/garden walkwayclose.jpg
2004.05.29 18:19 B K:\Kalitara\Kalitara's Documents\Kalitara Web Page\garden\yard.jpg <-- 4Kali /personal/garden yard.jpg
2004.10.19 10:43 B K:\Kalitara\Kalitara's Documents\Kalitara Web Page\garden\almostfinished.jpg --> home.infostations.net /private/garden almostfinished.jpg
2004.10.19 10:43 B K:\Kalitara\Kalitara's Documents\Kalitara Web Page\garden\before.jpg --> home.infostations.net /private/garden before.jpg
2004.10.19 10:43 B K:\Kalitara\Kalitara's Documents\Kalitara Web Page\garden\bunnycakes.jpg --> home.infostations.net /private/garden bunnycakes.jpg
2004.10.19 10:43 B K:\Kalitara\Kalitara's Documents\Kalitara Web Page\garden\bunnyperky.jpg --> home.infostations.net /private/garden bunnyperky.jpg
2004.10.19 10:43 B K:\Kalitara\Kalitara's Documents\Kalitara Web Page\garden\bunnytired.jpg --> home.infostations.net /private/garden bunnytired.jpg
2004.10.19 10:43 B K:\Kalitara\Kalitara's Documents\Kalitara Web Page\garden\dogwood.jpg --> home.infostations.net /private/garden dogwood.jpg
2004.10.19 10:43 B K:\Kalitara\Kalitara's Documents\Kalitara Web Page\garden\ethan.jpg --> home.infostations.net /private/garden ethan.jpg
2004.10.19 10:44 B K:\Kalitara\Kalitara's Documents\Kalitara Web Page\garden\ethanwork.jpg --> home.infostations.net /private/garden ethanwork.jpg
2004.10.19 10:44 B K:\Kalitara\Kalitara's Documents\Kalitara Web Page\garden\fairy.jpg --> home.infostations.net /private/garden fairy.jpg
2004.10.19 10:44 B K:\Kalitara\Kalitara's Documents\Kalitara Web Page\garden\gardenstart.jpg --> home.infostations.net /private/garden gardenstart.jpg
2004.10.19 10:44 B K:\Kalitara\Kalitara's Documents\Kalitara Web Page\garden\gardenstartclose.jpg --> home.infostations.net /private/garden gardenstartclose.jpg
2004.10.19 10:44 B K:\Kalitara\Kalitara's Documents\Kalitara Web Page\garden\herbclose.jpg --> home.infostations.net /private/garden herbclose.jpg
2004.10.19 10:45 B K:\Kalitara\Kalitara's Documents\Kalitara Web Page\garden\herbgarden.jpg --> home.infostations.net /private/garden herbgarden.jpg
2004.10.19 10:45 B K:\Kalitara\Kalitara's Documents\Kalitara Web Page\garden\mehat.jpg --> home.infostations.net /private/garden mehat.jpg
2004.10.19 10:45 B K:\Kalitara\Kalitara's Documents\Kalitara Web Page\garden\mehat2.jpg --> home.infostations.net /private/garden mehat2.jpg
2004.10.19 10:45 B K:\Kalitara\Kalitara's Documents\Kalitara Web Page\garden\newyard.jpg --> home.infostations.net /private/garden newyard.jpg
2004.10.19 10:45 B K:\Kalitara\Kalitara's Documents\Kalitara Web Page\garden\plants.jpg --> home.infostations.net /private/garden plants.jpg
2004.10.19 10:45 B K:\Kalitara\Kalitara's Documents\Kalitara Web Page\garden\rainynight.jpg --> home.infostations.net /private/garden rainynight.jpg
2004.10.19 10:46 B K:\Kalitara\Kalitara's Documents\Kalitara Web Page\garden\shadegarden.jpg --> home.infostations.net /private/garden shadegarden.jpg
2004.10.19 10:46 B K:\Kalitara\Kalitara's Documents\Kalitara Web Page\garden\Thumbs.db --> home.infostations.net /private/garden Thumbs.db
2004.10.19 10:46 B K:\Kalitara\Kalitara's Documents\Kalitara Web Page\garden\walkway.jpg --> home.infostations.net /private/garden walkway.jpg
2004.10.19 10:46 B K:\Kalitara\Kalitara's Documents\Kalitara Web Page\garden\walkwayclose.jpg --> home.infostations.net /private/garden walkwayclose.jpg
2004.10.19 10:46 B K:\Kalitara\Kalitara's Documents\Kalitara Web Page\garden\WS_FTP.LOG --> home.infostations.net /private/garden WS_FTP.LOG
2004.10.19 10:46 B K:\Kalitara\Kalitara's Documents\Kalitara Web Page\garden\yard.jpg --> home.infostations.net /private/garden yard.jpg
