2004.05.29 18:23 B K:\Kalitara\Kalitara's Documents\Kalitara Web Page\m15\hol0.jpg <-- 4Kali /personal/m15 hol0.jpg
2004.05.29 18:23 B K:\Kalitara\Kalitara's Documents\Kalitara Web Page\m15\hol1.jpg <-- 4Kali /personal/m15 hol1.jpg
2004.05.29 18:23 B K:\Kalitara\Kalitara's Documents\Kalitara Web Page\m15\hol10.jpg <-- 4Kali /personal/m15 hol10.jpg
2004.05.29 18:23 B K:\Kalitara\Kalitara's Documents\Kalitara Web Page\m15\hol11.jpg <-- 4Kali /personal/m15 hol11.jpg
2004.05.29 18:23 B K:\Kalitara\Kalitara's Documents\Kalitara Web Page\m15\hol12.jpg <-- 4Kali /personal/m15 hol12.jpg
2004.05.29 18:23 B K:\Kalitara\Kalitara's Documents\Kalitara Web Page\m15\hol13.jpg <-- 4Kali /personal/m15 hol13.jpg
2004.05.29 18:23 B K:\Kalitara\Kalitara's Documents\Kalitara Web Page\m15\hol14.jpg <-- 4Kali /personal/m15 hol14.jpg
2004.05.29 18:23 B K:\Kalitara\Kalitara's Documents\Kalitara Web Page\m15\hol15.jpg <-- 4Kali /personal/m15 hol15.jpg
2004.05.29 18:23 B K:\Kalitara\Kalitara's Documents\Kalitara Web Page\m15\hol2.jpg <-- 4Kali /personal/m15 hol2.jpg
2004.05.29 18:23 B K:\Kalitara\Kalitara's Documents\Kalitara Web Page\m15\hol3.jpg <-- 4Kali /personal/m15 hol3.jpg
2004.05.29 18:23 B K:\Kalitara\Kalitara's Documents\Kalitara Web Page\m15\hol4.jpg <-- 4Kali /personal/m15 hol4.jpg
2004.05.29 18:23 B K:\Kalitara\Kalitara's Documents\Kalitara Web Page\m15\hol5.jpg <-- 4Kali /personal/m15 hol5.jpg
2004.05.29 18:23 B K:\Kalitara\Kalitara's Documents\Kalitara Web Page\m15\hol6.jpg <-- 4Kali /personal/m15 hol6.jpg
2004.05.29 18:23 B K:\Kalitara\Kalitara's Documents\Kalitara Web Page\m15\hol7.jpg <-- 4Kali /personal/m15 hol7.jpg
2004.05.29 18:23 B K:\Kalitara\Kalitara's Documents\Kalitara Web Page\m15\hol8.jpg <-- 4Kali /personal/m15 hol8.jpg
2004.05.29 18:23 B K:\Kalitara\Kalitara's Documents\Kalitara Web Page\m15\hol9.jpg <-- 4Kali /personal/m15 hol9.jpg
2004.05.29 18:23 B K:\Kalitara\Kalitara's Documents\Kalitara Web Page\m15\Thumbs.db <-- 4Kali /personal/m15 Thumbs.db
2004.10.19 12:27 B K:\Kalitara\Kalitara's Documents\Kalitara Web Page\m15\hol0.jpg --> home.infostations.net /private/m15 hol0.jpg
2004.10.19 12:27 B K:\Kalitara\Kalitara's Documents\Kalitara Web Page\m15\hol1.jpg --> home.infostations.net /private/m15 hol1.jpg
2004.10.19 12:27 B K:\Kalitara\Kalitara's Documents\Kalitara Web Page\m15\hol10.jpg --> home.infostations.net /private/m15 hol10.jpg
2004.10.19 12:27 B K:\Kalitara\Kalitara's Documents\Kalitara Web Page\m15\hol11.jpg --> home.infostations.net /private/m15 hol11.jpg
2004.10.19 12:27 B K:\Kalitara\Kalitara's Documents\Kalitara Web Page\m15\hol12.jpg --> home.infostations.net /private/m15 hol12.jpg
2004.10.19 12:27 B K:\Kalitara\Kalitara's Documents\Kalitara Web Page\m15\hol13.jpg --> home.infostations.net /private/m15 hol13.jpg
2004.10.19 12:27 B K:\Kalitara\Kalitara's Documents\Kalitara Web Page\m15\hol14.jpg --> home.infostations.net /private/m15 hol14.jpg
2004.10.19 12:27 B K:\Kalitara\Kalitara's Documents\Kalitara Web Page\m15\hol15.jpg --> home.infostations.net /private/m15 hol15.jpg
2004.10.19 12:27 B K:\Kalitara\Kalitara's Documents\Kalitara Web Page\m15\hol2.jpg --> home.infostations.net /private/m15 hol2.jpg
2004.10.19 12:27 B K:\Kalitara\Kalitara's Documents\Kalitara Web Page\m15\hol3.jpg --> home.infostations.net /private/m15 hol3.jpg
2004.10.19 12:27 B K:\Kalitara\Kalitara's Documents\Kalitara Web Page\m15\hol4.jpg --> home.infostations.net /private/m15 hol4.jpg
2004.10.19 12:28 B K:\Kalitara\Kalitara's Documents\Kalitara Web Page\m15\hol5.jpg --> home.infostations.net /private/m15 hol5.jpg
2004.10.19 12:28 B K:\Kalitara\Kalitara's Documents\Kalitara Web Page\m15\hol6.jpg --> home.infostations.net /private/m15 hol6.jpg
2004.10.19 12:28 B K:\Kalitara\Kalitara's Documents\Kalitara Web Page\m15\hol7.jpg --> home.infostations.net /private/m15 hol7.jpg
2004.10.19 12:28 B K:\Kalitara\Kalitara's Documents\Kalitara Web Page\m15\hol8.jpg --> home.infostations.net /private/m15 hol8.jpg
2004.10.19 12:28 B K:\Kalitara\Kalitara's Documents\Kalitara Web Page\m15\hol9.jpg --> home.infostations.net /private/m15 hol9.jpg
2004.10.19 12:28 B K:\Kalitara\Kalitara's Documents\Kalitara Web Page\m15\Thumbs.db --> home.infostations.net /private/m15 Thumbs.db
2004.10.19 12:28 B K:\Kalitara\Kalitara's Documents\Kalitara Web Page\m15\WS_FTP.LOG --> home.infostations.net /private/m15 WS_FTP.LOG
