2004.05.29 18:23 B K:\Kalitara\Kalitara's Documents\Kalitara Web Page\march\hol0.jpg <-- 4Kali /personal/march hol0.jpg
2004.05.29 18:23 B K:\Kalitara\Kalitara's Documents\Kalitara Web Page\march\hol1.jpg <-- 4Kali /personal/march hol1.jpg
2004.05.29 18:23 B K:\Kalitara\Kalitara's Documents\Kalitara Web Page\march\hol10.jpg <-- 4Kali /personal/march hol10.jpg
2004.05.29 18:23 B K:\Kalitara\Kalitara's Documents\Kalitara Web Page\march\hol11.jpg <-- 4Kali /personal/march hol11.jpg
2004.05.29 18:23 B K:\Kalitara\Kalitara's Documents\Kalitara Web Page\march\hol12.jpg <-- 4Kali /personal/march hol12.jpg
2004.05.29 18:23 B K:\Kalitara\Kalitara's Documents\Kalitara Web Page\march\hol13.jpg <-- 4Kali /personal/march hol13.jpg
2004.05.29 18:24 B K:\Kalitara\Kalitara's Documents\Kalitara Web Page\march\hol2.jpg <-- 4Kali /personal/march hol2.jpg
2004.05.29 18:24 B K:\Kalitara\Kalitara's Documents\Kalitara Web Page\march\hol3.jpg <-- 4Kali /personal/march hol3.jpg
2004.05.29 18:24 B K:\Kalitara\Kalitara's Documents\Kalitara Web Page\march\hol4.jpg <-- 4Kali /personal/march hol4.jpg
2004.05.29 18:24 B K:\Kalitara\Kalitara's Documents\Kalitara Web Page\march\hol5.jpg <-- 4Kali /personal/march hol5.jpg
2004.05.29 18:24 B K:\Kalitara\Kalitara's Documents\Kalitara Web Page\march\hol6.jpg <-- 4Kali /personal/march hol6.jpg
2004.05.29 18:24 B K:\Kalitara\Kalitara's Documents\Kalitara Web Page\march\hol7.jpg <-- 4Kali /personal/march hol7.jpg
2004.05.29 18:24 B K:\Kalitara\Kalitara's Documents\Kalitara Web Page\march\hol8.jpg <-- 4Kali /personal/march hol8.jpg
2004.05.29 18:24 B K:\Kalitara\Kalitara's Documents\Kalitara Web Page\march\hol9.jpg <-- 4Kali /personal/march hol9.jpg
2004.05.29 18:24 B K:\Kalitara\Kalitara's Documents\Kalitara Web Page\march\Thumbs.db <-- 4Kali /personal/march Thumbs.db
2004.10.19 12:28 B K:\Kalitara\Kalitara's Documents\Kalitara Web Page\march\hol0.jpg --> home.infostations.net /private/march hol0.jpg
2004.10.19 12:28 B K:\Kalitara\Kalitara's Documents\Kalitara Web Page\march\hol1.jpg --> home.infostations.net /private/march hol1.jpg
2004.10.19 12:28 B K:\Kalitara\Kalitara's Documents\Kalitara Web Page\march\hol10.jpg --> home.infostations.net /private/march hol10.jpg
2004.10.19 12:28 B K:\Kalitara\Kalitara's Documents\Kalitara Web Page\march\hol11.jpg --> home.infostations.net /private/march hol11.jpg
2004.10.19 12:28 B K:\Kalitara\Kalitara's Documents\Kalitara Web Page\march\hol12.jpg --> home.infostations.net /private/march hol12.jpg
2004.10.19 12:28 B K:\Kalitara\Kalitara's Documents\Kalitara Web Page\march\hol13.jpg --> home.infostations.net /private/march hol13.jpg
2004.10.19 12:28 B K:\Kalitara\Kalitara's Documents\Kalitara Web Page\march\hol2.jpg --> home.infostations.net /private/march hol2.jpg
2004.10.19 12:29 B K:\Kalitara\Kalitara's Documents\Kalitara Web Page\march\hol3.jpg --> home.infostations.net /private/march hol3.jpg
2004.10.19 12:29 B K:\Kalitara\Kalitara's Documents\Kalitara Web Page\march\hol4.jpg --> home.infostations.net /private/march hol4.jpg
2004.10.19 12:29 B K:\Kalitara\Kalitara's Documents\Kalitara Web Page\march\hol5.jpg --> home.infostations.net /private/march hol5.jpg
2004.10.19 12:29 B K:\Kalitara\Kalitara's Documents\Kalitara Web Page\march\hol6.jpg --> home.infostations.net /private/march hol6.jpg
2004.10.19 12:29 B K:\Kalitara\Kalitara's Documents\Kalitara Web Page\march\hol7.jpg --> home.infostations.net /private/march hol7.jpg
2004.10.19 12:29 B K:\Kalitara\Kalitara's Documents\Kalitara Web Page\march\hol8.jpg --> home.infostations.net /private/march hol8.jpg
2004.10.19 12:29 B K:\Kalitara\Kalitara's Documents\Kalitara Web Page\march\hol9.jpg --> home.infostations.net /private/march hol9.jpg
2004.10.19 12:29 B K:\Kalitara\Kalitara's Documents\Kalitara Web Page\march\Thumbs.db --> home.infostations.net /private/march Thumbs.db
2004.10.19 12:29 B K:\Kalitara\Kalitara's Documents\Kalitara Web Page\march\WS_FTP.LOG --> home.infostations.net /private/march WS_FTP.LOG
