2004.01.03 18:44 B C:\Documents and Settings\Computer User\My Documents\Kalitara Web Page\BM03\absinthe.html <-- 4kalitara /personal/BM03 absinthe.html
2004.01.03 18:44 B C:\Documents and Settings\Computer User\My Documents\Kalitara Web Page\BM03\art.html <-- 4kalitara /personal/BM03 art.html
2004.01.03 18:44 B C:\Documents and Settings\Computer User\My Documents\Kalitara Web Page\BM03\barcode.jpg <-- 4kalitara /personal/BM03 barcode.jpg
2004.01.03 18:44 B C:\Documents and Settings\Computer User\My Documents\Kalitara Web Page\BM03\barcode2.jpg <-- 4kalitara /personal/BM03 barcode2.jpg
2004.01.03 18:44 B C:\Documents and Settings\Computer User\My Documents\Kalitara Web Page\BM03\before.html <-- 4kalitara /personal/BM03 before.html
2004.01.03 18:44 B C:\Documents and Settings\Computer User\My Documents\Kalitara Web Page\BM03\beyond.html <-- 4kalitara /personal/BM03 beyond.html
2004.01.03 18:44 B C:\Documents and Settings\Computer User\My Documents\Kalitara Web Page\BM03\bmbg.jpg <-- 4kalitara /personal/BM03 bmbg.jpg
2004.01.03 18:44 B C:\Documents and Settings\Computer User\My Documents\Kalitara Web Page\BM03\bmlogo.jpg <-- 4kalitara /personal/BM03 bmlogo.jpg
2004.01.03 18:45 B C:\Documents and Settings\Computer User\My Documents\Kalitara Web Page\BM03\brgazette.jpg <-- 4kalitara /personal/BM03 brgazette.jpg
2004.01.03 18:45 B C:\Documents and Settings\Computer User\My Documents\Kalitara Web Page\BM03\buggy.html <-- 4kalitara /personal/BM03 buggy.html
2004.01.03 18:45 B C:\Documents and Settings\Computer User\My Documents\Kalitara Web Page\BM03\buggy.jpg <-- 4kalitara /personal/BM03 buggy.jpg
2004.01.03 18:45 B C:\Documents and Settings\Computer User\My Documents\Kalitara Web Page\BM03\damntourists.jpg <-- 4kalitara /personal/BM03 damntourists.jpg
2004.01.03 18:45 B C:\Documents and Settings\Computer User\My Documents\Kalitara Web Page\BM03\domemove1.jpg <-- 4kalitara /personal/BM03 domemove1.jpg
2004.01.03 18:45 B C:\Documents and Settings\Computer User\My Documents\Kalitara Web Page\BM03\domemove2.jpg <-- 4kalitara /personal/BM03 domemove2.jpg
2004.01.03 18:45 B C:\Documents and Settings\Computer User\My Documents\Kalitara Web Page\BM03\elixirbar-work.jpg <-- 4kalitara /personal/BM03 elixirbar-work.jpg
2004.01.03 18:45 B C:\Documents and Settings\Computer User\My Documents\Kalitara Web Page\BM03\elixirbar.jpg <-- 4kalitara /personal/BM03 elixirbar.jpg
2004.01.03 18:45 B C:\Documents and Settings\Computer User\My Documents\Kalitara Web Page\BM03\fountain.html <-- 4kalitara /personal/BM03 fountain.html
2004.01.03 18:46 B C:\Documents and Settings\Computer User\My Documents\Kalitara Web Page\BM03\fountain1.jpg <-- 4kalitara /personal/BM03 fountain1.jpg
2004.01.03 18:46 B C:\Documents and Settings\Computer User\My Documents\Kalitara Web Page\BM03\fountain2.jpg <-- 4kalitara /personal/BM03 fountain2.jpg
2004.01.03 18:46 B C:\Documents and Settings\Computer User\My Documents\Kalitara Web Page\BM03\fountain3.jpg <-- 4kalitara /personal/BM03 fountain3.jpg
2004.01.03 18:46 B C:\Documents and Settings\Computer User\My Documents\Kalitara Web Page\BM03\fountain4.jpg <-- 4kalitara /personal/BM03 fountain4.jpg
2004.01.03 18:46 B C:\Documents and Settings\Computer User\My Documents\Kalitara Web Page\BM03\fountainfinished.jpg <-- 4kalitara /personal/BM03 fountainfinished.jpg
2004.01.03 18:46 B C:\Documents and Settings\Computer User\My Documents\Kalitara Web Page\BM03\friends.html <-- 4kalitara /personal/BM03 friends.html
2004.01.03 18:46 B C:\Documents and Settings\Computer User\My Documents\Kalitara Web Page\BM03\highlights.html <-- 4kalitara /personal/BM03 highlights.html
2004.01.03 18:46 B C:\Documents and Settings\Computer User\My Documents\Kalitara Web Page\BM03\hush.jpg <-- 4kalitara /personal/BM03 hush.jpg
2004.01.03 18:47 B C:\Documents and Settings\Computer User\My Documents\Kalitara Web Page\BM03\hushville.html <-- 4kalitara /personal/BM03 hushville.html
2004.01.03 18:47 B C:\Documents and Settings\Computer User\My Documents\Kalitara Web Page\BM03\HVcocktail1.jpg <-- 4kalitara /personal/BM03 HVcocktail1.jpg
2004.01.03 18:47 B C:\Documents and Settings\Computer User\My Documents\Kalitara Web Page\BM03\HVcocktail2.jpg <-- 4kalitara /personal/BM03 HVcocktail2.jpg
2004.01.03 18:47 B C:\Documents and Settings\Computer User\My Documents\Kalitara Web Page\BM03\HVcocktail3.jpg <-- 4kalitara /personal/BM03 HVcocktail3.jpg
2004.01.03 18:47 B C:\Documents and Settings\Computer User\My Documents\Kalitara Web Page\BM03\icons.html <-- 4kalitara /personal/BM03 icons.html
2004.01.03 18:47 B C:\Documents and Settings\Computer User\My Documents\Kalitara Web Page\BM03\links.html <-- 4kalitara /personal/BM03 links.html
2004.01.03 18:47 B C:\Documents and Settings\Computer User\My Documents\Kalitara Web Page\BM03\main.html <-- 4kalitara /personal/BM03 main.html
2004.01.03 18:47 B C:\Documents and Settings\Computer User\My Documents\Kalitara Web Page\BM03\mefountain.jpg <-- 4kalitara /personal/BM03 mefountain.jpg
2004.01.03 18:47 B C:\Documents and Settings\Computer User\My Documents\Kalitara Web Page\BM03\misc.html <-- 4kalitara /personal/BM03 misc.html
2004.01.03 18:47 B C:\Documents and Settings\Computer User\My Documents\Kalitara Web Page\BM03\moneycostume.jpg <-- 4kalitara /personal/BM03 moneycostume.jpg
2004.01.03 18:47 B C:\Documents and Settings\Computer User\My Documents\Kalitara Web Page\BM03\nakedchef.jpg <-- 4kalitara /personal/BM03 nakedchef.jpg
2004.01.03 18:47 B C:\Documents and Settings\Computer User\My Documents\Kalitara Web Page\BM03\nbrunch.html <-- 4kalitara /personal/BM03 nbrunch.html
2004.01.03 18:48 B C:\Documents and Settings\Computer User\My Documents\Kalitara Web Page\BM03\nbsign.jpg <-- 4kalitara /personal/BM03 nbsign.jpg
2004.01.03 18:48 B C:\Documents and Settings\Computer User\My Documents\Kalitara Web Page\BM03\nirvana.html <-- 4kalitara /personal/BM03 nirvana.html
2004.01.03 18:48 B C:\Documents and Settings\Computer User\My Documents\Kalitara Web Page\BM03\nirvana.jpg <-- 4kalitara /personal/BM03 nirvana.jpg
2004.01.03 18:48 B C:\Documents and Settings\Computer User\My Documents\Kalitara Web Page\BM03\photos.html <-- 4kalitara /personal/BM03 photos.html
2004.01.03 18:48 B C:\Documents and Settings\Computer User\My Documents\Kalitara Web Page\BM03\sbsign.jpg <-- 4kalitara /personal/BM03 sbsign.jpg
2004.01.03 18:48 B C:\Documents and Settings\Computer User\My Documents\Kalitara Web Page\BM03\technicolor.jpg <-- 4kalitara /personal/BM03 technicolor.jpg
2004.10.19 10:15 B K:\Kalitara\Kalitara's Documents\Kalitara Web Page\BM03\absinthe.html --> home.infostations.net /private/BM03 absinthe.html
2004.10.19 10:15 B K:\Kalitara\Kalitara's Documents\Kalitara Web Page\BM03\art.html --> home.infostations.net /private/BM03 art.html
2004.10.19 10:15 B K:\Kalitara\Kalitara's Documents\Kalitara Web Page\BM03\barcode.jpg --> home.infostations.net /private/BM03 barcode.jpg
2004.10.19 10:15 B K:\Kalitara\Kalitara's Documents\Kalitara Web Page\BM03\barcode2.jpg --> home.infostations.net /private/BM03 barcode2.jpg
2004.10.19 10:15 B K:\Kalitara\Kalitara's Documents\Kalitara Web Page\BM03\before.html --> home.infostations.net /private/BM03 before.html
2004.10.19 10:15 B K:\Kalitara\Kalitara's Documents\Kalitara Web Page\BM03\beyond.html --> home.infostations.net /private/BM03 beyond.html
2004.10.19 10:15 B K:\Kalitara\Kalitara's Documents\Kalitara Web Page\BM03\bmbg.jpg --> home.infostations.net /private/BM03 bmbg.jpg
2004.10.19 10:15 B K:\Kalitara\Kalitara's Documents\Kalitara Web Page\BM03\bmlogo.jpg --> home.infostations.net /private/BM03 bmlogo.jpg
2004.10.19 10:15 B K:\Kalitara\Kalitara's Documents\Kalitara Web Page\BM03\brgazette.jpg --> home.infostations.net /private/BM03 brgazette.jpg
2004.10.19 10:15 B K:\Kalitara\Kalitara's Documents\Kalitara Web Page\BM03\buggy.html --> home.infostations.net /private/BM03 buggy.html
2004.10.19 10:15 B K:\Kalitara\Kalitara's Documents\Kalitara Web Page\BM03\buggy.jpg --> home.infostations.net /private/BM03 buggy.jpg
2004.10.19 10:15 B K:\Kalitara\Kalitara's Documents\Kalitara Web Page\BM03\damntourists.jpg --> home.infostations.net /private/BM03 damntourists.jpg
2004.10.19 10:16 B K:\Kalitara\Kalitara's Documents\Kalitara Web Page\BM03\domemove1.jpg --> home.infostations.net /private/BM03 domemove1.jpg
2004.10.19 10:16 B K:\Kalitara\Kalitara's Documents\Kalitara Web Page\BM03\domemove2.jpg --> home.infostations.net /private/BM03 domemove2.jpg
2004.10.19 10:16 B K:\Kalitara\Kalitara's Documents\Kalitara Web Page\BM03\elixirbar-work.jpg --> home.infostations.net /private/BM03 elixirbar-work.jpg
2004.10.19 10:16 B K:\Kalitara\Kalitara's Documents\Kalitara Web Page\BM03\elixirbar.jpg --> home.infostations.net /private/BM03 elixirbar.jpg
2004.10.19 10:16 B K:\Kalitara\Kalitara's Documents\Kalitara Web Page\BM03\fountain.html --> home.infostations.net /private/BM03 fountain.html
2004.10.19 10:16 B K:\Kalitara\Kalitara's Documents\Kalitara Web Page\BM03\fountain1.jpg --> home.infostations.net /private/BM03 fountain1.jpg
2004.10.19 10:16 B K:\Kalitara\Kalitara's Documents\Kalitara Web Page\BM03\fountain2.jpg --> home.infostations.net /private/BM03 fountain2.jpg
2004.10.19 10:16 B K:\Kalitara\Kalitara's Documents\Kalitara Web Page\BM03\fountain3.jpg --> home.infostations.net /private/BM03 fountain3.jpg
2004.10.19 10:16 B K:\Kalitara\Kalitara's Documents\Kalitara Web Page\BM03\fountain4.jpg --> home.infostations.net /private/BM03 fountain4.jpg
2004.10.19 10:16 B K:\Kalitara\Kalitara's Documents\Kalitara Web Page\BM03\fountainfinished.jpg --> home.infostations.net /private/BM03 fountainfinished.jpg
2004.10.19 10:16 B K:\Kalitara\Kalitara's Documents\Kalitara Web Page\BM03\friends.html --> home.infostations.net /private/BM03 friends.html
2004.10.19 10:16 B K:\Kalitara\Kalitara's Documents\Kalitara Web Page\BM03\highlights.html --> home.infostations.net /private/BM03 highlights.html
2004.10.19 10:16 B K:\Kalitara\Kalitara's Documents\Kalitara Web Page\BM03\hush.jpg --> home.infostations.net /private/BM03 hush.jpg
2004.10.19 10:16 B K:\Kalitara\Kalitara's Documents\Kalitara Web Page\BM03\hushville.html --> home.infostations.net /private/BM03 hushville.html
2004.10.19 10:16 B K:\Kalitara\Kalitara's Documents\Kalitara Web Page\BM03\HVcocktail1.jpg --> home.infostations.net /private/BM03 HVcocktail1.jpg
2004.10.19 10:16 B K:\Kalitara\Kalitara's Documents\Kalitara Web Page\BM03\HVcocktail2.jpg --> home.infostations.net /private/BM03 HVcocktail2.jpg
2004.10.19 10:16 B K:\Kalitara\Kalitara's Documents\Kalitara Web Page\BM03\HVcocktail3.jpg --> home.infostations.net /private/BM03 HVcocktail3.jpg
2004.10.19 10:16 B K:\Kalitara\Kalitara's Documents\Kalitara Web Page\BM03\icons.html --> home.infostations.net /private/BM03 icons.html
2004.10.19 10:16 B K:\Kalitara\Kalitara's Documents\Kalitara Web Page\BM03\links.html --> home.infostations.net /private/BM03 links.html
2004.10.19 10:16 B K:\Kalitara\Kalitara's Documents\Kalitara Web Page\BM03\main.html --> home.infostations.net /private/BM03 main.html
2004.10.19 10:16 B K:\Kalitara\Kalitara's Documents\Kalitara Web Page\BM03\mefountain.jpg --> home.infostations.net /private/BM03 mefountain.jpg
2004.10.19 10:16 B K:\Kalitara\Kalitara's Documents\Kalitara Web Page\BM03\misc.html --> home.infostations.net /private/BM03 misc.html
2004.10.19 10:16 B K:\Kalitara\Kalitara's Documents\Kalitara Web Page\BM03\moneycostume.jpg --> home.infostations.net /private/BM03 moneycostume.jpg
2004.10.19 10:16 B K:\Kalitara\Kalitara's Documents\Kalitara Web Page\BM03\nakedchef.jpg --> home.infostations.net /private/BM03 nakedchef.jpg
2004.10.19 10:16 B K:\Kalitara\Kalitara's Documents\Kalitara Web Page\BM03\nbrunch.html --> home.infostations.net /private/BM03 nbrunch.html
2004.10.19 10:16 B K:\Kalitara\Kalitara's Documents\Kalitara Web Page\BM03\nbsign.jpg --> home.infostations.net /private/BM03 nbsign.jpg
2004.10.19 10:16 B K:\Kalitara\Kalitara's Documents\Kalitara Web Page\BM03\nirvana.html --> home.infostations.net /private/BM03 nirvana.html
2004.10.19 10:16 B K:\Kalitara\Kalitara's Documents\Kalitara Web Page\BM03\nirvana.jpg --> home.infostations.net /private/BM03 nirvana.jpg
2004.10.19 10:16 B K:\Kalitara\Kalitara's Documents\Kalitara Web Page\BM03\photos.html --> home.infostations.net /private/BM03 photos.html
2004.10.19 10:17 B K:\Kalitara\Kalitara's Documents\Kalitara Web Page\BM03\sbsign.jpg --> home.infostations.net /private/BM03 sbsign.jpg
2004.10.19 10:17 B K:\Kalitara\Kalitara's Documents\Kalitara Web Page\BM03\technicolor.jpg --> home.infostations.net /private/BM03 technicolor.jpg
2004.10.19 10:17 B K:\Kalitara\Kalitara's Documents\Kalitara Web Page\BM03\Thumbs.db --> home.infostations.net /private/BM03 Thumbs.db
2004.10.19 10:17 B K:\Kalitara\Kalitara's Documents\Kalitara Web Page\BM03\WS_FTP.LOG --> home.infostations.net /private/BM03 WS_FTP.LOG
