2004.05.29 18:22 B K:\Kalitara\Kalitara's Documents\Kalitara Web Page\Land\babybirds.jpg <-- 4Kali /personal/Land babybirds.jpg
2004.05.29 18:22 B K:\Kalitara\Kalitara's Documents\Kalitara Web Page\Land\bathhouse.jpg <-- 4Kali /personal/Land bathhouse.jpg
2004.05.29 18:22 B K:\Kalitara\Kalitara's Documents\Kalitara Web Page\Land\bathhouse2.jpg <-- 4Kali /personal/Land bathhouse2.jpg
2004.05.29 18:22 B K:\Kalitara\Kalitara's Documents\Kalitara Web Page\Land\bronte.jpg <-- 4Kali /personal/Land bronte.jpg
2004.05.29 18:22 B K:\Kalitara\Kalitara's Documents\Kalitara Web Page\Land\carfire.jpg <-- 4Kali /personal/Land carfire.jpg
2004.05.29 18:22 B K:\Kalitara\Kalitara's Documents\Kalitara Web Page\Land\eortreat.jpg <-- 4Kali /personal/Land eortreat.jpg
2004.05.29 18:22 B K:\Kalitara\Kalitara's Documents\Kalitara Web Page\Land\eorwork.jpg <-- 4Kali /personal/Land eorwork.jpg
2004.05.29 18:22 B K:\Kalitara\Kalitara's Documents\Kalitara Web Page\Land\eorwork2.jpg <-- 4Kali /personal/Land eorwork2.jpg
2004.05.29 18:22 B K:\Kalitara\Kalitara's Documents\Kalitara Web Page\Land\floor1.jpg <-- 4Kali /personal/Land floor1.jpg
2004.05.29 18:22 B K:\Kalitara\Kalitara's Documents\Kalitara Web Page\Land\floor2.jpg <-- 4Kali /personal/Land floor2.jpg
2004.05.29 18:22 B K:\Kalitara\Kalitara's Documents\Kalitara Web Page\Land\foundation.jpg <-- 4Kali /personal/Land foundation.jpg
2004.05.29 18:22 B K:\Kalitara\Kalitara's Documents\Kalitara Web Page\Land\foundation2.jpg <-- 4Kali /personal/Land foundation2.jpg
2004.05.29 18:22 B K:\Kalitara\Kalitara's Documents\Kalitara Web Page\Land\oreo.jpg <-- 4Kali /personal/Land oreo.jpg
2004.05.29 18:22 B K:\Kalitara\Kalitara's Documents\Kalitara Web Page\Land\queeneat.jpg <-- 4Kali /personal/Land queeneat.jpg
2004.05.29 18:22 B K:\Kalitara\Kalitara's Documents\Kalitara Web Page\Land\septic.jpg <-- 4Kali /personal/Land septic.jpg
2004.05.29 18:22 B K:\Kalitara\Kalitara's Documents\Kalitara Web Page\Land\shasta.jpg <-- 4Kali /personal/Land shasta.jpg
2004.05.29 18:22 B K:\Kalitara\Kalitara's Documents\Kalitara Web Page\Land\sunbeam.jpg <-- 4Kali /personal/Land sunbeam.jpg
2004.05.29 18:23 B K:\Kalitara\Kalitara's Documents\Kalitara Web Page\Land\tank.jpg <-- 4Kali /personal/Land tank.jpg
2004.05.29 18:23 B K:\Kalitara\Kalitara's Documents\Kalitara Web Page\Land\trailer.jpg <-- 4Kali /personal/Land trailer.jpg
2004.05.29 18:23 B K:\Kalitara\Kalitara's Documents\Kalitara Web Page\Land\trailer2.jpg <-- 4Kali /personal/Land trailer2.jpg
2004.10.19 12:26 B K:\Kalitara\Kalitara's Documents\Kalitara Web Page\Land\babybirds.jpg --> home.infostations.net /private/Land babybirds.jpg
2004.10.19 12:26 B K:\Kalitara\Kalitara's Documents\Kalitara Web Page\Land\bathhouse.jpg --> home.infostations.net /private/Land bathhouse.jpg
2004.10.19 12:26 B K:\Kalitara\Kalitara's Documents\Kalitara Web Page\Land\bathhouse2.jpg --> home.infostations.net /private/Land bathhouse2.jpg
2004.10.19 12:26 B K:\Kalitara\Kalitara's Documents\Kalitara Web Page\Land\bronte.jpg --> home.infostations.net /private/Land bronte.jpg
2004.10.19 12:26 B K:\Kalitara\Kalitara's Documents\Kalitara Web Page\Land\carfire.jpg --> home.infostations.net /private/Land carfire.jpg
2004.10.19 12:26 B K:\Kalitara\Kalitara's Documents\Kalitara Web Page\Land\eortreat.jpg --> home.infostations.net /private/Land eortreat.jpg
2004.10.19 12:26 B K:\Kalitara\Kalitara's Documents\Kalitara Web Page\Land\eorwork.jpg --> home.infostations.net /private/Land eorwork.jpg
2004.10.19 12:26 B K:\Kalitara\Kalitara's Documents\Kalitara Web Page\Land\eorwork2.jpg --> home.infostations.net /private/Land eorwork2.jpg
2004.10.19 12:26 B K:\Kalitara\Kalitara's Documents\Kalitara Web Page\Land\floor1.jpg --> home.infostations.net /private/Land floor1.jpg
2004.10.19 12:26 B K:\Kalitara\Kalitara's Documents\Kalitara Web Page\Land\floor2.jpg --> home.infostations.net /private/Land floor2.jpg
2004.10.19 12:26 B K:\Kalitara\Kalitara's Documents\Kalitara Web Page\Land\foundation.jpg --> home.infostations.net /private/Land foundation.jpg
2004.10.19 12:26 B K:\Kalitara\Kalitara's Documents\Kalitara Web Page\Land\foundation2.jpg --> home.infostations.net /private/Land foundation2.jpg
2004.10.19 12:26 B K:\Kalitara\Kalitara's Documents\Kalitara Web Page\Land\oreo.jpg --> home.infostations.net /private/Land oreo.jpg
2004.10.19 12:26 B K:\Kalitara\Kalitara's Documents\Kalitara Web Page\Land\queeneat.jpg --> home.infostations.net /private/Land queeneat.jpg
2004.10.19 12:26 B K:\Kalitara\Kalitara's Documents\Kalitara Web Page\Land\septic.jpg --> home.infostations.net /private/Land septic.jpg
2004.10.19 12:26 B K:\Kalitara\Kalitara's Documents\Kalitara Web Page\Land\shasta.jpg --> home.infostations.net /private/Land shasta.jpg
2004.10.19 12:26 B K:\Kalitara\Kalitara's Documents\Kalitara Web Page\Land\sunbeam.jpg --> home.infostations.net /private/Land sunbeam.jpg
2004.10.19 12:27 B K:\Kalitara\Kalitara's Documents\Kalitara Web Page\Land\tank.jpg --> home.infostations.net /private/Land tank.jpg
2004.10.19 12:27 B K:\Kalitara\Kalitara's Documents\Kalitara Web Page\Land\Thumbs.db --> home.infostations.net /private/Land Thumbs.db
2004.10.19 12:27 B K:\Kalitara\Kalitara's Documents\Kalitara Web Page\Land\trailer.jpg --> home.infostations.net /private/Land trailer.jpg
2004.10.19 12:27 B K:\Kalitara\Kalitara's Documents\Kalitara Web Page\Land\trailer2.jpg --> home.infostations.net /private/Land trailer2.jpg
2004.10.19 12:27 B K:\Kalitara\Kalitara's Documents\Kalitara Web Page\Land\WS_FTP.LOG --> home.infostations.net /private/Land WS_FTP.LOG
2005.11.04 08:29 B K:\Kalitara\Kalitara's Documents\Kalitara Web Page\Land\snow.jpg --> ftp.2xtreme.net /public_html/kt/Land snow.jpg
2005.11.04 08:29 B K:\Kalitara\Kalitara's Documents\Kalitara Web Page\Land\cuddledup.jpg --> ftp.2xtreme.net /public_html/kt/Land cuddledup.jpg
2005.11.04 08:29 B K:\Kalitara\Kalitara's Documents\Kalitara Web Page\Land\buddhasnow.jpg --> ftp.2xtreme.net /public_html/kt/Land buddhasnow.jpg
