2004.11.01 21:45 B K:\Kalitara\Kalitara's Documents\Kalitara Web Page\Hawaii\haw1.jpg --> home.infostations.net /private/Hawaii haw1.jpg
2004.11.01 21:45 B K:\Kalitara\Kalitara's Documents\Kalitara Web Page\Hawaii\haw10.jpg --> home.infostations.net /private/Hawaii haw10.jpg
2004.11.01 21:45 B K:\Kalitara\Kalitara's Documents\Kalitara Web Page\Hawaii\haw13.jpg --> home.infostations.net /private/Hawaii haw13.jpg
2004.11.01 21:45 B K:\Kalitara\Kalitara's Documents\Kalitara Web Page\Hawaii\haw14.jpg --> home.infostations.net /private/Hawaii haw14.jpg
2004.11.01 21:46 B K:\Kalitara\Kalitara's Documents\Kalitara Web Page\Hawaii\haw16.jpg --> home.infostations.net /private/Hawaii haw16.jpg
2004.11.01 21:46 B K:\Kalitara\Kalitara's Documents\Kalitara Web Page\Hawaii\haw2.jpg --> home.infostations.net /private/Hawaii haw2.jpg
2004.11.01 21:46 B K:\Kalitara\Kalitara's Documents\Kalitara Web Page\Hawaii\haw3.jpg --> home.infostations.net /private/Hawaii haw3.jpg
2004.11.01 21:46 B K:\Kalitara\Kalitara's Documents\Kalitara Web Page\Hawaii\haw34.jpg --> home.infostations.net /private/Hawaii haw34.jpg
2004.11.01 21:46 B K:\Kalitara\Kalitara's Documents\Kalitara Web Page\Hawaii\haw35.jpg --> home.infostations.net /private/Hawaii haw35.jpg
2004.11.01 21:46 B K:\Kalitara\Kalitara's Documents\Kalitara Web Page\Hawaii\haw36.jpg --> home.infostations.net /private/Hawaii haw36.jpg
2004.11.01 21:46 B K:\Kalitara\Kalitara's Documents\Kalitara Web Page\Hawaii\haw4.jpg --> home.infostations.net /private/Hawaii haw4.jpg
2004.11.01 21:46 B K:\Kalitara\Kalitara's Documents\Kalitara Web Page\Hawaii\haw7.jpg --> home.infostations.net /private/Hawaii haw7.jpg
2004.11.01 21:46 B K:\Kalitara\Kalitara's Documents\Kalitara Web Page\Hawaii\haw8.jpg --> home.infostations.net /private/Hawaii haw8.jpg
2004.11.01 21:46 B K:\Kalitara\Kalitara's Documents\Kalitara Web Page\Hawaii\haw9.jpg --> home.infostations.net /private/Hawaii haw9.jpg
2004.11.01 21:46 B K:\Kalitara\Kalitara's Documents\Kalitara Web Page\Hawaii\Thumbs.db --> home.infostations.net /private/Hawaii Thumbs.db
2004.11.06 07:48 B K:\Kalitara\Kalitara's Documents\Kalitara Web Page\Hawaii\haw1.jpg --> home.infostations.net /private/Hawaii haw1.jpg
2004.11.06 07:48 B K:\Kalitara\Kalitara's Documents\Kalitara Web Page\Hawaii\haw10.jpg --> home.infostations.net /private/Hawaii haw10.jpg
2004.11.06 07:48 B K:\Kalitara\Kalitara's Documents\Kalitara Web Page\Hawaii\haw10a.jpg --> home.infostations.net /private/Hawaii haw10a.jpg
2004.11.06 07:48 B K:\Kalitara\Kalitara's Documents\Kalitara Web Page\Hawaii\haw11.jpg --> home.infostations.net /private/Hawaii haw11.jpg
2004.11.06 07:48 B K:\Kalitara\Kalitara's Documents\Kalitara Web Page\Hawaii\haw11a.jpg --> home.infostations.net /private/Hawaii haw11a.jpg
2004.11.06 07:48 B K:\Kalitara\Kalitara's Documents\Kalitara Web Page\Hawaii\haw12.jpg --> home.infostations.net /private/Hawaii haw12.jpg
2004.11.06 07:48 B K:\Kalitara\Kalitara's Documents\Kalitara Web Page\Hawaii\haw12a.jpg --> home.infostations.net /private/Hawaii haw12a.jpg
2004.11.06 07:48 B K:\Kalitara\Kalitara's Documents\Kalitara Web Page\Hawaii\haw13.jpg --> home.infostations.net /private/Hawaii haw13.jpg
2004.11.06 07:48 B K:\Kalitara\Kalitara's Documents\Kalitara Web Page\Hawaii\haw13a.jpg --> home.infostations.net /private/Hawaii haw13a.jpg
2004.11.06 07:48 B K:\Kalitara\Kalitara's Documents\Kalitara Web Page\Hawaii\haw13b.jpg --> home.infostations.net /private/Hawaii haw13b.jpg
2004.11.06 07:48 B K:\Kalitara\Kalitara's Documents\Kalitara Web Page\Hawaii\haw14.jpg --> home.infostations.net /private/Hawaii haw14.jpg
2004.11.06 07:48 B K:\Kalitara\Kalitara's Documents\Kalitara Web Page\Hawaii\haw14a.jpg --> home.infostations.net /private/Hawaii haw14a.jpg
2004.11.06 07:48 B K:\Kalitara\Kalitara's Documents\Kalitara Web Page\Hawaii\haw14b.jpg --> home.infostations.net /private/Hawaii haw14b.jpg
2004.11.06 07:48 B K:\Kalitara\Kalitara's Documents\Kalitara Web Page\Hawaii\haw15.jpg --> home.infostations.net /private/Hawaii haw15.jpg
2004.11.06 07:48 B K:\Kalitara\Kalitara's Documents\Kalitara Web Page\Hawaii\haw15a.jpg --> home.infostations.net /private/Hawaii haw15a.jpg
2004.11.06 07:48 B K:\Kalitara\Kalitara's Documents\Kalitara Web Page\Hawaii\haw15b.jpg --> home.infostations.net /private/Hawaii haw15b.jpg
2004.11.06 07:48 B K:\Kalitara\Kalitara's Documents\Kalitara Web Page\Hawaii\haw16.jpg --> home.infostations.net /private/Hawaii haw16.jpg
2004.11.06 07:48 B K:\Kalitara\Kalitara's Documents\Kalitara Web Page\Hawaii\haw1a.jpg --> home.infostations.net /private/Hawaii haw1a.jpg
2004.11.06 07:48 B K:\Kalitara\Kalitara's Documents\Kalitara Web Page\Hawaii\haw1b.jpg --> home.infostations.net /private/Hawaii haw1b.jpg
2004.11.06 07:49 B K:\Kalitara\Kalitara's Documents\Kalitara Web Page\Hawaii\haw1c.jpg --> home.infostations.net /private/Hawaii haw1c.jpg
2004.11.06 07:49 B K:\Kalitara\Kalitara's Documents\Kalitara Web Page\Hawaii\haw2.jpg --> home.infostations.net /private/Hawaii haw2.jpg
2004.11.06 07:49 B K:\Kalitara\Kalitara's Documents\Kalitara Web Page\Hawaii\haw2a.jpg --> home.infostations.net /private/Hawaii haw2a.jpg
2004.11.06 07:49 B K:\Kalitara\Kalitara's Documents\Kalitara Web Page\Hawaii\haw2b.jpg --> home.infostations.net /private/Hawaii haw2b.jpg
2004.11.06 07:49 B K:\Kalitara\Kalitara's Documents\Kalitara Web Page\Hawaii\haw2c.jpg --> home.infostations.net /private/Hawaii haw2c.jpg
2004.11.06 07:49 B K:\Kalitara\Kalitara's Documents\Kalitara Web Page\Hawaii\haw3.jpg --> home.infostations.net /private/Hawaii haw3.jpg
2004.11.06 07:49 B K:\Kalitara\Kalitara's Documents\Kalitara Web Page\Hawaii\haw34.jpg --> home.infostations.net /private/Hawaii haw34.jpg
2004.11.06 07:49 B K:\Kalitara\Kalitara's Documents\Kalitara Web Page\Hawaii\haw35.jpg --> home.infostations.net /private/Hawaii haw35.jpg
2004.11.06 07:49 B K:\Kalitara\Kalitara's Documents\Kalitara Web Page\Hawaii\haw36.jpg --> home.infostations.net /private/Hawaii haw36.jpg
2004.11.06 07:49 B K:\Kalitara\Kalitara's Documents\Kalitara Web Page\Hawaii\haw3a.jpg --> home.infostations.net /private/Hawaii haw3a.jpg
2004.11.06 07:49 B K:\Kalitara\Kalitara's Documents\Kalitara Web Page\Hawaii\haw3b.jpg --> home.infostations.net /private/Hawaii haw3b.jpg
2004.11.06 07:49 B K:\Kalitara\Kalitara's Documents\Kalitara Web Page\Hawaii\haw3c.jpg --> home.infostations.net /private/Hawaii haw3c.jpg
2004.11.06 07:49 B K:\Kalitara\Kalitara's Documents\Kalitara Web Page\Hawaii\haw4.jpg --> home.infostations.net /private/Hawaii haw4.jpg
2004.11.06 07:49 B K:\Kalitara\Kalitara's Documents\Kalitara Web Page\Hawaii\haw4a.jpg --> home.infostations.net /private/Hawaii haw4a.jpg
2004.11.06 07:49 B K:\Kalitara\Kalitara's Documents\Kalitara Web Page\Hawaii\haw5.jpg --> home.infostations.net /private/Hawaii haw5.jpg
2004.11.06 07:49 B K:\Kalitara\Kalitara's Documents\Kalitara Web Page\Hawaii\haw5a.jpg --> home.infostations.net /private/Hawaii haw5a.jpg
2004.11.06 07:49 B K:\Kalitara\Kalitara's Documents\Kalitara Web Page\Hawaii\haw6.jpg --> home.infostations.net /private/Hawaii haw6.jpg
2004.11.06 07:49 B K:\Kalitara\Kalitara's Documents\Kalitara Web Page\Hawaii\haw6a.jpg --> home.infostations.net /private/Hawaii haw6a.jpg
2004.11.06 07:49 B K:\Kalitara\Kalitara's Documents\Kalitara Web Page\Hawaii\haw7.jpg --> home.infostations.net /private/Hawaii haw7.jpg
2004.11.06 07:49 B K:\Kalitara\Kalitara's Documents\Kalitara Web Page\Hawaii\haw8.jpg --> home.infostations.net /private/Hawaii haw8.jpg
2004.11.06 07:49 B K:\Kalitara\Kalitara's Documents\Kalitara Web Page\Hawaii\haw9.jpg --> home.infostations.net /private/Hawaii haw9.jpg
2004.11.07 22:52 B K:\Kalitara\Kalitara's Documents\Kalitara Web Page\Hawaii\haw16.jpg --> home.infostations.net /private/Hawaii haw16.jpg
2004.11.07 22:52 B K:\Kalitara\Kalitara's Documents\Kalitara Web Page\Hawaii\haw17.jpg --> home.infostations.net /private/Hawaii haw17.jpg
2004.11.07 22:52 B K:\Kalitara\Kalitara's Documents\Kalitara Web Page\Hawaii\haw18.jpg --> home.infostations.net /private/Hawaii haw18.jpg
2004.11.07 22:52 B K:\Kalitara\Kalitara's Documents\Kalitara Web Page\Hawaii\haw19.jpg --> home.infostations.net /private/Hawaii haw19.jpg
2004.11.07 22:52 B K:\Kalitara\Kalitara's Documents\Kalitara Web Page\Hawaii\haw20.jpg --> home.infostations.net /private/Hawaii haw20.jpg
2004.11.07 22:53 B K:\Kalitara\Kalitara's Documents\Kalitara Web Page\Hawaii\haw21.jpg --> home.infostations.net /private/Hawaii haw21.jpg
2004.11.07 22:53 B K:\Kalitara\Kalitara's Documents\Kalitara Web Page\Hawaii\haw22.jpg --> home.infostations.net /private/Hawaii haw22.jpg
2004.11.07 22:53 B K:\Kalitara\Kalitara's Documents\Kalitara Web Page\Hawaii\haw23.jpg --> home.infostations.net /private/Hawaii haw23.jpg
2004.11.07 22:53 B K:\Kalitara\Kalitara's Documents\Kalitara Web Page\Hawaii\haw24.jpg --> home.infostations.net /private/Hawaii haw24.jpg
2004.11.07 22:53 B K:\Kalitara\Kalitara's Documents\Kalitara Web Page\Hawaii\haw25.jpg --> home.infostations.net /private/Hawaii haw25.jpg
2004.11.07 22:53 B K:\Kalitara\Kalitara's Documents\Kalitara Web Page\Hawaii\haw26.jpg --> home.infostations.net /private/Hawaii haw26.jpg
2004.11.07 22:53 B K:\Kalitara\Kalitara's Documents\Kalitara Web Page\Hawaii\haw27.jpg --> home.infostations.net /private/Hawaii haw27.jpg
2004.11.07 22:53 B K:\Kalitara\Kalitara's Documents\Kalitara Web Page\Hawaii\haw28.jpg --> home.infostations.net /private/Hawaii haw28.jpg
2004.11.07 22:53 B K:\Kalitara\Kalitara's Documents\Kalitara Web Page\Hawaii\haw29.jpg --> home.infostations.net /private/Hawaii haw29.jpg
2004.11.07 22:53 B K:\Kalitara\Kalitara's Documents\Kalitara Web Page\Hawaii\haw30.jpg --> home.infostations.net /private/Hawaii haw30.jpg
2004.11.07 22:53 B K:\Kalitara\Kalitara's Documents\Kalitara Web Page\Hawaii\haw31.jpg --> home.infostations.net /private/Hawaii haw31.jpg
2004.11.07 22:53 B K:\Kalitara\Kalitara's Documents\Kalitara Web Page\Hawaii\haw32.jpg --> home.infostations.net /private/Hawaii haw32.jpg
2004.11.07 22:53 B K:\Kalitara\Kalitara's Documents\Kalitara Web Page\Hawaii\haw33.jpg --> home.infostations.net /private/Hawaii haw33.jpg
2004.11.07 22:53 B K:\Kalitara\Kalitara's Documents\Kalitara Web Page\Hawaii\haw34.jpg --> home.infostations.net /private/Hawaii haw34.jpg
2004.11.07 22:53 B K:\Kalitara\Kalitara's Documents\Kalitara Web Page\Hawaii\haw35.jpg --> home.infostations.net /private/Hawaii haw35.jpg
2004.11.07 22:53 B K:\Kalitara\Kalitara's Documents\Kalitara Web Page\Hawaii\haw36.jpg --> home.infostations.net /private/Hawaii haw36.jpg
2004.11.07 22:53 B K:\Kalitara\Kalitara's Documents\Kalitara Web Page\Hawaii\haw37.jpg --> home.infostations.net /private/Hawaii haw37.jpg
2004.11.07 22:53 B K:\Kalitara\Kalitara's Documents\Kalitara Web Page\Hawaii\haw38.jpg --> home.infostations.net /private/Hawaii haw38.jpg
2004.11.07 22:53 B K:\Kalitara\Kalitara's Documents\Kalitara Web Page\Hawaii\haw39.jpg --> home.infostations.net /private/Hawaii haw39.jpg
2004.11.07 22:53 B K:\Kalitara\Kalitara's Documents\Kalitara Web Page\Hawaii\haw40.jpg --> home.infostations.net /private/Hawaii haw40.jpg
2004.11.07 22:53 B K:\Kalitara\Kalitara's Documents\Kalitara Web Page\Hawaii\haw41.jpg --> home.infostations.net /private/Hawaii haw41.jpg
2004.11.07 22:53 B K:\Kalitara\Kalitara's Documents\Kalitara Web Page\Hawaii\haw42.jpg --> home.infostations.net /private/Hawaii haw42.jpg
2004.11.07 22:53 B K:\Kalitara\Kalitara's Documents\Kalitara Web Page\Hawaii\haw43.jpg --> home.infostations.net /private/Hawaii haw43.jpg
2004.11.07 22:53 B K:\Kalitara\Kalitara's Documents\Kalitara Web Page\Hawaii\haw44.jpg --> home.infostations.net /private/Hawaii haw44.jpg
2004.11.07 22:54 B K:\Kalitara\Kalitara's Documents\Kalitara Web Page\Hawaii\haw45.jpg --> home.infostations.net /private/Hawaii haw45.jpg
2005.02.07 12:40 B K:\Kalitara\Kalitara's Documents\Kalitara Web Page\Hawaii\haw1.jpg --> ftp.2xtreme.net /public_html/kt/Hawaii haw1.jpg
2005.02.07 12:40 B K:\Kalitara\Kalitara's Documents\Kalitara Web Page\Hawaii\haw10.jpg --> ftp.2xtreme.net /public_html/kt/Hawaii haw10.jpg
2005.02.07 12:41 B K:\Kalitara\Kalitara's Documents\Kalitara Web Page\Hawaii\haw10a.jpg --> ftp.2xtreme.net /public_html/kt/Hawaii haw10a.jpg
2005.02.07 12:41 B K:\Kalitara\Kalitara's Documents\Kalitara Web Page\Hawaii\haw11.jpg --> ftp.2xtreme.net /public_html/kt/Hawaii haw11.jpg
2005.02.07 12:42 B K:\Kalitara\Kalitara's Documents\Kalitara Web Page\Hawaii\haw11a.jpg --> ftp.2xtreme.net /public_html/kt/Hawaii haw11a.jpg
2005.02.07 12:42 B K:\Kalitara\Kalitara's Documents\Kalitara Web Page\Hawaii\haw12.jpg --> ftp.2xtreme.net /public_html/kt/Hawaii haw12.jpg
2005.02.07 12:43 B K:\Kalitara\Kalitara's Documents\Kalitara Web Page\Hawaii\haw12a.jpg --> ftp.2xtreme.net /public_html/kt/Hawaii haw12a.jpg
2005.02.07 12:43 B K:\Kalitara\Kalitara's Documents\Kalitara Web Page\Hawaii\haw13.jpg --> ftp.2xtreme.net /public_html/kt/Hawaii haw13.jpg
2005.02.07 12:43 B K:\Kalitara\Kalitara's Documents\Kalitara Web Page\Hawaii\haw13a.jpg --> ftp.2xtreme.net /public_html/kt/Hawaii haw13a.jpg
2005.02.07 12:44 B K:\Kalitara\Kalitara's Documents\Kalitara Web Page\Hawaii\haw13b.jpg --> ftp.2xtreme.net /public_html/kt/Hawaii haw13b.jpg
2005.02.07 12:44 B K:\Kalitara\Kalitara's Documents\Kalitara Web Page\Hawaii\haw14.jpg --> ftp.2xtreme.net /public_html/kt/Hawaii haw14.jpg
2005.02.07 12:45 B K:\Kalitara\Kalitara's Documents\Kalitara Web Page\Hawaii\haw14a.jpg --> ftp.2xtreme.net /public_html/kt/Hawaii haw14a.jpg
2005.02.07 12:45 B K:\Kalitara\Kalitara's Documents\Kalitara Web Page\Hawaii\haw14b.jpg --> ftp.2xtreme.net /public_html/kt/Hawaii haw14b.jpg
2005.02.07 12:46 B K:\Kalitara\Kalitara's Documents\Kalitara Web Page\Hawaii\haw15.jpg --> ftp.2xtreme.net /public_html/kt/Hawaii haw15.jpg
2005.02.07 12:46 B K:\Kalitara\Kalitara's Documents\Kalitara Web Page\Hawaii\haw15a.jpg --> ftp.2xtreme.net /public_html/kt/Hawaii haw15a.jpg
2005.02.07 12:47 B K:\Kalitara\Kalitara's Documents\Kalitara Web Page\Hawaii\haw15b.jpg --> ftp.2xtreme.net /public_html/kt/Hawaii haw15b.jpg
2005.02.07 12:47 B K:\Kalitara\Kalitara's Documents\Kalitara Web Page\Hawaii\haw16.jpg --> ftp.2xtreme.net /public_html/kt/Hawaii haw16.jpg
2005.02.07 12:48 B K:\Kalitara\Kalitara's Documents\Kalitara Web Page\Hawaii\haw17.jpg --> ftp.2xtreme.net /public_html/kt/Hawaii haw17.jpg
2005.02.07 12:48 B K:\Kalitara\Kalitara's Documents\Kalitara Web Page\Hawaii\haw18.jpg --> ftp.2xtreme.net /public_html/kt/Hawaii haw18.jpg
2005.02.07 12:48 B K:\Kalitara\Kalitara's Documents\Kalitara Web Page\Hawaii\haw19.jpg --> ftp.2xtreme.net /public_html/kt/Hawaii haw19.jpg
2005.02.07 12:49 B K:\Kalitara\Kalitara's Documents\Kalitara Web Page\Hawaii\haw1a.jpg --> ftp.2xtreme.net /public_html/kt/Hawaii haw1a.jpg
2005.02.07 12:49 B K:\Kalitara\Kalitara's Documents\Kalitara Web Page\Hawaii\haw1b.jpg --> ftp.2xtreme.net /public_html/kt/Hawaii haw1b.jpg
2005.02.07 12:50 B K:\Kalitara\Kalitara's Documents\Kalitara Web Page\Hawaii\haw1c.jpg --> ftp.2xtreme.net /public_html/kt/Hawaii haw1c.jpg
2005.02.07 12:50 B K:\Kalitara\Kalitara's Documents\Kalitara Web Page\Hawaii\haw2.jpg --> ftp.2xtreme.net /public_html/kt/Hawaii haw2.jpg
2005.02.07 12:50 B K:\Kalitara\Kalitara's Documents\Kalitara Web Page\Hawaii\haw20.jpg --> ftp.2xtreme.net /public_html/kt/Hawaii haw20.jpg
2005.02.07 12:51 B K:\Kalitara\Kalitara's Documents\Kalitara Web Page\Hawaii\haw21.jpg --> ftp.2xtreme.net /public_html/kt/Hawaii haw21.jpg
2005.02.07 12:51 B K:\Kalitara\Kalitara's Documents\Kalitara Web Page\Hawaii\haw22.jpg --> ftp.2xtreme.net /public_html/kt/Hawaii haw22.jpg
2005.02.07 12:52 B K:\Kalitara\Kalitara's Documents\Kalitara Web Page\Hawaii\haw23.jpg --> ftp.2xtreme.net /public_html/kt/Hawaii haw23.jpg
2005.02.07 12:52 B K:\Kalitara\Kalitara's Documents\Kalitara Web Page\Hawaii\haw24.jpg --> ftp.2xtreme.net /public_html/kt/Hawaii haw24.jpg
2005.02.07 12:53 B K:\Kalitara\Kalitara's Documents\Kalitara Web Page\Hawaii\haw25.jpg --> ftp.2xtreme.net /public_html/kt/Hawaii haw25.jpg
2005.02.07 12:53 B K:\Kalitara\Kalitara's Documents\Kalitara Web Page\Hawaii\haw26.jpg --> ftp.2xtreme.net /public_html/kt/Hawaii haw26.jpg
2005.02.07 12:54 B K:\Kalitara\Kalitara's Documents\Kalitara Web Page\Hawaii\haw27.jpg --> ftp.2xtreme.net /public_html/kt/Hawaii haw27.jpg
2005.02.07 12:54 B K:\Kalitara\Kalitara's Documents\Kalitara Web Page\Hawaii\haw28.jpg --> ftp.2xtreme.net /public_html/kt/Hawaii haw28.jpg
2005.02.07 12:54 B K:\Kalitara\Kalitara's Documents\Kalitara Web Page\Hawaii\haw29.jpg --> ftp.2xtreme.net /public_html/kt/Hawaii haw29.jpg
2005.02.07 12:55 B K:\Kalitara\Kalitara's Documents\Kalitara Web Page\Hawaii\haw2a.jpg --> ftp.2xtreme.net /public_html/kt/Hawaii haw2a.jpg
2005.02.07 12:55 B K:\Kalitara\Kalitara's Documents\Kalitara Web Page\Hawaii\haw2b.jpg --> ftp.2xtreme.net /public_html/kt/Hawaii haw2b.jpg
2005.02.07 12:56 B K:\Kalitara\Kalitara's Documents\Kalitara Web Page\Hawaii\haw2c.jpg --> ftp.2xtreme.net /public_html/kt/Hawaii haw2c.jpg
2005.02.07 12:56 B K:\Kalitara\Kalitara's Documents\Kalitara Web Page\Hawaii\haw3.jpg --> ftp.2xtreme.net /public_html/kt/Hawaii haw3.jpg
2005.02.07 12:56 B K:\Kalitara\Kalitara's Documents\Kalitara Web Page\Hawaii\haw30.jpg --> ftp.2xtreme.net /public_html/kt/Hawaii haw30.jpg
2005.02.07 12:57 B K:\Kalitara\Kalitara's Documents\Kalitara Web Page\Hawaii\haw31.jpg --> ftp.2xtreme.net /public_html/kt/Hawaii haw31.jpg
2005.02.07 12:57 B K:\Kalitara\Kalitara's Documents\Kalitara Web Page\Hawaii\haw32.jpg --> ftp.2xtreme.net /public_html/kt/Hawaii haw32.jpg
2005.02.07 12:58 B K:\Kalitara\Kalitara's Documents\Kalitara Web Page\Hawaii\haw33.jpg --> ftp.2xtreme.net /public_html/kt/Hawaii haw33.jpg
2005.02.07 12:58 B K:\Kalitara\Kalitara's Documents\Kalitara Web Page\Hawaii\haw34.jpg --> ftp.2xtreme.net /public_html/kt/Hawaii haw34.jpg
2005.02.07 12:58 B K:\Kalitara\Kalitara's Documents\Kalitara Web Page\Hawaii\haw35.jpg --> ftp.2xtreme.net /public_html/kt/Hawaii haw35.jpg
2005.02.07 12:59 B K:\Kalitara\Kalitara's Documents\Kalitara Web Page\Hawaii\haw36.jpg --> ftp.2xtreme.net /public_html/kt/Hawaii haw36.jpg
2005.02.07 12:59 B K:\Kalitara\Kalitara's Documents\Kalitara Web Page\Hawaii\haw37.jpg --> ftp.2xtreme.net /public_html/kt/Hawaii haw37.jpg
2005.02.07 13:00 B K:\Kalitara\Kalitara's Documents\Kalitara Web Page\Hawaii\haw38.jpg --> ftp.2xtreme.net /public_html/kt/Hawaii haw38.jpg
2005.02.07 13:00 B K:\Kalitara\Kalitara's Documents\Kalitara Web Page\Hawaii\haw39.jpg --> ftp.2xtreme.net /public_html/kt/Hawaii haw39.jpg
2005.02.07 13:01 B K:\Kalitara\Kalitara's Documents\Kalitara Web Page\Hawaii\haw3a.jpg --> ftp.2xtreme.net /public_html/kt/Hawaii haw3a.jpg
2005.02.07 13:01 B K:\Kalitara\Kalitara's Documents\Kalitara Web Page\Hawaii\haw3b.jpg --> ftp.2xtreme.net /public_html/kt/Hawaii haw3b.jpg
2005.02.07 13:01 B K:\Kalitara\Kalitara's Documents\Kalitara Web Page\Hawaii\haw3c.jpg --> ftp.2xtreme.net /public_html/kt/Hawaii haw3c.jpg
2005.02.07 13:02 B K:\Kalitara\Kalitara's Documents\Kalitara Web Page\Hawaii\haw4.jpg --> ftp.2xtreme.net /public_html/kt/Hawaii haw4.jpg
2005.02.07 13:02 B K:\Kalitara\Kalitara's Documents\Kalitara Web Page\Hawaii\haw40.jpg --> ftp.2xtreme.net /public_html/kt/Hawaii haw40.jpg
2005.02.07 13:03 B K:\Kalitara\Kalitara's Documents\Kalitara Web Page\Hawaii\haw41.jpg --> ftp.2xtreme.net /public_html/kt/Hawaii haw41.jpg
2005.02.07 13:03 B K:\Kalitara\Kalitara's Documents\Kalitara Web Page\Hawaii\haw42.jpg --> ftp.2xtreme.net /public_html/kt/Hawaii haw42.jpg
2005.02.07 13:03 B K:\Kalitara\Kalitara's Documents\Kalitara Web Page\Hawaii\haw43.jpg --> ftp.2xtreme.net /public_html/kt/Hawaii haw43.jpg
2005.02.07 13:04 B K:\Kalitara\Kalitara's Documents\Kalitara Web Page\Hawaii\haw44.jpg --> ftp.2xtreme.net /public_html/kt/Hawaii haw44.jpg
2005.02.07 13:04 B K:\Kalitara\Kalitara's Documents\Kalitara Web Page\Hawaii\haw45.jpg --> ftp.2xtreme.net /public_html/kt/Hawaii haw45.jpg
2005.02.07 13:05 B K:\Kalitara\Kalitara's Documents\Kalitara Web Page\Hawaii\haw4a.jpg --> ftp.2xtreme.net /public_html/kt/Hawaii haw4a.jpg
2005.02.07 13:05 B K:\Kalitara\Kalitara's Documents\Kalitara Web Page\Hawaii\haw5.jpg --> ftp.2xtreme.net /public_html/kt/Hawaii haw5.jpg
2005.02.07 13:06 B K:\Kalitara\Kalitara's Documents\Kalitara Web Page\Hawaii\haw5a.jpg --> ftp.2xtreme.net /public_html/kt/Hawaii haw5a.jpg
2005.02.07 13:06 B K:\Kalitara\Kalitara's Documents\Kalitara Web Page\Hawaii\haw6.jpg --> ftp.2xtreme.net /public_html/kt/Hawaii haw6.jpg
2005.02.07 13:06 B K:\Kalitara\Kalitara's Documents\Kalitara Web Page\Hawaii\haw6a.jpg --> ftp.2xtreme.net /public_html/kt/Hawaii haw6a.jpg
2005.02.07 13:07 B K:\Kalitara\Kalitara's Documents\Kalitara Web Page\Hawaii\haw7.jpg --> ftp.2xtreme.net /public_html/kt/Hawaii haw7.jpg
2005.02.07 13:07 B K:\Kalitara\Kalitara's Documents\Kalitara Web Page\Hawaii\haw8.jpg --> ftp.2xtreme.net /public_html/kt/Hawaii haw8.jpg
2005.02.07 13:08 B K:\Kalitara\Kalitara's Documents\Kalitara Web Page\Hawaii\haw9.jpg --> ftp.2xtreme.net /public_html/kt/Hawaii haw9.jpg
2005.02.07 13:09 B K:\Kalitara\Kalitara's Documents\Kalitara Web Page\Hawaii\Thumbs.db --> ftp.2xtreme.net /public_html/kt/Hawaii Thumbs.db
2005.02.07 13:09 B K:\Kalitara\Kalitara's Documents\Kalitara Web Page\Hawaii\WS_FTP.LOG --> ftp.2xtreme.net /public_html/kt/Hawaii WS_FTP.LOG
