2003.11.02 11:30 B C:\Documents and Settings\Computer User\My Documents\Kalitara Web Page\BG\autumn.gif <-- 4kalitara /personal/BG autumn.gif
2003.11.02 11:30 B C:\Documents and Settings\Computer User\My Documents\Kalitara Web Page\BG\christmas.gif <-- 4kalitara /personal/BG christmas.gif
2003.11.02 11:30 B C:\Documents and Settings\Computer User\My Documents\Kalitara Web Page\BG\davinci.jpg <-- 4kalitara /personal/BG davinci.jpg
2003.11.02 11:30 B C:\Documents and Settings\Computer User\My Documents\Kalitara Web Page\BG\halloween.gif <-- 4kalitara /personal/BG halloween.gif
2003.11.02 11:30 B C:\Documents and Settings\Computer User\My Documents\Kalitara Web Page\BG\harrybg.jpg <-- 4kalitara /personal/BG harrybg.jpg
2003.11.02 11:30 B C:\Documents and Settings\Computer User\My Documents\Kalitara Web Page\BG\leaves.gif <-- 4kalitara /personal/BG leaves.gif
2003.11.02 11:30 B C:\Documents and Settings\Computer User\My Documents\Kalitara Web Page\BG\lights.gif <-- 4kalitara /personal/BG lights.gif
2003.11.02 11:31 B C:\Documents and Settings\Computer User\My Documents\Kalitara Web Page\BG\marble2c.gif <-- 4kalitara /personal/BG marble2c.gif
2003.11.02 11:31 B C:\Documents and Settings\Computer User\My Documents\Kalitara Web Page\BG\rosebackground.jpg <-- 4kalitara /personal/BG rosebackground.jpg
2003.11.02 11:31 B C:\Documents and Settings\Computer User\My Documents\Kalitara Web Page\BG\sun.jpg <-- 4kalitara /personal/BG sun.jpg
2003.11.02 11:31 B C:\Documents and Settings\Computer User\My Documents\Kalitara Web Page\BG\sun1.jpg <-- 4kalitara /personal/BG sun1.jpg
2003.11.02 11:31 B C:\Documents and Settings\Computer User\My Documents\Kalitara Web Page\BG\witch.gif <-- 4kalitara /personal/BG witch.gif
2003.11.02 11:31 B C:\Documents and Settings\Computer User\My Documents\Kalitara Web Page\BG\wreath.gif <-- 4kalitara /personal/BG wreath.gif
2004.10.19 10:09 B K:\Kalitara\Kalitara's Documents\Kalitara Web Page\BG\autumn.gif --> home.infostations.net /private/BG autumn.gif
2004.10.19 10:09 B K:\Kalitara\Kalitara's Documents\Kalitara Web Page\BG\christmas.gif --> home.infostations.net /private/BG christmas.gif
2004.10.19 10:09 B K:\Kalitara\Kalitara's Documents\Kalitara Web Page\BG\davinci.jpg --> home.infostations.net /private/BG davinci.jpg
2004.10.19 10:09 B K:\Kalitara\Kalitara's Documents\Kalitara Web Page\BG\halloween.gif --> home.infostations.net /private/BG halloween.gif
2004.10.19 10:09 B K:\Kalitara\Kalitara's Documents\Kalitara Web Page\BG\harrybg.jpg --> home.infostations.net /private/BG harrybg.jpg
2004.10.19 10:09 B K:\Kalitara\Kalitara's Documents\Kalitara Web Page\BG\leaves.gif --> home.infostations.net /private/BG leaves.gif
2004.10.19 10:09 B K:\Kalitara\Kalitara's Documents\Kalitara Web Page\BG\lights.gif --> home.infostations.net /private/BG lights.gif
2004.10.19 10:09 B K:\Kalitara\Kalitara's Documents\Kalitara Web Page\BG\marble2c.gif --> home.infostations.net /private/BG marble2c.gif
2004.10.19 10:09 B K:\Kalitara\Kalitara's Documents\Kalitara Web Page\BG\rosebackground.jpg --> home.infostations.net /private/BG rosebackground.jpg
2004.10.19 10:09 B K:\Kalitara\Kalitara's Documents\Kalitara Web Page\BG\sun.jpg --> home.infostations.net /private/BG sun.jpg
2004.10.19 10:10 B K:\Kalitara\Kalitara's Documents\Kalitara Web Page\BG\sun1.jpg --> home.infostations.net /private/BG sun1.jpg
2004.10.19 10:10 B K:\Kalitara\Kalitara's Documents\Kalitara Web Page\BG\Thumbs.db --> home.infostations.net /private/BG Thumbs.db
2004.10.19 10:10 B K:\Kalitara\Kalitara's Documents\Kalitara Web Page\BG\witch.gif --> home.infostations.net /private/BG witch.gif
2004.10.19 10:10 B K:\Kalitara\Kalitara's Documents\Kalitara Web Page\BG\wreath.gif --> home.infostations.net /private/BG wreath.gif
2004.10.19 10:10 B K:\Kalitara\Kalitara's Documents\Kalitara Web Page\BG\WS_FTP.LOG --> home.infostations.net /private/BG WS_FTP.LOG
